2020-12-02 09:36:01.749 [INFO ] org.springframework.context.support.PostProcessorRegistrationDelegate$BeanPostProcessorChecker - Bean 'org.springframework.cloud.autoconfigure.ConfigurationPropertiesRebinderAutoConfiguration' of type [org.springframework.cloud.autoconfigure.ConfigurationPropertiesRebinderAutoConfiguration] is not eligible for getting processed by all BeanPostProcessors (for example: not eligible for auto-proxying)
2020-12-02 09:36:03.926 [INFO ] com.lmh.dormitoryService.DormitoryApplication - The following profiles are active: dev
2020-12-02 09:36:05.694 [INFO ] org.springframework.data.repository.config.RepositoryConfigurationDelegate - Multiple Spring Data modules found, entering strict repository configuration mode!
2020-12-02 09:36:05.711 [INFO ] org.springframework.data.repository.config.RepositoryConfigurationDelegate - Bootstrapping Spring Data repositories in DEFAULT mode.
2020-12-02 09:36:05.772 [INFO ] org.springframework.data.repository.config.RepositoryConfigurationDelegate - Finished Spring Data repository scanning in 23ms. Found 0 repository interfaces.
2020-12-02 09:36:06.090 [INFO ] org.springframework.cloud.context.scope.GenericScope - BeanFactory id=397e74ee-dee5-3c32-9e49-270a1a71a901
2020-12-02 09:36:06.317 [INFO ] org.springframework.context.support.PostProcessorRegistrationDelegate$BeanPostProcessorChecker - Bean 'org.springframework.transaction.annotation.ProxyTransactionManagementConfiguration' of type [org.springframework.transaction.annotation.ProxyTransactionManagementConfiguration] is not eligible for getting processed by all BeanPostProcessors (for example: not eligible for auto-proxying)
2020-12-02 09:36:06.372 [INFO ] org.springframework.context.support.PostProcessorRegistrationDelegate$BeanPostProcessorChecker - Bean 'org.springframework.cloud.autoconfigure.ConfigurationPropertiesRebinderAutoConfiguration' of type [org.springframework.cloud.autoconfigure.ConfigurationPropertiesRebinderAutoConfiguration] is not eligible for getting processed by all BeanPostProcessors (for example: not eligible for auto-proxying)
2020-12-02 09:36:06.882 [INFO ] org.springframework.boot.web.embedded.tomcat.TomcatWebServer - Tomcat initialized with port(s): 8004 (http)
2020-12-02 09:36:06.899 [INFO ] org.apache.coyote.http11.Http11NioProtocol - Initializing ProtocolHandler ["http-nio-8004"]
2020-12-02 09:36:06.900 [INFO ] org.apache.catalina.core.StandardService - Starting service [Tomcat]
2020-12-02 09:36:06.900 [INFO ] org.apache.catalina.core.StandardEngine - Starting Servlet engine: [Apache Tomcat/9.0.27]
2020-12-02 09:36:07.196 [INFO ] org.apache.catalina.core.ContainerBase.[Tomcat].[localhost].[/] - Initializing Spring embedded WebApplicationContext
2020-12-02 09:36:07.567 [INFO ] com.zaxxer.hikari.HikariDataSource - HikariPool-1 - Starting...
2020-12-02 09:36:08.733 [INFO ] com.zaxxer.hikari.HikariDataSource - HikariPool-1 - Start completed.
2020-12-02 09:36:09.967 [INFO ] springfox.documentation.spring.web.PropertySourcedRequestMappingHandlerMapping - Mapped URL path [/v2/api-docs] onto method [springfox.documentation.swagger2.web.Swagger2Controller#getDocumentation(String, HttpServletRequest)]
2020-12-02 09:36:09.987 [INFO ] com.netflix.config.sources.URLConfigurationSource - To enable URLs as dynamic configuration sources, define System property archaius.configurationSource.additionalUrls or make config.properties available on classpath.
2020-12-02 09:36:10.012 [INFO ] com.netflix.config.sources.URLConfigurationSource - To enable URLs as dynamic configuration sources, define System property archaius.configurationSource.additionalUrls or make config.properties available on classpath.
2020-12-02 09:36:10.147 [INFO ] org.springframework.scheduling.concurrent.ThreadPoolTaskExecutor - Initializing ExecutorService 'applicationTaskExecutor'
2020-12-02 09:36:13.106 [INFO ] org.springframework.cloud.commons.util.InetUtils - Cannot determine local hostname
2020-12-02 09:36:13.259 [INFO ] org.springframework.scheduling.concurrent.ThreadPoolTaskScheduler - Initializing ExecutorService
2020-12-02 09:36:15.132 [INFO ] org.springframework.cloud.commons.util.InetUtils - Cannot determine local hostname
2020-12-02 09:36:17.039 [INFO ] org.springframework.cloud.commons.util.InetUtils - Cannot determine local hostname
2020-12-02 09:36:17.346 [INFO ] springfox.documentation.spring.web.plugins.DocumentationPluginsBootstrapper - Context refreshed
2020-12-02 09:36:17.443 [INFO ] springfox.documentation.spring.web.plugins.DocumentationPluginsBootstrapper - Found 1 custom documentation plugin(s)
2020-12-02 09:36:17.502 [INFO ] springfox.documentation.spring.web.scanners.ApiListingReferenceScanner - Scanning for api listing references
2020-12-02 09:36:17.734 [INFO ] org.apache.coyote.http11.Http11NioProtocol - Starting ProtocolHandler ["http-nio-8004"]
2020-12-02 09:36:17.761 [INFO ] org.springframework.boot.web.embedded.tomcat.TomcatWebServer - Tomcat started on port(s): 8004 (http) with context path ''
2020-12-02 09:36:21.786 [INFO ] org.springframework.cloud.commons.util.InetUtils - Cannot determine local hostname
2020-12-02 09:36:21.788 [INFO ] com.lmh.dormitoryService.DormitoryApplication - Started DormitoryApplication in 23.565 seconds (JVM running for 27.181)
2020-12-02 09:38:08.261 [INFO ] org.springframework.context.support.PostProcessorRegistrationDelegate$BeanPostProcessorChecker - Bean 'org.springframework.cloud.autoconfigure.ConfigurationPropertiesRebinderAutoConfiguration' of type [org.springframework.cloud.autoconfigure.ConfigurationPropertiesRebinderAutoConfiguration] is not eligible for getting processed by all BeanPostProcessors (for example: not eligible for auto-proxying)
2020-12-02 09:38:10.307 [INFO ] com.lmh.dormitoryService.DormitoryApplication - The following profiles are active: dev
2020-12-02 09:38:11.036 [INFO ] org.springframework.data.repository.config.RepositoryConfigurationDelegate - Multiple Spring Data modules found, entering strict repository configuration mode!
2020-12-02 09:38:11.038 [INFO ] org.springframework.data.repository.config.RepositoryConfigurationDelegate - Bootstrapping Spring Data repositories in DEFAULT mode.
2020-12-02 09:38:11.058 [INFO ] org.springframework.data.repository.config.RepositoryConfigurationDelegate - Finished Spring Data repository scanning in 10ms. Found 0 repository interfaces.
2020-12-02 09:38:11.289 [INFO ] org.springframework.cloud.context.scope.GenericScope - BeanFactory id=397e74ee-dee5-3c32-9e49-270a1a71a901
2020-12-02 09:38:11.387 [INFO ] org.springframework.context.support.PostProcessorRegistrationDelegate$BeanPostProcessorChecker - Bean 'org.springframework.transaction.annotation.ProxyTransactionManagementConfiguration' of type [org.springframework.transaction.annotation.ProxyTransactionManagementConfiguration] is not eligible for getting processed by all BeanPostProcessors (for example: not eligible for auto-proxying)
2020-12-02 09:38:11.437 [INFO ] org.springframework.context.support.PostProcessorRegistrationDelegate$BeanPostProcessorChecker - Bean 'org.springframework.cloud.autoconfigure.ConfigurationPropertiesRebinderAutoConfiguration' of type [org.springframework.cloud.autoconfigure.ConfigurationPropertiesRebinderAutoConfiguration] is not eligible for getting processed by all BeanPostProcessors (for example: not eligible for auto-proxying)
2020-12-02 09:38:11.660 [INFO ] org.springframework.boot.web.embedded.tomcat.TomcatWebServer - Tomcat initialized with port(s): 8004 (http)
2020-12-02 09:38:11.672 [INFO ] org.apache.coyote.http11.Http11NioProtocol - Initializing ProtocolHandler ["http-nio-8004"]
2020-12-02 09:38:11.673 [INFO ] org.apache.catalina.core.StandardService - Starting service [Tomcat]
2020-12-02 09:38:11.673 [INFO ] org.apache.catalina.core.StandardEngine - Starting Servlet engine: [Apache Tomcat/9.0.27]
2020-12-02 09:38:11.817 [INFO ] org.apache.catalina.core.ContainerBase.[Tomcat].[localhost].[/] - Initializing Spring embedded WebApplicationContext
2020-12-02 09:38:12.068 [INFO ] com.zaxxer.hikari.HikariDataSource - HikariPool-1 - Starting...
2020-12-02 09:38:12.751 [INFO ] com.zaxxer.hikari.HikariDataSource - HikariPool-1 - Start completed.
2020-12-02 09:38:13.327 [INFO ] springfox.documentation.spring.web.PropertySourcedRequestMappingHandlerMapping - Mapped URL path [/v2/api-docs] onto method [springfox.documentation.swagger2.web.Swagger2Controller#getDocumentation(String, HttpServletRequest)]
2020-12-02 09:38:13.344 [INFO ] com.netflix.config.sources.URLConfigurationSource - To enable URLs as dynamic configuration sources, define System property archaius.configurationSource.additionalUrls or make config.properties available on classpath.
2020-12-02 09:38:13.348 [INFO ] com.netflix.config.sources.URLConfigurationSource - To enable URLs as dynamic configuration sources, define System property archaius.configurationSource.additionalUrls or make config.properties available on classpath.
2020-12-02 09:38:13.434 [INFO ] org.springframework.scheduling.concurrent.ThreadPoolTaskExecutor - Initializing ExecutorService 'applicationTaskExecutor'
2020-12-02 09:38:15.823 [INFO ] org.springframework.cloud.commons.util.InetUtils - Cannot determine local hostname
2020-12-02 09:38:15.860 [INFO ] org.springframework.scheduling.concurrent.ThreadPoolTaskScheduler - Initializing ExecutorService
2020-12-02 09:38:17.704 [INFO ] org.springframework.cloud.commons.util.InetUtils - Cannot determine local hostname
2020-12-02 09:38:19.546 [INFO ] org.springframework.cloud.commons.util.InetUtils - Cannot determine local hostname
2020-12-02 09:38:19.632 [INFO ] springfox.documentation.spring.web.plugins.DocumentationPluginsBootstrapper - Context refreshed
2020-12-02 09:38:19.650 [INFO ] springfox.documentation.spring.web.plugins.DocumentationPluginsBootstrapper - Found 1 custom documentation plugin(s)
2020-12-02 09:38:19.683 [INFO ] springfox.documentation.spring.web.scanners.ApiListingReferenceScanner - Scanning for api listing references
2020-12-02 09:38:19.835 [INFO ] org.apache.coyote.http11.Http11NioProtocol - Starting ProtocolHandler ["http-nio-8004"]
2020-12-02 09:38:19.856 [INFO ] org.springframework.boot.web.embedded.tomcat.TomcatWebServer - Tomcat started on port(s): 8004 (http) with context path ''
2020-12-02 09:38:19.983 [INFO ] org.springframework.cloud.alibaba.nacos.registry.NacosServiceRegistry - nacos registry, service-dormitory 192.168.56.1:8004 register finished
2020-12-02 09:38:21.824 [INFO ] org.springframework.cloud.commons.util.InetUtils - Cannot determine local hostname
2020-12-02 09:38:21.828 [INFO ] com.lmh.dormitoryService.DormitoryApplication - Started DormitoryApplication in 16.278 seconds (JVM running for 17.754)
2020-12-02 09:38:41.593 [INFO ] org.springframework.context.support.PostProcessorRegistrationDelegate$BeanPostProcessorChecker - Bean 'org.springframework.cloud.autoconfigure.ConfigurationPropertiesRebinderAutoConfiguration' of type [org.springframework.cloud.autoconfigure.ConfigurationPropertiesRebinderAutoConfiguration] is not eligible for getting processed by all BeanPostProcessors (for example: not eligible for auto-proxying)
2020-12-02 09:38:44.187 [INFO ] com.lmh.manageService.ManageApplication - The following profiles are active: dev
2020-12-02 09:38:45.036 [INFO ] org.springframework.data.repository.config.RepositoryConfigurationDelegate - Multiple Spring Data modules found, entering strict repository configuration mode!
2020-12-02 09:38:45.037 [INFO ] org.springframework.data.repository.config.RepositoryConfigurationDelegate - Bootstrapping Spring Data repositories in DEFAULT mode.
2020-12-02 09:38:45.057 [INFO ] org.springframework.data.repository.config.RepositoryConfigurationDelegate - Finished Spring Data repository scanning in 9ms. Found 0 repository interfaces.
2020-12-02 09:38:45.269 [INFO ] org.springframework.cloud.context.scope.GenericScope - BeanFactory id=f937393f-6d17-3722-a46d-bf5b137c8646
2020-12-02 09:38:45.357 [INFO ] org.springframework.context.support.PostProcessorRegistrationDelegate$BeanPostProcessorChecker - Bean 'org.springframework.transaction.annotation.ProxyTransactionManagementConfiguration' of type [org.springframework.transaction.annotation.ProxyTransactionManagementConfiguration] is not eligible for getting processed by all BeanPostProcessors (for example: not eligible for auto-proxying)
2020-12-02 09:38:45.390 [INFO ] org.springframework.context.support.PostProcessorRegistrationDelegate$BeanPostProcessorChecker - Bean 'org.springframework.cloud.autoconfigure.ConfigurationPropertiesRebinderAutoConfiguration' of type [org.springframework.cloud.autoconfigure.ConfigurationPropertiesRebinderAutoConfiguration] is not eligible for getting processed by all BeanPostProcessors (for example: not eligible for auto-proxying)
2020-12-02 09:38:45.624 [INFO ] org.springframework.boot.web.embedded.tomcat.TomcatWebServer - Tomcat initialized with port(s): 8002 (http)
2020-12-02 09:38:45.633 [INFO ] org.apache.coyote.http11.Http11NioProtocol - Initializing ProtocolHandler ["http-nio-8002"]
2020-12-02 09:38:45.633 [INFO ] org.apache.catalina.core.StandardService - Starting service [Tomcat]
2020-12-02 09:38:45.633 [INFO ] org.apache.catalina.core.StandardEngine - Starting Servlet engine: [Apache Tomcat/9.0.27]
2020-12-02 09:38:45.775 [INFO ] org.apache.catalina.core.ContainerBase.[Tomcat].[localhost].[/] - Initializing Spring embedded WebApplicationContext
2020-12-02 09:38:46.013 [INFO ] com.zaxxer.hikari.HikariDataSource - HikariPool-1 - Starting...
2020-12-02 09:38:46.968 [INFO ] com.zaxxer.hikari.HikariDataSource - HikariPool-1 - Start completed.
2020-12-02 09:38:47.513 [INFO ] springfox.documentation.spring.web.PropertySourcedRequestMappingHandlerMapping - Mapped URL path [/v2/api-docs] onto method [springfox.documentation.swagger2.web.Swagger2Controller#getDocumentation(String, HttpServletRequest)]
2020-12-02 09:38:47.532 [INFO ] com.netflix.config.sources.URLConfigurationSource - To enable URLs as dynamic configuration sources, define System property archaius.configurationSource.additionalUrls or make config.properties available on classpath.
2020-12-02 09:38:47.537 [INFO ] com.netflix.config.sources.URLConfigurationSource - To enable URLs as dynamic configuration sources, define System property archaius.configurationSource.additionalUrls or make config.properties available on classpath.
2020-12-02 09:38:47.633 [INFO ] org.springframework.scheduling.concurrent.ThreadPoolTaskExecutor - Initializing ExecutorService 'applicationTaskExecutor'
2020-12-02 09:38:50.594 [INFO ] org.springframework.cloud.commons.util.InetUtils - Cannot determine local hostname
2020-12-02 09:38:50.631 [INFO ] org.springframework.scheduling.concurrent.ThreadPoolTaskScheduler - Initializing ExecutorService
2020-12-02 09:38:52.967 [INFO ] org.springframework.cloud.commons.util.InetUtils - Cannot determine local hostname
2020-12-02 09:38:55.263 [INFO ] org.springframework.cloud.commons.util.InetUtils - Cannot determine local hostname
2020-12-02 09:38:55.369 [INFO ] springfox.documentation.spring.web.plugins.DocumentationPluginsBootstrapper - Context refreshed
2020-12-02 09:38:55.392 [INFO ] springfox.documentation.spring.web.plugins.DocumentationPluginsBootstrapper - Found 1 custom documentation plugin(s)
2020-12-02 09:38:55.437 [INFO ] springfox.documentation.spring.web.scanners.ApiListingReferenceScanner - Scanning for api listing references
2020-12-02 09:38:55.659 [INFO ] org.apache.coyote.http11.Http11NioProtocol - Starting ProtocolHandler ["http-nio-8002"]
2020-12-02 09:38:55.683 [INFO ] org.springframework.boot.web.embedded.tomcat.TomcatWebServer - Tomcat started on port(s): 8002 (http) with context path ''
2020-12-02 09:38:55.698 [INFO ] org.springframework.cloud.alibaba.nacos.registry.NacosServiceRegistry - nacos registry, service-manage 192.168.56.1:8002 register finished
2020-12-02 09:38:58.035 [INFO ] org.springframework.cloud.commons.util.InetUtils - Cannot determine local hostname
2020-12-02 09:38:58.037 [INFO ] com.lmh.manageService.ManageApplication - Started ManageApplication in 19.997 seconds (JVM running for 21.816)
2020-12-02 09:39:18.973 [INFO ] org.apache.catalina.core.ContainerBase.[Tomcat].[localhost].[/] - Initializing Spring DispatcherServlet 'dispatcherServlet'
2020-12-02 09:39:45.305 [INFO ] com.netflix.config.ChainedDynamicProperty - Flipping property: service-manage.ribbon.ActiveConnectionsLimit to use NEXT property: niws.loadbalancer.availabilityFilteringRule.activeConnectionsLimit = 2147483647
2020-12-02 09:39:45.317 [INFO ] com.netflix.loadbalancer.BaseLoadBalancer - Client: service-manage instantiated a LoadBalancer: DynamicServerListLoadBalancer:{NFLoadBalancer:name=service-manage,current list of Servers=[],Load balancer stats=Zone stats: {},Server stats: []}ServerList:null
2020-12-02 09:39:45.335 [INFO ] com.netflix.loadbalancer.DynamicServerListLoadBalancer - Using serverListUpdater PollingServerListUpdater
2020-12-02 09:39:45.374 [INFO ] com.netflix.config.ChainedDynamicProperty - Flipping property: service-manage.ribbon.ActiveConnectionsLimit to use NEXT property: niws.loadbalancer.availabilityFilteringRule.activeConnectionsLimit = 2147483647
2020-12-02 09:39:45.376 [INFO ] com.netflix.loadbalancer.DynamicServerListLoadBalancer - DynamicServerListLoadBalancer for client service-manage initialized: DynamicServerListLoadBalancer:{NFLoadBalancer:name=service-manage,current list of Servers=[192.168.56.1:8002],Load balancer stats=Zone stats: {unknown=[Zone:unknown;	Instance count:1;	Active connections count: 0;	Circuit breaker tripped count: 0;	Active connections per server: 0.0;]
},Server stats: [[Server:192.168.56.1:8002;	Zone:UNKNOWN;	Total Requests:0;	Successive connection failure:0;	Total blackout seconds:0;	Last connection made:Thu Jan 01 08:00:00 CST 1970;	First connection made: Thu Jan 01 08:00:00 CST 1970;	Active Connections:0;	total failure count in last (1000) msecs:0;	average resp time:0.0;	90 percentile resp time:0.0;	95 percentile resp time:0.0;	min resp time:0.0;	max resp time:0.0;	stddev resp time:0.0]
]}ServerList:org.springframework.cloud.alibaba.nacos.ribbon.NacosServerList@604e5b82
2020-12-02 09:39:45.489 [INFO ] org.apache.catalina.core.ContainerBase.[Tomcat].[localhost].[/] - Initializing Spring DispatcherServlet 'dispatcherServlet'
2020-12-02 09:39:46.367 [INFO ] com.netflix.config.ChainedDynamicProperty - Flipping property: service-manage.ribbon.ActiveConnectionsLimit to use NEXT property: niws.loadbalancer.availabilityFilteringRule.activeConnectionsLimit = 2147483647
2020-12-02 13:46:37.020 [INFO ] org.springframework.context.support.PostProcessorRegistrationDelegate$BeanPostProcessorChecker - Bean 'org.springframework.cloud.autoconfigure.ConfigurationPropertiesRebinderAutoConfiguration' of type [org.springframework.cloud.autoconfigure.ConfigurationPropertiesRebinderAutoConfiguration] is not eligible for getting processed by all BeanPostProcessors (for example: not eligible for auto-proxying)
2020-12-02 13:46:39.438 [INFO ] com.lmh.dormitoryService.DormitoryApplication - The following profiles are active: dev
2020-12-02 13:46:41.030 [INFO ] org.springframework.data.repository.config.RepositoryConfigurationDelegate - Multiple Spring Data modules found, entering strict repository configuration mode!
2020-12-02 13:46:41.051 [INFO ] org.springframework.data.repository.config.RepositoryConfigurationDelegate - Bootstrapping Spring Data repositories in DEFAULT mode.
2020-12-02 13:46:41.103 [INFO ] org.springframework.data.repository.config.RepositoryConfigurationDelegate - Finished Spring Data repository scanning in 15ms. Found 0 repository interfaces.
2020-12-02 13:46:41.425 [INFO ] org.springframework.cloud.context.scope.GenericScope - BeanFactory id=397e74ee-dee5-3c32-9e49-270a1a71a901
2020-12-02 13:46:41.591 [INFO ] org.springframework.context.support.PostProcessorRegistrationDelegate$BeanPostProcessorChecker - Bean 'org.springframework.transaction.annotation.ProxyTransactionManagementConfiguration' of type [org.springframework.transaction.annotation.ProxyTransactionManagementConfiguration] is not eligible for getting processed by all BeanPostProcessors (for example: not eligible for auto-proxying)
2020-12-02 13:46:41.647 [INFO ] org.springframework.context.support.PostProcessorRegistrationDelegate$BeanPostProcessorChecker - Bean 'org.springframework.cloud.autoconfigure.ConfigurationPropertiesRebinderAutoConfiguration' of type [org.springframework.cloud.autoconfigure.ConfigurationPropertiesRebinderAutoConfiguration] is not eligible for getting processed by all BeanPostProcessors (for example: not eligible for auto-proxying)
2020-12-02 13:46:42.013 [INFO ] org.springframework.boot.web.embedded.tomcat.TomcatWebServer - Tomcat initialized with port(s): 8004 (http)
2020-12-02 13:46:42.023 [INFO ] org.apache.coyote.http11.Http11NioProtocol - Initializing ProtocolHandler ["http-nio-8004"]
2020-12-02 13:46:42.023 [INFO ] org.apache.catalina.core.StandardService - Starting service [Tomcat]
2020-12-02 13:46:42.024 [INFO ] org.apache.catalina.core.StandardEngine - Starting Servlet engine: [Apache Tomcat/9.0.27]
2020-12-02 13:46:42.207 [INFO ] org.apache.catalina.core.ContainerBase.[Tomcat].[localhost].[/] - Initializing Spring embedded WebApplicationContext
2020-12-02 13:46:42.527 [INFO ] com.zaxxer.hikari.HikariDataSource - HikariPool-1 - Starting...
2020-12-02 13:46:43.772 [INFO ] com.zaxxer.hikari.HikariDataSource - HikariPool-1 - Start completed.
2020-12-02 13:46:44.748 [INFO ] springfox.documentation.spring.web.PropertySourcedRequestMappingHandlerMapping - Mapped URL path [/v2/api-docs] onto method [springfox.documentation.swagger2.web.Swagger2Controller#getDocumentation(String, HttpServletRequest)]
2020-12-02 13:46:44.767 [INFO ] com.netflix.config.sources.URLConfigurationSource - To enable URLs as dynamic configuration sources, define System property archaius.configurationSource.additionalUrls or make config.properties available on classpath.
2020-12-02 13:46:44.781 [INFO ] com.netflix.config.sources.URLConfigurationSource - To enable URLs as dynamic configuration sources, define System property archaius.configurationSource.additionalUrls or make config.properties available on classpath.
2020-12-02 13:46:44.924 [INFO ] org.springframework.scheduling.concurrent.ThreadPoolTaskExecutor - Initializing ExecutorService 'applicationTaskExecutor'
2020-12-02 13:46:47.882 [INFO ] org.springframework.cloud.commons.util.InetUtils - Cannot determine local hostname
2020-12-02 13:46:48.469 [INFO ] org.springframework.scheduling.concurrent.ThreadPoolTaskScheduler - Initializing ExecutorService
2020-12-02 13:46:50.369 [INFO ] org.springframework.cloud.commons.util.InetUtils - Cannot determine local hostname
2020-12-02 13:46:52.293 [INFO ] org.springframework.cloud.commons.util.InetUtils - Cannot determine local hostname
2020-12-02 13:46:52.821 [INFO ] springfox.documentation.spring.web.plugins.DocumentationPluginsBootstrapper - Context refreshed
2020-12-02 13:46:52.917 [INFO ] springfox.documentation.spring.web.plugins.DocumentationPluginsBootstrapper - Found 1 custom documentation plugin(s)
2020-12-02 13:46:52.982 [INFO ] springfox.documentation.spring.web.scanners.ApiListingReferenceScanner - Scanning for api listing references
2020-12-02 13:46:53.172 [INFO ] org.apache.coyote.http11.Http11NioProtocol - Starting ProtocolHandler ["http-nio-8004"]
2020-12-02 13:46:53.196 [INFO ] org.springframework.boot.web.embedded.tomcat.TomcatWebServer - Tomcat started on port(s): 8004 (http) with context path ''
2020-12-02 13:46:53.216 [INFO ] org.springframework.cloud.alibaba.nacos.registry.NacosServiceRegistry - nacos registry, service-dormitory 192.168.56.1:8004 register finished
2020-12-02 13:46:55.079 [INFO ] org.springframework.cloud.commons.util.InetUtils - Cannot determine local hostname
2020-12-02 13:46:55.081 [INFO ] com.lmh.dormitoryService.DormitoryApplication - Started DormitoryApplication in 21.571 seconds (JVM running for 23.577)
2020-12-02 13:48:02.123 [INFO ] org.springframework.context.support.PostProcessorRegistrationDelegate$BeanPostProcessorChecker - Bean 'org.springframework.cloud.autoconfigure.ConfigurationPropertiesRebinderAutoConfiguration' of type [org.springframework.cloud.autoconfigure.ConfigurationPropertiesRebinderAutoConfiguration] is not eligible for getting processed by all BeanPostProcessors (for example: not eligible for auto-proxying)
2020-12-02 13:48:04.447 [INFO ] com.lmh.manageService.ManageApplication - The following profiles are active: dev
2020-12-02 13:48:05.376 [INFO ] org.springframework.data.repository.config.RepositoryConfigurationDelegate - Multiple Spring Data modules found, entering strict repository configuration mode!
2020-12-02 13:48:05.378 [INFO ] org.springframework.data.repository.config.RepositoryConfigurationDelegate - Bootstrapping Spring Data repositories in DEFAULT mode.
2020-12-02 13:48:05.406 [INFO ] org.springframework.data.repository.config.RepositoryConfigurationDelegate - Finished Spring Data repository scanning in 10ms. Found 0 repository interfaces.
2020-12-02 13:48:05.710 [INFO ] org.springframework.cloud.context.scope.GenericScope - BeanFactory id=f937393f-6d17-3722-a46d-bf5b137c8646
2020-12-02 13:48:05.822 [INFO ] org.springframework.context.support.PostProcessorRegistrationDelegate$BeanPostProcessorChecker - Bean 'org.springframework.transaction.annotation.ProxyTransactionManagementConfiguration' of type [org.springframework.transaction.annotation.ProxyTransactionManagementConfiguration] is not eligible for getting processed by all BeanPostProcessors (for example: not eligible for auto-proxying)
2020-12-02 13:48:05.864 [INFO ] org.springframework.context.support.PostProcessorRegistrationDelegate$BeanPostProcessorChecker - Bean 'org.springframework.cloud.autoconfigure.ConfigurationPropertiesRebinderAutoConfiguration' of type [org.springframework.cloud.autoconfigure.ConfigurationPropertiesRebinderAutoConfiguration] is not eligible for getting processed by all BeanPostProcessors (for example: not eligible for auto-proxying)
2020-12-02 13:48:06.085 [INFO ] org.springframework.boot.web.embedded.tomcat.TomcatWebServer - Tomcat initialized with port(s): 8002 (http)
2020-12-02 13:48:06.094 [INFO ] org.apache.coyote.http11.Http11NioProtocol - Initializing ProtocolHandler ["http-nio-8002"]
2020-12-02 13:48:06.095 [INFO ] org.apache.catalina.core.StandardService - Starting service [Tomcat]
2020-12-02 13:48:06.095 [INFO ] org.apache.catalina.core.StandardEngine - Starting Servlet engine: [Apache Tomcat/9.0.27]
2020-12-02 13:48:06.241 [INFO ] org.apache.catalina.core.ContainerBase.[Tomcat].[localhost].[/] - Initializing Spring embedded WebApplicationContext
2020-12-02 13:48:06.505 [INFO ] com.zaxxer.hikari.HikariDataSource - HikariPool-1 - Starting...
2020-12-02 13:48:07.215 [INFO ] com.zaxxer.hikari.HikariDataSource - HikariPool-1 - Start completed.
2020-12-02 13:48:07.823 [INFO ] springfox.documentation.spring.web.PropertySourcedRequestMappingHandlerMapping - Mapped URL path [/v2/api-docs] onto method [springfox.documentation.swagger2.web.Swagger2Controller#getDocumentation(String, HttpServletRequest)]
2020-12-02 13:48:07.846 [INFO ] com.netflix.config.sources.URLConfigurationSource - To enable URLs as dynamic configuration sources, define System property archaius.configurationSource.additionalUrls or make config.properties available on classpath.
2020-12-02 13:48:07.852 [INFO ] com.netflix.config.sources.URLConfigurationSource - To enable URLs as dynamic configuration sources, define System property archaius.configurationSource.additionalUrls or make config.properties available on classpath.
2020-12-02 13:48:07.993 [INFO ] org.springframework.scheduling.concurrent.ThreadPoolTaskExecutor - Initializing ExecutorService 'applicationTaskExecutor'
2020-12-02 13:48:10.385 [INFO ] org.springframework.cloud.commons.util.InetUtils - Cannot determine local hostname
2020-12-02 13:48:10.427 [INFO ] org.springframework.scheduling.concurrent.ThreadPoolTaskScheduler - Initializing ExecutorService
2020-12-02 13:48:12.302 [INFO ] org.springframework.cloud.commons.util.InetUtils - Cannot determine local hostname
2020-12-02 13:48:14.224 [INFO ] org.springframework.cloud.commons.util.InetUtils - Cannot determine local hostname
2020-12-02 13:48:14.322 [INFO ] springfox.documentation.spring.web.plugins.DocumentationPluginsBootstrapper - Context refreshed
2020-12-02 13:48:14.342 [INFO ] springfox.documentation.spring.web.plugins.DocumentationPluginsBootstrapper - Found 1 custom documentation plugin(s)
2020-12-02 13:48:14.380 [INFO ] springfox.documentation.spring.web.scanners.ApiListingReferenceScanner - Scanning for api listing references
2020-12-02 13:48:14.552 [INFO ] org.apache.coyote.http11.Http11NioProtocol - Starting ProtocolHandler ["http-nio-8002"]
2020-12-02 13:48:14.575 [INFO ] org.springframework.boot.web.embedded.tomcat.TomcatWebServer - Tomcat started on port(s): 8002 (http) with context path ''
2020-12-02 13:48:14.586 [INFO ] org.springframework.cloud.alibaba.nacos.registry.NacosServiceRegistry - nacos registry, service-manage 192.168.56.1:8002 register finished
2020-12-02 13:48:16.467 [INFO ] org.springframework.cloud.commons.util.InetUtils - Cannot determine local hostname
2020-12-02 13:48:16.469 [INFO ] com.lmh.manageService.ManageApplication - Started ManageApplication in 17.22 seconds (JVM running for 18.965)
2020-12-02 14:02:19.382 [INFO ] org.springframework.context.support.PostProcessorRegistrationDelegate$BeanPostProcessorChecker - Bean 'org.springframework.cloud.autoconfigure.ConfigurationPropertiesRebinderAutoConfiguration' of type [org.springframework.cloud.autoconfigure.ConfigurationPropertiesRebinderAutoConfiguration] is not eligible for getting processed by all BeanPostProcessors (for example: not eligible for auto-proxying)
2020-12-02 14:02:21.512 [INFO ] com.lmh.manageService.ManageApplication - The following profiles are active: dev
2020-12-02 14:02:22.625 [INFO ] org.springframework.data.repository.config.RepositoryConfigurationDelegate - Multiple Spring Data modules found, entering strict repository configuration mode!
2020-12-02 14:02:22.627 [INFO ] org.springframework.data.repository.config.RepositoryConfigurationDelegate - Bootstrapping Spring Data repositories in DEFAULT mode.
2020-12-02 14:02:22.647 [INFO ] org.springframework.data.repository.config.RepositoryConfigurationDelegate - Finished Spring Data repository scanning in 9ms. Found 0 repository interfaces.
2020-12-02 14:02:22.857 [INFO ] org.springframework.cloud.context.scope.GenericScope - BeanFactory id=f937393f-6d17-3722-a46d-bf5b137c8646
2020-12-02 14:02:22.950 [INFO ] org.springframework.context.support.PostProcessorRegistrationDelegate$BeanPostProcessorChecker - Bean 'org.springframework.transaction.annotation.ProxyTransactionManagementConfiguration' of type [org.springframework.transaction.annotation.ProxyTransactionManagementConfiguration] is not eligible for getting processed by all BeanPostProcessors (for example: not eligible for auto-proxying)
2020-12-02 14:02:22.984 [INFO ] org.springframework.context.support.PostProcessorRegistrationDelegate$BeanPostProcessorChecker - Bean 'org.springframework.cloud.autoconfigure.ConfigurationPropertiesRebinderAutoConfiguration' of type [org.springframework.cloud.autoconfigure.ConfigurationPropertiesRebinderAutoConfiguration] is not eligible for getting processed by all BeanPostProcessors (for example: not eligible for auto-proxying)
2020-12-02 14:02:23.219 [INFO ] org.springframework.boot.web.embedded.tomcat.TomcatWebServer - Tomcat initialized with port(s): 8002 (http)
2020-12-02 14:02:23.228 [INFO ] org.apache.coyote.http11.Http11NioProtocol - Initializing ProtocolHandler ["http-nio-8002"]
2020-12-02 14:02:23.228 [INFO ] org.apache.catalina.core.StandardService - Starting service [Tomcat]
2020-12-02 14:02:23.228 [INFO ] org.apache.catalina.core.StandardEngine - Starting Servlet engine: [Apache Tomcat/9.0.27]
2020-12-02 14:02:23.366 [INFO ] org.apache.catalina.core.ContainerBase.[Tomcat].[localhost].[/] - Initializing Spring embedded WebApplicationContext
2020-12-02 14:02:23.620 [INFO ] com.zaxxer.hikari.HikariDataSource - HikariPool-1 - Starting...
2020-12-02 14:02:24.301 [INFO ] com.zaxxer.hikari.HikariDataSource - HikariPool-1 - Start completed.
2020-12-02 14:02:24.778 [INFO ] springfox.documentation.spring.web.PropertySourcedRequestMappingHandlerMapping - Mapped URL path [/v2/api-docs] onto method [springfox.documentation.swagger2.web.Swagger2Controller#getDocumentation(String, HttpServletRequest)]
2020-12-02 14:02:24.797 [INFO ] com.netflix.config.sources.URLConfigurationSource - To enable URLs as dynamic configuration sources, define System property archaius.configurationSource.additionalUrls or make config.properties available on classpath.
2020-12-02 14:02:24.801 [INFO ] com.netflix.config.sources.URLConfigurationSource - To enable URLs as dynamic configuration sources, define System property archaius.configurationSource.additionalUrls or make config.properties available on classpath.
2020-12-02 14:02:24.905 [INFO ] org.springframework.scheduling.concurrent.ThreadPoolTaskExecutor - Initializing ExecutorService 'applicationTaskExecutor'
2020-12-02 14:02:27.259 [INFO ] org.springframework.cloud.commons.util.InetUtils - Cannot determine local hostname
2020-12-02 14:02:27.298 [INFO ] org.springframework.scheduling.concurrent.ThreadPoolTaskScheduler - Initializing ExecutorService
2020-12-02 14:02:29.205 [INFO ] org.springframework.cloud.commons.util.InetUtils - Cannot determine local hostname
2020-12-02 14:02:31.041 [INFO ] org.springframework.cloud.commons.util.InetUtils - Cannot determine local hostname
2020-12-02 14:02:31.135 [INFO ] springfox.documentation.spring.web.plugins.DocumentationPluginsBootstrapper - Context refreshed
2020-12-02 14:02:31.155 [INFO ] springfox.documentation.spring.web.plugins.DocumentationPluginsBootstrapper - Found 1 custom documentation plugin(s)
2020-12-02 14:02:31.191 [INFO ] springfox.documentation.spring.web.scanners.ApiListingReferenceScanner - Scanning for api listing references
2020-12-02 14:02:31.351 [INFO ] org.apache.coyote.http11.Http11NioProtocol - Starting ProtocolHandler ["http-nio-8002"]
2020-12-02 14:02:31.370 [INFO ] org.springframework.boot.web.embedded.tomcat.TomcatWebServer - Tomcat started on port(s): 8002 (http) with context path ''
2020-12-02 14:02:31.380 [INFO ] org.springframework.cloud.alibaba.nacos.registry.NacosServiceRegistry - nacos registry, service-manage 192.168.56.1:8002 register finished
2020-12-02 14:02:33.313 [INFO ] org.springframework.cloud.commons.util.InetUtils - Cannot determine local hostname
2020-12-02 14:02:33.314 [INFO ] com.lmh.manageService.ManageApplication - Started ManageApplication in 16.744 seconds (JVM running for 18.375)
2020-12-02 14:02:48.494 [INFO ] org.springframework.context.support.PostProcessorRegistrationDelegate$BeanPostProcessorChecker - Bean 'org.springframework.cloud.autoconfigure.ConfigurationPropertiesRebinderAutoConfiguration' of type [org.springframework.cloud.autoconfigure.ConfigurationPropertiesRebinderAutoConfiguration] is not eligible for getting processed by all BeanPostProcessors (for example: not eligible for auto-proxying)
2020-12-02 14:02:50.595 [INFO ] com.lmh.dormitoryService.DormitoryApplication - The following profiles are active: dev
2020-12-02 14:02:51.566 [INFO ] org.springframework.data.repository.config.RepositoryConfigurationDelegate - Multiple Spring Data modules found, entering strict repository configuration mode!
2020-12-02 14:02:51.568 [INFO ] org.springframework.data.repository.config.RepositoryConfigurationDelegate - Bootstrapping Spring Data repositories in DEFAULT mode.
2020-12-02 14:02:51.590 [INFO ] org.springframework.data.repository.config.RepositoryConfigurationDelegate - Finished Spring Data repository scanning in 10ms. Found 0 repository interfaces.
2020-12-02 14:02:51.812 [INFO ] org.springframework.cloud.context.scope.GenericScope - BeanFactory id=397e74ee-dee5-3c32-9e49-270a1a71a901
2020-12-02 14:02:51.905 [INFO ] org.springframework.context.support.PostProcessorRegistrationDelegate$BeanPostProcessorChecker - Bean 'org.springframework.transaction.annotation.ProxyTransactionManagementConfiguration' of type [org.springframework.transaction.annotation.ProxyTransactionManagementConfiguration] is not eligible for getting processed by all BeanPostProcessors (for example: not eligible for auto-proxying)
2020-12-02 14:02:51.947 [INFO ] org.springframework.context.support.PostProcessorRegistrationDelegate$BeanPostProcessorChecker - Bean 'org.springframework.cloud.autoconfigure.ConfigurationPropertiesRebinderAutoConfiguration' of type [org.springframework.cloud.autoconfigure.ConfigurationPropertiesRebinderAutoConfiguration] is not eligible for getting processed by all BeanPostProcessors (for example: not eligible for auto-proxying)
2020-12-02 14:02:52.155 [INFO ] org.springframework.boot.web.embedded.tomcat.TomcatWebServer - Tomcat initialized with port(s): 8004 (http)
2020-12-02 14:02:52.164 [INFO ] org.apache.coyote.http11.Http11NioProtocol - Initializing ProtocolHandler ["http-nio-8004"]
2020-12-02 14:02:52.164 [INFO ] org.apache.catalina.core.StandardService - Starting service [Tomcat]
2020-12-02 14:02:52.164 [INFO ] org.apache.catalina.core.StandardEngine - Starting Servlet engine: [Apache Tomcat/9.0.27]
2020-12-02 14:02:52.306 [INFO ] org.apache.catalina.core.ContainerBase.[Tomcat].[localhost].[/] - Initializing Spring embedded WebApplicationContext
2020-12-02 14:02:52.558 [INFO ] com.zaxxer.hikari.HikariDataSource - HikariPool-1 - Starting...
2020-12-02 14:02:53.233 [INFO ] com.zaxxer.hikari.HikariDataSource - HikariPool-1 - Start completed.
2020-12-02 14:02:53.839 [INFO ] springfox.documentation.spring.web.PropertySourcedRequestMappingHandlerMapping - Mapped URL path [/v2/api-docs] onto method [springfox.documentation.swagger2.web.Swagger2Controller#getDocumentation(String, HttpServletRequest)]
2020-12-02 14:02:53.863 [INFO ] com.netflix.config.sources.URLConfigurationSource - To enable URLs as dynamic configuration sources, define System property archaius.configurationSource.additionalUrls or make config.properties available on classpath.
2020-12-02 14:02:53.868 [INFO ] com.netflix.config.sources.URLConfigurationSource - To enable URLs as dynamic configuration sources, define System property archaius.configurationSource.additionalUrls or make config.properties available on classpath.
2020-12-02 14:02:53.983 [INFO ] org.springframework.scheduling.concurrent.ThreadPoolTaskExecutor - Initializing ExecutorService 'applicationTaskExecutor'
2020-12-02 14:02:56.368 [INFO ] org.springframework.cloud.commons.util.InetUtils - Cannot determine local hostname
2020-12-02 14:02:56.404 [INFO ] org.springframework.scheduling.concurrent.ThreadPoolTaskScheduler - Initializing ExecutorService
2020-12-02 14:02:58.257 [INFO ] org.springframework.cloud.commons.util.InetUtils - Cannot determine local hostname
2020-12-02 14:03:00.085 [INFO ] org.springframework.cloud.commons.util.InetUtils - Cannot determine local hostname
2020-12-02 14:03:00.203 [INFO ] springfox.documentation.spring.web.plugins.DocumentationPluginsBootstrapper - Context refreshed
2020-12-02 14:03:00.228 [INFO ] springfox.documentation.spring.web.plugins.DocumentationPluginsBootstrapper - Found 1 custom documentation plugin(s)
2020-12-02 14:03:00.275 [INFO ] springfox.documentation.spring.web.scanners.ApiListingReferenceScanner - Scanning for api listing references
2020-12-02 14:03:00.518 [INFO ] org.apache.coyote.http11.Http11NioProtocol - Starting ProtocolHandler ["http-nio-8004"]
2020-12-02 14:03:00.543 [INFO ] org.springframework.boot.web.embedded.tomcat.TomcatWebServer - Tomcat started on port(s): 8004 (http) with context path ''
2020-12-02 14:03:00.553 [INFO ] org.springframework.cloud.alibaba.nacos.registry.NacosServiceRegistry - nacos registry, service-dormitory 192.168.56.1:8004 register finished
2020-12-02 14:03:02.423 [INFO ] org.springframework.cloud.commons.util.InetUtils - Cannot determine local hostname
2020-12-02 14:03:02.425 [INFO ] com.lmh.dormitoryService.DormitoryApplication - Started DormitoryApplication in 16.773 seconds (JVM running for 18.122)
2020-12-02 14:12:52.483 [INFO ] org.springframework.context.support.PostProcessorRegistrationDelegate$BeanPostProcessorChecker - Bean 'org.springframework.cloud.autoconfigure.ConfigurationPropertiesRebinderAutoConfiguration' of type [org.springframework.cloud.autoconfigure.ConfigurationPropertiesRebinderAutoConfiguration] is not eligible for getting processed by all BeanPostProcessors (for example: not eligible for auto-proxying)
2020-12-02 14:12:54.669 [INFO ] com.lmh.dormitoryService.DormitoryApplication - The following profiles are active: dev
2020-12-02 14:12:55.868 [INFO ] org.springframework.data.repository.config.RepositoryConfigurationDelegate - Multiple Spring Data modules found, entering strict repository configuration mode!
2020-12-02 14:12:55.870 [INFO ] org.springframework.data.repository.config.RepositoryConfigurationDelegate - Bootstrapping Spring Data repositories in DEFAULT mode.
2020-12-02 14:12:55.893 [INFO ] org.springframework.data.repository.config.RepositoryConfigurationDelegate - Finished Spring Data repository scanning in 10ms. Found 0 repository interfaces.
2020-12-02 14:12:56.121 [INFO ] org.springframework.cloud.context.scope.GenericScope - BeanFactory id=397e74ee-dee5-3c32-9e49-270a1a71a901
2020-12-02 14:12:56.216 [INFO ] org.springframework.context.support.PostProcessorRegistrationDelegate$BeanPostProcessorChecker - Bean 'org.springframework.transaction.annotation.ProxyTransactionManagementConfiguration' of type [org.springframework.transaction.annotation.ProxyTransactionManagementConfiguration] is not eligible for getting processed by all BeanPostProcessors (for example: not eligible for auto-proxying)
2020-12-02 14:12:56.252 [INFO ] org.springframework.context.support.PostProcessorRegistrationDelegate$BeanPostProcessorChecker - Bean 'org.springframework.cloud.autoconfigure.ConfigurationPropertiesRebinderAutoConfiguration' of type [org.springframework.cloud.autoconfigure.ConfigurationPropertiesRebinderAutoConfiguration] is not eligible for getting processed by all BeanPostProcessors (for example: not eligible for auto-proxying)
2020-12-02 14:12:56.493 [INFO ] org.springframework.boot.web.embedded.tomcat.TomcatWebServer - Tomcat initialized with port(s): 8004 (http)
2020-12-02 14:12:56.503 [INFO ] org.apache.coyote.http11.Http11NioProtocol - Initializing ProtocolHandler ["http-nio-8004"]
2020-12-02 14:12:56.504 [INFO ] org.apache.catalina.core.StandardService - Starting service [Tomcat]
2020-12-02 14:12:56.505 [INFO ] org.apache.catalina.core.StandardEngine - Starting Servlet engine: [Apache Tomcat/9.0.27]
2020-12-02 14:12:56.683 [INFO ] org.apache.catalina.core.ContainerBase.[Tomcat].[localhost].[/] - Initializing Spring embedded WebApplicationContext
2020-12-02 14:12:56.993 [INFO ] com.zaxxer.hikari.HikariDataSource - HikariPool-1 - Starting...
2020-12-02 14:12:57.723 [INFO ] com.zaxxer.hikari.HikariDataSource - HikariPool-1 - Start completed.
2020-12-02 14:12:58.510 [INFO ] springfox.documentation.spring.web.PropertySourcedRequestMappingHandlerMapping - Mapped URL path [/v2/api-docs] onto method [springfox.documentation.swagger2.web.Swagger2Controller#getDocumentation(String, HttpServletRequest)]
2020-12-02 14:12:58.531 [INFO ] com.netflix.config.sources.URLConfigurationSource - To enable URLs as dynamic configuration sources, define System property archaius.configurationSource.additionalUrls or make config.properties available on classpath.
2020-12-02 14:12:58.536 [INFO ] com.netflix.config.sources.URLConfigurationSource - To enable URLs as dynamic configuration sources, define System property archaius.configurationSource.additionalUrls or make config.properties available on classpath.
2020-12-02 14:12:58.650 [INFO ] org.springframework.scheduling.concurrent.ThreadPoolTaskExecutor - Initializing ExecutorService 'applicationTaskExecutor'
2020-12-02 14:13:01.037 [INFO ] org.springframework.cloud.commons.util.InetUtils - Cannot determine local hostname
2020-12-02 14:13:01.078 [INFO ] org.springframework.scheduling.concurrent.ThreadPoolTaskScheduler - Initializing ExecutorService
2020-12-02 14:13:02.999 [INFO ] org.springframework.cloud.commons.util.InetUtils - Cannot determine local hostname
2020-12-02 14:13:04.896 [INFO ] org.springframework.cloud.commons.util.InetUtils - Cannot determine local hostname
2020-12-02 14:13:05.012 [INFO ] springfox.documentation.spring.web.plugins.DocumentationPluginsBootstrapper - Context refreshed
2020-12-02 14:13:05.042 [INFO ] springfox.documentation.spring.web.plugins.DocumentationPluginsBootstrapper - Found 1 custom documentation plugin(s)
2020-12-02 14:13:05.106 [INFO ] springfox.documentation.spring.web.scanners.ApiListingReferenceScanner - Scanning for api listing references
2020-12-02 14:13:05.399 [INFO ] org.apache.coyote.http11.Http11NioProtocol - Starting ProtocolHandler ["http-nio-8004"]
2020-12-02 14:13:05.435 [INFO ] org.springframework.boot.web.embedded.tomcat.TomcatWebServer - Tomcat started on port(s): 8004 (http) with context path ''
2020-12-02 14:13:05.452 [INFO ] org.springframework.cloud.alibaba.nacos.registry.NacosServiceRegistry - nacos registry, service-dormitory 192.168.56.1:8004 register finished
2020-12-02 14:13:07.675 [INFO ] org.springframework.cloud.commons.util.InetUtils - Cannot determine local hostname
2020-12-02 14:13:07.677 [INFO ] com.lmh.dormitoryService.DormitoryApplication - Started DormitoryApplication in 18.415 seconds (JVM running for 19.915)
2020-12-02 14:13:40.797 [INFO ] org.springframework.context.support.PostProcessorRegistrationDelegate$BeanPostProcessorChecker - Bean 'org.springframework.cloud.autoconfigure.ConfigurationPropertiesRebinderAutoConfiguration' of type [org.springframework.cloud.autoconfigure.ConfigurationPropertiesRebinderAutoConfiguration] is not eligible for getting processed by all BeanPostProcessors (for example: not eligible for auto-proxying)
2020-12-02 14:13:43.048 [INFO ] com.lmh.manageService.ManageApplication - The following profiles are active: dev
2020-12-02 14:13:44.251 [INFO ] org.springframework.data.repository.config.RepositoryConfigurationDelegate - Multiple Spring Data modules found, entering strict repository configuration mode!
2020-12-02 14:13:44.253 [INFO ] org.springframework.data.repository.config.RepositoryConfigurationDelegate - Bootstrapping Spring Data repositories in DEFAULT mode.
2020-12-02 14:13:44.274 [INFO ] org.springframework.data.repository.config.RepositoryConfigurationDelegate - Finished Spring Data repository scanning in 10ms. Found 0 repository interfaces.
2020-12-02 14:13:44.510 [INFO ] org.springframework.cloud.context.scope.GenericScope - BeanFactory id=f937393f-6d17-3722-a46d-bf5b137c8646
2020-12-02 14:13:44.609 [INFO ] org.springframework.context.support.PostProcessorRegistrationDelegate$BeanPostProcessorChecker - Bean 'org.springframework.transaction.annotation.ProxyTransactionManagementConfiguration' of type [org.springframework.transaction.annotation.ProxyTransactionManagementConfiguration] is not eligible for getting processed by all BeanPostProcessors (for example: not eligible for auto-proxying)
2020-12-02 14:13:44.645 [INFO ] org.springframework.context.support.PostProcessorRegistrationDelegate$BeanPostProcessorChecker - Bean 'org.springframework.cloud.autoconfigure.ConfigurationPropertiesRebinderAutoConfiguration' of type [org.springframework.cloud.autoconfigure.ConfigurationPropertiesRebinderAutoConfiguration] is not eligible for getting processed by all BeanPostProcessors (for example: not eligible for auto-proxying)
2020-12-02 14:13:44.873 [INFO ] org.springframework.boot.web.embedded.tomcat.TomcatWebServer - Tomcat initialized with port(s): 8002 (http)
2020-12-02 14:13:44.981 [INFO ] org.apache.coyote.http11.Http11NioProtocol - Initializing ProtocolHandler ["http-nio-8002"]
2020-12-02 14:13:44.983 [INFO ] org.apache.catalina.core.StandardService - Starting service [Tomcat]
2020-12-02 14:13:44.984 [INFO ] org.apache.catalina.core.StandardEngine - Starting Servlet engine: [Apache Tomcat/9.0.27]
2020-12-02 14:13:45.135 [INFO ] org.apache.catalina.core.ContainerBase.[Tomcat].[localhost].[/] - Initializing Spring embedded WebApplicationContext
2020-12-02 14:13:45.397 [INFO ] com.zaxxer.hikari.HikariDataSource - HikariPool-1 - Starting...
2020-12-02 14:13:46.167 [INFO ] com.zaxxer.hikari.HikariDataSource - HikariPool-1 - Start completed.
2020-12-02 14:13:46.727 [INFO ] springfox.documentation.spring.web.PropertySourcedRequestMappingHandlerMapping - Mapped URL path [/v2/api-docs] onto method [springfox.documentation.swagger2.web.Swagger2Controller#getDocumentation(String, HttpServletRequest)]
2020-12-02 14:13:46.751 [INFO ] com.netflix.config.sources.URLConfigurationSource - To enable URLs as dynamic configuration sources, define System property archaius.configurationSource.additionalUrls or make config.properties available on classpath.
2020-12-02 14:13:46.756 [INFO ] com.netflix.config.sources.URLConfigurationSource - To enable URLs as dynamic configuration sources, define System property archaius.configurationSource.additionalUrls or make config.properties available on classpath.
2020-12-02 14:13:46.894 [INFO ] org.springframework.scheduling.concurrent.ThreadPoolTaskExecutor - Initializing ExecutorService 'applicationTaskExecutor'
2020-12-02 14:13:49.307 [INFO ] org.springframework.cloud.commons.util.InetUtils - Cannot determine local hostname
2020-12-02 14:13:49.347 [INFO ] org.springframework.scheduling.concurrent.ThreadPoolTaskScheduler - Initializing ExecutorService
2020-12-02 14:13:51.223 [INFO ] org.springframework.cloud.commons.util.InetUtils - Cannot determine local hostname
2020-12-02 14:13:53.191 [INFO ] org.springframework.cloud.commons.util.InetUtils - Cannot determine local hostname
2020-12-02 14:13:53.312 [INFO ] springfox.documentation.spring.web.plugins.DocumentationPluginsBootstrapper - Context refreshed
2020-12-02 14:13:53.333 [INFO ] springfox.documentation.spring.web.plugins.DocumentationPluginsBootstrapper - Found 1 custom documentation plugin(s)
2020-12-02 14:13:53.377 [INFO ] springfox.documentation.spring.web.scanners.ApiListingReferenceScanner - Scanning for api listing references
2020-12-02 14:13:53.567 [INFO ] org.apache.coyote.http11.Http11NioProtocol - Starting ProtocolHandler ["http-nio-8002"]
2020-12-02 14:13:53.588 [INFO ] org.springframework.boot.web.embedded.tomcat.TomcatWebServer - Tomcat started on port(s): 8002 (http) with context path ''
2020-12-02 14:13:53.600 [INFO ] org.springframework.cloud.alibaba.nacos.registry.NacosServiceRegistry - nacos registry, service-manage 192.168.56.1:8002 register finished
2020-12-02 14:13:55.477 [INFO ] org.springframework.cloud.commons.util.InetUtils - Cannot determine local hostname
2020-12-02 14:13:55.479 [INFO ] com.lmh.manageService.ManageApplication - Started ManageApplication in 17.644 seconds (JVM running for 19.061)
2020-12-02 14:15:25.048 [INFO ] org.apache.catalina.core.ContainerBase.[Tomcat].[localhost].[/] - Initializing Spring DispatcherServlet 'dispatcherServlet'
2020-12-02 14:33:56.212 [INFO ] com.netflix.config.ChainedDynamicProperty - Flipping property: service-manage.ribbon.ActiveConnectionsLimit to use NEXT property: niws.loadbalancer.availabilityFilteringRule.activeConnectionsLimit = 2147483647
2020-12-02 14:33:56.234 [INFO ] com.netflix.loadbalancer.BaseLoadBalancer - Client: service-manage instantiated a LoadBalancer: DynamicServerListLoadBalancer:{NFLoadBalancer:name=service-manage,current list of Servers=[],Load balancer stats=Zone stats: {},Server stats: []}ServerList:null
2020-12-02 14:33:56.294 [INFO ] com.netflix.loadbalancer.DynamicServerListLoadBalancer - Using serverListUpdater PollingServerListUpdater
2020-12-02 14:33:56.338 [INFO ] com.netflix.config.ChainedDynamicProperty - Flipping property: service-manage.ribbon.ActiveConnectionsLimit to use NEXT property: niws.loadbalancer.availabilityFilteringRule.activeConnectionsLimit = 2147483647
2020-12-02 14:33:56.341 [INFO ] com.netflix.loadbalancer.DynamicServerListLoadBalancer - DynamicServerListLoadBalancer for client service-manage initialized: DynamicServerListLoadBalancer:{NFLoadBalancer:name=service-manage,current list of Servers=[192.168.56.1:8002],Load balancer stats=Zone stats: {unknown=[Zone:unknown;	Instance count:1;	Active connections count: 0;	Circuit breaker tripped count: 0;	Active connections per server: 0.0;]
},Server stats: [[Server:192.168.56.1:8002;	Zone:UNKNOWN;	Total Requests:0;	Successive connection failure:0;	Total blackout seconds:0;	Last connection made:Thu Jan 01 08:00:00 CST 1970;	First connection made: Thu Jan 01 08:00:00 CST 1970;	Active Connections:0;	total failure count in last (1000) msecs:0;	average resp time:0.0;	90 percentile resp time:0.0;	95 percentile resp time:0.0;	min resp time:0.0;	max resp time:0.0;	stddev resp time:0.0]
]}ServerList:org.springframework.cloud.alibaba.nacos.ribbon.NacosServerList@268056df
2020-12-02 14:33:56.658 [INFO ] org.apache.catalina.core.ContainerBase.[Tomcat].[localhost].[/] - Initializing Spring DispatcherServlet 'dispatcherServlet'
2020-12-02 14:33:57.321 [INFO ] com.netflix.config.ChainedDynamicProperty - Flipping property: service-manage.ribbon.ActiveConnectionsLimit to use NEXT property: niws.loadbalancer.availabilityFilteringRule.activeConnectionsLimit = 2147483647
2020-12-02 17:07:32.926 [INFO ] org.springframework.context.support.PostProcessorRegistrationDelegate$BeanPostProcessorChecker - Bean 'org.springframework.cloud.autoconfigure.ConfigurationPropertiesRebinderAutoConfiguration' of type [org.springframework.cloud.autoconfigure.ConfigurationPropertiesRebinderAutoConfiguration] is not eligible for getting processed by all BeanPostProcessors (for example: not eligible for auto-proxying)
2020-12-02 17:07:35.824 [INFO ] com.lmh.dormitoryService.DormitoryApplication - The following profiles are active: dev
2020-12-02 17:07:38.095 [INFO ] org.springframework.data.repository.config.RepositoryConfigurationDelegate - Multiple Spring Data modules found, entering strict repository configuration mode!
2020-12-02 17:07:38.112 [INFO ] org.springframework.data.repository.config.RepositoryConfigurationDelegate - Bootstrapping Spring Data repositories in DEFAULT mode.
2020-12-02 17:07:38.176 [INFO ] org.springframework.data.repository.config.RepositoryConfigurationDelegate - Finished Spring Data repository scanning in 33ms. Found 0 repository interfaces.
2020-12-02 17:07:38.630 [INFO ] org.springframework.cloud.context.scope.GenericScope - BeanFactory id=397e74ee-dee5-3c32-9e49-270a1a71a901
2020-12-02 17:07:38.827 [INFO ] org.springframework.context.support.PostProcessorRegistrationDelegate$BeanPostProcessorChecker - Bean 'org.springframework.transaction.annotation.ProxyTransactionManagementConfiguration' of type [org.springframework.transaction.annotation.ProxyTransactionManagementConfiguration] is not eligible for getting processed by all BeanPostProcessors (for example: not eligible for auto-proxying)
2020-12-02 17:07:38.970 [INFO ] org.springframework.context.support.PostProcessorRegistrationDelegate$BeanPostProcessorChecker - Bean 'org.springframework.cloud.autoconfigure.ConfigurationPropertiesRebinderAutoConfiguration' of type [org.springframework.cloud.autoconfigure.ConfigurationPropertiesRebinderAutoConfiguration] is not eligible for getting processed by all BeanPostProcessors (for example: not eligible for auto-proxying)
2020-12-02 17:07:39.778 [INFO ] org.springframework.boot.web.embedded.tomcat.TomcatWebServer - Tomcat initialized with port(s): 8004 (http)
2020-12-02 17:07:39.788 [INFO ] org.apache.coyote.http11.Http11NioProtocol - Initializing ProtocolHandler ["http-nio-8004"]
2020-12-02 17:07:39.790 [INFO ] org.apache.catalina.core.StandardService - Starting service [Tomcat]
2020-12-02 17:07:39.790 [INFO ] org.apache.catalina.core.StandardEngine - Starting Servlet engine: [Apache Tomcat/9.0.27]
2020-12-02 17:07:40.090 [INFO ] org.apache.catalina.core.ContainerBase.[Tomcat].[localhost].[/] - Initializing Spring embedded WebApplicationContext
2020-12-02 17:07:40.660 [INFO ] com.zaxxer.hikari.HikariDataSource - HikariPool-1 - Starting...
2020-12-02 17:07:42.543 [INFO ] com.zaxxer.hikari.HikariDataSource - HikariPool-1 - Start completed.
2020-12-02 17:07:43.956 [INFO ] springfox.documentation.spring.web.PropertySourcedRequestMappingHandlerMapping - Mapped URL path [/v2/api-docs] onto method [springfox.documentation.swagger2.web.Swagger2Controller#getDocumentation(String, HttpServletRequest)]
2020-12-02 17:07:43.997 [INFO ] com.netflix.config.sources.URLConfigurationSource - To enable URLs as dynamic configuration sources, define System property archaius.configurationSource.additionalUrls or make config.properties available on classpath.
2020-12-02 17:07:44.003 [INFO ] com.netflix.config.sources.URLConfigurationSource - To enable URLs as dynamic configuration sources, define System property archaius.configurationSource.additionalUrls or make config.properties available on classpath.
2020-12-02 17:07:44.179 [INFO ] org.springframework.scheduling.concurrent.ThreadPoolTaskExecutor - Initializing ExecutorService 'applicationTaskExecutor'
2020-12-02 17:07:47.764 [INFO ] org.springframework.cloud.commons.util.InetUtils - Cannot determine local hostname
2020-12-02 17:07:48.075 [INFO ] org.springframework.scheduling.concurrent.ThreadPoolTaskScheduler - Initializing ExecutorService
2020-12-02 17:07:50.076 [INFO ] org.springframework.cloud.commons.util.InetUtils - Cannot determine local hostname
2020-12-02 17:07:52.130 [INFO ] org.springframework.cloud.commons.util.InetUtils - Cannot determine local hostname
2020-12-02 17:07:52.538 [INFO ] springfox.documentation.spring.web.plugins.DocumentationPluginsBootstrapper - Context refreshed
2020-12-02 17:07:52.624 [INFO ] springfox.documentation.spring.web.plugins.DocumentationPluginsBootstrapper - Found 1 custom documentation plugin(s)
2020-12-02 17:07:52.688 [INFO ] springfox.documentation.spring.web.scanners.ApiListingReferenceScanner - Scanning for api listing references
2020-12-02 17:07:52.949 [INFO ] org.apache.coyote.http11.Http11NioProtocol - Starting ProtocolHandler ["http-nio-8004"]
2020-12-02 17:07:52.978 [INFO ] org.springframework.boot.web.embedded.tomcat.TomcatWebServer - Tomcat started on port(s): 8004 (http) with context path ''
2020-12-02 17:07:52.995 [INFO ] org.springframework.cloud.alibaba.nacos.registry.NacosServiceRegistry - nacos registry, service-dormitory 192.168.56.1:8004 register finished
2020-12-02 17:07:54.882 [INFO ] org.springframework.cloud.commons.util.InetUtils - Cannot determine local hostname
2020-12-02 17:07:54.884 [INFO ] com.lmh.dormitoryService.DormitoryApplication - Started DormitoryApplication in 25.512 seconds (JVM running for 28.416)
2020-12-02 17:11:02.484 [INFO ] org.apache.catalina.core.ContainerBase.[Tomcat].[localhost].[/] - Initializing Spring DispatcherServlet 'dispatcherServlet'
2020-12-02 17:11:11.581 [INFO ] com.netflix.config.ChainedDynamicProperty - Flipping property: service-manage.ribbon.ActiveConnectionsLimit to use NEXT property: niws.loadbalancer.availabilityFilteringRule.activeConnectionsLimit = 2147483647
2020-12-02 17:11:11.604 [INFO ] com.netflix.loadbalancer.BaseLoadBalancer - Client: service-manage instantiated a LoadBalancer: DynamicServerListLoadBalancer:{NFLoadBalancer:name=service-manage,current list of Servers=[],Load balancer stats=Zone stats: {},Server stats: []}ServerList:null
2020-12-02 17:11:11.671 [INFO ] com.netflix.loadbalancer.DynamicServerListLoadBalancer - Using serverListUpdater PollingServerListUpdater
2020-12-02 17:11:11.726 [INFO ] com.netflix.config.ChainedDynamicProperty - Flipping property: service-manage.ribbon.ActiveConnectionsLimit to use NEXT property: niws.loadbalancer.availabilityFilteringRule.activeConnectionsLimit = 2147483647
2020-12-02 17:11:11.729 [INFO ] com.netflix.loadbalancer.DynamicServerListLoadBalancer - DynamicServerListLoadBalancer for client service-manage initialized: DynamicServerListLoadBalancer:{NFLoadBalancer:name=service-manage,current list of Servers=[192.168.56.1:8002],Load balancer stats=Zone stats: {unknown=[Zone:unknown;	Instance count:1;	Active connections count: 0;	Circuit breaker tripped count: 0;	Active connections per server: 0.0;]
},Server stats: [[Server:192.168.56.1:8002;	Zone:UNKNOWN;	Total Requests:0;	Successive connection failure:0;	Total blackout seconds:0;	Last connection made:Thu Jan 01 08:00:00 CST 1970;	First connection made: Thu Jan 01 08:00:00 CST 1970;	Active Connections:0;	total failure count in last (1000) msecs:0;	average resp time:0.0;	90 percentile resp time:0.0;	95 percentile resp time:0.0;	min resp time:0.0;	max resp time:0.0;	stddev resp time:0.0]
]}ServerList:org.springframework.cloud.alibaba.nacos.ribbon.NacosServerList@147d6355
2020-12-02 17:11:12.682 [INFO ] com.netflix.config.ChainedDynamicProperty - Flipping property: service-manage.ribbon.ActiveConnectionsLimit to use NEXT property: niws.loadbalancer.availabilityFilteringRule.activeConnectionsLimit = 2147483647
2020-12-02 17:16:00.721 [INFO ] org.springframework.context.support.PostProcessorRegistrationDelegate$BeanPostProcessorChecker - Bean 'org.springframework.cloud.autoconfigure.ConfigurationPropertiesRebinderAutoConfiguration' of type [org.springframework.cloud.autoconfigure.ConfigurationPropertiesRebinderAutoConfiguration] is not eligible for getting processed by all BeanPostProcessors (for example: not eligible for auto-proxying)
2020-12-02 17:16:03.082 [INFO ] com.lmh.dormitoryService.DormitoryApplication - The following profiles are active: dev
2020-12-02 17:16:04.157 [INFO ] org.springframework.data.repository.config.RepositoryConfigurationDelegate - Multiple Spring Data modules found, entering strict repository configuration mode!
2020-12-02 17:16:04.159 [INFO ] org.springframework.data.repository.config.RepositoryConfigurationDelegate - Bootstrapping Spring Data repositories in DEFAULT mode.
2020-12-02 17:16:04.191 [INFO ] org.springframework.data.repository.config.RepositoryConfigurationDelegate - Finished Spring Data repository scanning in 14ms. Found 0 repository interfaces.
2020-12-02 17:16:04.445 [INFO ] org.springframework.cloud.context.scope.GenericScope - BeanFactory id=397e74ee-dee5-3c32-9e49-270a1a71a901
2020-12-02 17:16:04.546 [INFO ] org.springframework.context.support.PostProcessorRegistrationDelegate$BeanPostProcessorChecker - Bean 'org.springframework.transaction.annotation.ProxyTransactionManagementConfiguration' of type [org.springframework.transaction.annotation.ProxyTransactionManagementConfiguration] is not eligible for getting processed by all BeanPostProcessors (for example: not eligible for auto-proxying)
2020-12-02 17:16:04.594 [INFO ] org.springframework.context.support.PostProcessorRegistrationDelegate$BeanPostProcessorChecker - Bean 'org.springframework.cloud.autoconfigure.ConfigurationPropertiesRebinderAutoConfiguration' of type [org.springframework.cloud.autoconfigure.ConfigurationPropertiesRebinderAutoConfiguration] is not eligible for getting processed by all BeanPostProcessors (for example: not eligible for auto-proxying)
2020-12-02 17:16:05.039 [INFO ] org.springframework.boot.web.embedded.tomcat.TomcatWebServer - Tomcat initialized with port(s): 8004 (http)
2020-12-02 17:16:05.052 [INFO ] org.apache.coyote.http11.Http11NioProtocol - Initializing ProtocolHandler ["http-nio-8004"]
2020-12-02 17:16:05.053 [INFO ] org.apache.catalina.core.StandardService - Starting service [Tomcat]
2020-12-02 17:16:05.053 [INFO ] org.apache.catalina.core.StandardEngine - Starting Servlet engine: [Apache Tomcat/9.0.27]
2020-12-02 17:16:05.328 [INFO ] org.apache.catalina.core.ContainerBase.[Tomcat].[localhost].[/] - Initializing Spring embedded WebApplicationContext
2020-12-02 17:16:05.712 [INFO ] com.zaxxer.hikari.HikariDataSource - HikariPool-1 - Starting...
2020-12-02 17:16:06.824 [INFO ] com.zaxxer.hikari.HikariDataSource - HikariPool-1 - Start completed.
2020-12-02 17:16:07.868 [INFO ] springfox.documentation.spring.web.PropertySourcedRequestMappingHandlerMapping - Mapped URL path [/v2/api-docs] onto method [springfox.documentation.swagger2.web.Swagger2Controller#getDocumentation(String, HttpServletRequest)]
2020-12-02 17:16:07.887 [INFO ] com.netflix.config.sources.URLConfigurationSource - To enable URLs as dynamic configuration sources, define System property archaius.configurationSource.additionalUrls or make config.properties available on classpath.
2020-12-02 17:16:07.891 [INFO ] com.netflix.config.sources.URLConfigurationSource - To enable URLs as dynamic configuration sources, define System property archaius.configurationSource.additionalUrls or make config.properties available on classpath.
2020-12-02 17:16:07.994 [INFO ] org.springframework.scheduling.concurrent.ThreadPoolTaskExecutor - Initializing ExecutorService 'applicationTaskExecutor'
2020-12-02 17:16:10.396 [INFO ] org.springframework.cloud.commons.util.InetUtils - Cannot determine local hostname
2020-12-02 17:16:10.450 [INFO ] org.springframework.scheduling.concurrent.ThreadPoolTaskScheduler - Initializing ExecutorService
2020-12-02 17:16:12.450 [INFO ] org.springframework.cloud.commons.util.InetUtils - Cannot determine local hostname
2020-12-02 17:16:14.313 [INFO ] org.springframework.cloud.commons.util.InetUtils - Cannot determine local hostname
2020-12-02 17:16:14.403 [INFO ] springfox.documentation.spring.web.plugins.DocumentationPluginsBootstrapper - Context refreshed
2020-12-02 17:16:14.501 [INFO ] springfox.documentation.spring.web.plugins.DocumentationPluginsBootstrapper - Found 1 custom documentation plugin(s)
2020-12-02 17:16:14.698 [INFO ] springfox.documentation.spring.web.scanners.ApiListingReferenceScanner - Scanning for api listing references
2020-12-02 17:16:14.880 [INFO ] org.apache.coyote.http11.Http11NioProtocol - Starting ProtocolHandler ["http-nio-8004"]
2020-12-02 17:16:14.903 [INFO ] org.springframework.boot.web.embedded.tomcat.TomcatWebServer - Tomcat started on port(s): 8004 (http) with context path ''
2020-12-02 17:16:14.915 [INFO ] org.springframework.cloud.alibaba.nacos.registry.NacosServiceRegistry - nacos registry, service-dormitory 192.168.56.1:8004 register finished
2020-12-02 17:16:16.827 [INFO ] org.springframework.cloud.commons.util.InetUtils - Cannot determine local hostname
2020-12-02 17:16:16.829 [INFO ] com.lmh.dormitoryService.DormitoryApplication - Started DormitoryApplication in 19.034 seconds (JVM running for 20.631)
2020-12-02 17:16:55.221 [INFO ] org.apache.catalina.core.ContainerBase.[Tomcat].[localhost].[/] - Initializing Spring DispatcherServlet 'dispatcherServlet'
2020-12-02 17:16:59.591 [INFO ] com.netflix.config.ChainedDynamicProperty - Flipping property: service-manage.ribbon.ActiveConnectionsLimit to use NEXT property: niws.loadbalancer.availabilityFilteringRule.activeConnectionsLimit = 2147483647
2020-12-02 17:16:59.604 [INFO ] com.netflix.loadbalancer.BaseLoadBalancer - Client: service-manage instantiated a LoadBalancer: DynamicServerListLoadBalancer:{NFLoadBalancer:name=service-manage,current list of Servers=[],Load balancer stats=Zone stats: {},Server stats: []}ServerList:null
2020-12-02 17:16:59.609 [INFO ] com.netflix.loadbalancer.DynamicServerListLoadBalancer - Using serverListUpdater PollingServerListUpdater
2020-12-02 17:16:59.621 [INFO ] com.netflix.config.ChainedDynamicProperty - Flipping property: service-manage.ribbon.ActiveConnectionsLimit to use NEXT property: niws.loadbalancer.availabilityFilteringRule.activeConnectionsLimit = 2147483647
2020-12-02 17:16:59.623 [INFO ] com.netflix.loadbalancer.DynamicServerListLoadBalancer - DynamicServerListLoadBalancer for client service-manage initialized: DynamicServerListLoadBalancer:{NFLoadBalancer:name=service-manage,current list of Servers=[192.168.56.1:8002],Load balancer stats=Zone stats: {unknown=[Zone:unknown;	Instance count:1;	Active connections count: 0;	Circuit breaker tripped count: 0;	Active connections per server: 0.0;]
},Server stats: [[Server:192.168.56.1:8002;	Zone:UNKNOWN;	Total Requests:0;	Successive connection failure:0;	Total blackout seconds:0;	Last connection made:Thu Jan 01 08:00:00 CST 1970;	First connection made: Thu Jan 01 08:00:00 CST 1970;	Active Connections:0;	total failure count in last (1000) msecs:0;	average resp time:0.0;	90 percentile resp time:0.0;	95 percentile resp time:0.0;	min resp time:0.0;	max resp time:0.0;	stddev resp time:0.0]
]}ServerList:org.springframework.cloud.alibaba.nacos.ribbon.NacosServerList@3caeb4f2
2020-12-02 17:17:00.614 [INFO ] com.netflix.config.ChainedDynamicProperty - Flipping property: service-manage.ribbon.ActiveConnectionsLimit to use NEXT property: niws.loadbalancer.availabilityFilteringRule.activeConnectionsLimit = 2147483647
2020-12-02 17:18:06.306 [INFO ] org.springframework.context.support.PostProcessorRegistrationDelegate$BeanPostProcessorChecker - Bean 'org.springframework.cloud.autoconfigure.ConfigurationPropertiesRebinderAutoConfiguration' of type [org.springframework.cloud.autoconfigure.ConfigurationPropertiesRebinderAutoConfiguration] is not eligible for getting processed by all BeanPostProcessors (for example: not eligible for auto-proxying)
2020-12-02 17:18:08.508 [INFO ] com.lmh.dormitoryService.DormitoryApplication - The following profiles are active: dev
2020-12-02 17:18:09.564 [INFO ] org.springframework.data.repository.config.RepositoryConfigurationDelegate - Multiple Spring Data modules found, entering strict repository configuration mode!
2020-12-02 17:18:09.566 [INFO ] org.springframework.data.repository.config.RepositoryConfigurationDelegate - Bootstrapping Spring Data repositories in DEFAULT mode.
2020-12-02 17:18:09.605 [INFO ] org.springframework.data.repository.config.RepositoryConfigurationDelegate - Finished Spring Data repository scanning in 19ms. Found 0 repository interfaces.
2020-12-02 17:18:09.868 [INFO ] org.springframework.cloud.context.scope.GenericScope - BeanFactory id=397e74ee-dee5-3c32-9e49-270a1a71a901
2020-12-02 17:18:09.995 [INFO ] org.springframework.context.support.PostProcessorRegistrationDelegate$BeanPostProcessorChecker - Bean 'org.springframework.transaction.annotation.ProxyTransactionManagementConfiguration' of type [org.springframework.transaction.annotation.ProxyTransactionManagementConfiguration] is not eligible for getting processed by all BeanPostProcessors (for example: not eligible for auto-proxying)
2020-12-02 17:18:10.040 [INFO ] org.springframework.context.support.PostProcessorRegistrationDelegate$BeanPostProcessorChecker - Bean 'org.springframework.cloud.autoconfigure.ConfigurationPropertiesRebinderAutoConfiguration' of type [org.springframework.cloud.autoconfigure.ConfigurationPropertiesRebinderAutoConfiguration] is not eligible for getting processed by all BeanPostProcessors (for example: not eligible for auto-proxying)
2020-12-02 17:18:10.301 [INFO ] org.springframework.boot.web.embedded.tomcat.TomcatWebServer - Tomcat initialized with port(s): 8004 (http)
2020-12-02 17:18:10.312 [INFO ] org.apache.coyote.http11.Http11NioProtocol - Initializing ProtocolHandler ["http-nio-8004"]
2020-12-02 17:18:10.313 [INFO ] org.apache.catalina.core.StandardService - Starting service [Tomcat]
2020-12-02 17:18:10.313 [INFO ] org.apache.catalina.core.StandardEngine - Starting Servlet engine: [Apache Tomcat/9.0.27]
2020-12-02 17:18:10.491 [INFO ] org.apache.catalina.core.ContainerBase.[Tomcat].[localhost].[/] - Initializing Spring embedded WebApplicationContext
2020-12-02 17:18:10.875 [INFO ] com.zaxxer.hikari.HikariDataSource - HikariPool-1 - Starting...
2020-12-02 17:18:11.737 [INFO ] com.zaxxer.hikari.HikariDataSource - HikariPool-1 - Start completed.
2020-12-02 17:18:12.704 [INFO ] springfox.documentation.spring.web.PropertySourcedRequestMappingHandlerMapping - Mapped URL path [/v2/api-docs] onto method [springfox.documentation.swagger2.web.Swagger2Controller#getDocumentation(String, HttpServletRequest)]
2020-12-02 17:18:12.741 [INFO ] com.netflix.config.sources.URLConfigurationSource - To enable URLs as dynamic configuration sources, define System property archaius.configurationSource.additionalUrls or make config.properties available on classpath.
2020-12-02 17:18:12.749 [INFO ] com.netflix.config.sources.URLConfigurationSource - To enable URLs as dynamic configuration sources, define System property archaius.configurationSource.additionalUrls or make config.properties available on classpath.
2020-12-02 17:18:12.948 [INFO ] org.springframework.scheduling.concurrent.ThreadPoolTaskExecutor - Initializing ExecutorService 'applicationTaskExecutor'
2020-12-02 17:18:15.532 [INFO ] org.springframework.cloud.commons.util.InetUtils - Cannot determine local hostname
2020-12-02 17:18:15.591 [INFO ] org.springframework.scheduling.concurrent.ThreadPoolTaskScheduler - Initializing ExecutorService
2020-12-02 17:18:17.590 [INFO ] org.springframework.cloud.commons.util.InetUtils - Cannot determine local hostname
2020-12-02 17:18:19.628 [INFO ] org.springframework.cloud.commons.util.InetUtils - Cannot determine local hostname
2020-12-02 17:18:19.743 [INFO ] springfox.documentation.spring.web.plugins.DocumentationPluginsBootstrapper - Context refreshed
2020-12-02 17:18:19.768 [INFO ] springfox.documentation.spring.web.plugins.DocumentationPluginsBootstrapper - Found 1 custom documentation plugin(s)
2020-12-02 17:18:19.814 [INFO ] springfox.documentation.spring.web.scanners.ApiListingReferenceScanner - Scanning for api listing references
2020-12-02 17:18:20.032 [INFO ] org.apache.coyote.http11.Http11NioProtocol - Starting ProtocolHandler ["http-nio-8004"]
2020-12-02 17:18:20.064 [INFO ] org.springframework.boot.web.embedded.tomcat.TomcatWebServer - Tomcat started on port(s): 8004 (http) with context path ''
2020-12-02 17:18:20.085 [INFO ] org.springframework.cloud.alibaba.nacos.registry.NacosServiceRegistry - nacos registry, service-dormitory 192.168.56.1:8004 register finished
2020-12-02 17:18:22.079 [INFO ] org.springframework.cloud.commons.util.InetUtils - Cannot determine local hostname
2020-12-02 17:18:22.081 [INFO ] com.lmh.dormitoryService.DormitoryApplication - Started DormitoryApplication in 18.61 seconds (JVM running for 20.541)
2020-12-02 17:19:19.474 [INFO ] org.apache.catalina.core.ContainerBase.[Tomcat].[localhost].[/] - Initializing Spring DispatcherServlet 'dispatcherServlet'
2020-12-02 17:19:24.173 [INFO ] com.netflix.config.ChainedDynamicProperty - Flipping property: service-manage.ribbon.ActiveConnectionsLimit to use NEXT property: niws.loadbalancer.availabilityFilteringRule.activeConnectionsLimit = 2147483647
2020-12-02 17:19:24.187 [INFO ] com.netflix.loadbalancer.BaseLoadBalancer - Client: service-manage instantiated a LoadBalancer: DynamicServerListLoadBalancer:{NFLoadBalancer:name=service-manage,current list of Servers=[],Load balancer stats=Zone stats: {},Server stats: []}ServerList:null
2020-12-02 17:19:24.192 [INFO ] com.netflix.loadbalancer.DynamicServerListLoadBalancer - Using serverListUpdater PollingServerListUpdater
2020-12-02 17:19:24.195 [INFO ] com.netflix.loadbalancer.DynamicServerListLoadBalancer - DynamicServerListLoadBalancer for client service-manage initialized: DynamicServerListLoadBalancer:{NFLoadBalancer:name=service-manage,current list of Servers=[],Load balancer stats=Zone stats: {},Server stats: []}ServerList:org.springframework.cloud.alibaba.nacos.ribbon.NacosServerList@55bb987a
