2020-12-03 08:27:03.323 [main] WARN  org.mybatis.spring.mapper.ClassPathMapperScanner - Skipping MapperFactoryBean with name 'buildMapper' and 'com.lmh.dormitoryService.mapper.BuildMapper' mapperInterface. Bean already defined with the same name!
2020-12-03 08:27:03.324 [main] WARN  org.mybatis.spring.mapper.ClassPathMapperScanner - Skipping MapperFactoryBean with name 'dormitoryMapper' and 'com.lmh.dormitoryService.mapper.DormitoryMapper' mapperInterface. Bean already defined with the same name!
2020-12-03 08:27:03.324 [main] WARN  org.mybatis.spring.mapper.ClassPathMapperScanner - No MyBatis mapper was found in '[com.lmh.dormitoryService.mapper]' package. Please check your configuration.
2020-12-03 08:27:07.697 [main] WARN  com.netflix.config.sources.URLConfigurationSource - No URLs will be polled as dynamic configuration sources.
2020-12-03 08:27:07.722 [main] WARN  com.netflix.config.sources.URLConfigurationSource - No URLs will be polled as dynamic configuration sources.
2020-12-03 08:30:46.162 [main] WARN  org.mybatis.spring.mapper.ClassPathMapperScanner - Skipping MapperFactoryBean with name 'buildMapper' and 'com.lmh.dormitoryService.mapper.BuildMapper' mapperInterface. Bean already defined with the same name!
2020-12-03 08:30:46.162 [main] WARN  org.mybatis.spring.mapper.ClassPathMapperScanner - Skipping MapperFactoryBean with name 'dormitoryMapper' and 'com.lmh.dormitoryService.mapper.DormitoryMapper' mapperInterface. Bean already defined with the same name!
2020-12-03 08:30:46.163 [main] WARN  org.mybatis.spring.mapper.ClassPathMapperScanner - No MyBatis mapper was found in '[com.lmh.dormitoryService.mapper]' package. Please check your configuration.
2020-12-03 08:30:48.570 [main] WARN  com.netflix.config.sources.URLConfigurationSource - No URLs will be polled as dynamic configuration sources.
2020-12-03 08:30:48.574 [main] WARN  com.netflix.config.sources.URLConfigurationSource - No URLs will be polled as dynamic configuration sources.
2020-12-03 08:56:38.577 [main] WARN  org.mybatis.spring.mapper.ClassPathMapperScanner - Skipping MapperFactoryBean with name 'buildMapper' and 'com.lmh.dormitoryService.mapper.BuildMapper' mapperInterface. Bean already defined with the same name!
2020-12-03 08:56:38.578 [main] WARN  org.mybatis.spring.mapper.ClassPathMapperScanner - Skipping MapperFactoryBean with name 'dormitoryMapper' and 'com.lmh.dormitoryService.mapper.DormitoryMapper' mapperInterface. Bean already defined with the same name!
2020-12-03 08:56:38.578 [main] WARN  org.mybatis.spring.mapper.ClassPathMapperScanner - No MyBatis mapper was found in '[com.lmh.dormitoryService.mapper]' package. Please check your configuration.
2020-12-03 08:56:41.877 [main] WARN  com.netflix.config.sources.URLConfigurationSource - No URLs will be polled as dynamic configuration sources.
2020-12-03 08:56:41.886 [main] WARN  com.netflix.config.sources.URLConfigurationSource - No URLs will be polled as dynamic configuration sources.
2020-12-03 09:10:54.860 [main] WARN  org.mybatis.spring.mapper.ClassPathMapperScanner - Skipping MapperFactoryBean with name 'buildMapper' and 'com.lmh.dormitoryService.mapper.BuildMapper' mapperInterface. Bean already defined with the same name!
2020-12-03 09:10:54.860 [main] WARN  org.mybatis.spring.mapper.ClassPathMapperScanner - Skipping MapperFactoryBean with name 'dormitoryMapper' and 'com.lmh.dormitoryService.mapper.DormitoryMapper' mapperInterface. Bean already defined with the same name!
2020-12-03 09:10:54.860 [main] WARN  org.mybatis.spring.mapper.ClassPathMapperScanner - No MyBatis mapper was found in '[com.lmh.dormitoryService.mapper]' package. Please check your configuration.
2020-12-03 09:10:57.381 [main] WARN  com.netflix.config.sources.URLConfigurationSource - No URLs will be polled as dynamic configuration sources.
2020-12-03 09:10:57.385 [main] WARN  com.netflix.config.sources.URLConfigurationSource - No URLs will be polled as dynamic configuration sources.
2020-12-03 18:56:28.091 [main] WARN  org.mybatis.spring.mapper.ClassPathMapperScanner - Skipping MapperFactoryBean with name 'buildMapper' and 'com.lmh.dormitoryService.mapper.BuildMapper' mapperInterface. Bean already defined with the same name!
2020-12-03 18:56:28.185 [main] WARN  org.mybatis.spring.mapper.ClassPathMapperScanner - Skipping MapperFactoryBean with name 'dormitoryMapper' and 'com.lmh.dormitoryService.mapper.DormitoryMapper' mapperInterface. Bean already defined with the same name!
2020-12-03 18:56:28.186 [main] WARN  org.mybatis.spring.mapper.ClassPathMapperScanner - No MyBatis mapper was found in '[com.lmh.dormitoryService.mapper]' package. Please check your configuration.
2020-12-03 18:56:31.601 [main] WARN  com.netflix.config.sources.URLConfigurationSource - No URLs will be polled as dynamic configuration sources.
2020-12-03 18:56:31.607 [main] WARN  com.netflix.config.sources.URLConfigurationSource - No URLs will be polled as dynamic configuration sources.
2020-12-03 18:57:00.104 [main] WARN  org.mybatis.spring.mapper.ClassPathMapperScanner - Skipping MapperFactoryBean with name 'memberMapper' and 'com.lmh.manageService.mapper.MemberMapper' mapperInterface. Bean already defined with the same name!
2020-12-03 18:57:00.104 [main] WARN  org.mybatis.spring.mapper.ClassPathMapperScanner - Skipping MapperFactoryBean with name 'studentMapper' and 'com.lmh.manageService.mapper.StudentMapper' mapperInterface. Bean already defined with the same name!
2020-12-03 18:57:00.105 [main] WARN  org.mybatis.spring.mapper.ClassPathMapperScanner - No MyBatis mapper was found in '[com.lmh.manageService.mapper]' package. Please check your configuration.
2020-12-03 18:57:02.398 [main] WARN  com.netflix.config.sources.URLConfigurationSource - No URLs will be polled as dynamic configuration sources.
2020-12-03 18:57:02.402 [main] WARN  com.netflix.config.sources.URLConfigurationSource - No URLs will be polled as dynamic configuration sources.
2020-12-03 19:17:27.944 [main] WARN  org.mybatis.spring.mapper.ClassPathMapperScanner - Skipping MapperFactoryBean with name 'buildMapper' and 'com.lmh.dormitoryService.mapper.BuildMapper' mapperInterface. Bean already defined with the same name!
2020-12-03 19:17:27.945 [main] WARN  org.mybatis.spring.mapper.ClassPathMapperScanner - Skipping MapperFactoryBean with name 'dormitoryMapper' and 'com.lmh.dormitoryService.mapper.DormitoryMapper' mapperInterface. Bean already defined with the same name!
2020-12-03 19:17:27.945 [main] WARN  org.mybatis.spring.mapper.ClassPathMapperScanner - No MyBatis mapper was found in '[com.lmh.dormitoryService.mapper]' package. Please check your configuration.
2020-12-03 19:17:32.535 [main] WARN  com.netflix.config.sources.URLConfigurationSource - No URLs will be polled as dynamic configuration sources.
2020-12-03 19:17:32.544 [main] WARN  com.netflix.config.sources.URLConfigurationSource - No URLs will be polled as dynamic configuration sources.
2020-12-03 19:32:02.086 [main] WARN  org.mybatis.spring.mapper.ClassPathMapperScanner - Skipping MapperFactoryBean with name 'buildMapper' and 'com.lmh.dormitoryService.mapper.BuildMapper' mapperInterface. Bean already defined with the same name!
2020-12-03 19:32:02.086 [main] WARN  org.mybatis.spring.mapper.ClassPathMapperScanner - Skipping MapperFactoryBean with name 'dormitoryMapper' and 'com.lmh.dormitoryService.mapper.DormitoryMapper' mapperInterface. Bean already defined with the same name!
2020-12-03 19:32:02.087 [main] WARN  org.mybatis.spring.mapper.ClassPathMapperScanner - No MyBatis mapper was found in '[com.lmh.dormitoryService.mapper]' package. Please check your configuration.
2020-12-03 19:32:06.535 [main] WARN  com.netflix.config.sources.URLConfigurationSource - No URLs will be polled as dynamic configuration sources.
2020-12-03 19:32:06.769 [main] WARN  com.netflix.config.sources.URLConfigurationSource - No URLs will be polled as dynamic configuration sources.
2020-12-03 19:36:06.022 [main] WARN  org.mybatis.spring.mapper.ClassPathMapperScanner - Skipping MapperFactoryBean with name 'buildMapper' and 'com.lmh.dormitoryService.mapper.BuildMapper' mapperInterface. Bean already defined with the same name!
2020-12-03 19:36:06.030 [main] WARN  org.mybatis.spring.mapper.ClassPathMapperScanner - Skipping MapperFactoryBean with name 'dormitoryMapper' and 'com.lmh.dormitoryService.mapper.DormitoryMapper' mapperInterface. Bean already defined with the same name!
2020-12-03 19:36:06.030 [main] WARN  org.mybatis.spring.mapper.ClassPathMapperScanner - No MyBatis mapper was found in '[com.lmh.dormitoryService.mapper]' package. Please check your configuration.
2020-12-03 19:36:10.069 [main] WARN  com.netflix.config.sources.URLConfigurationSource - No URLs will be polled as dynamic configuration sources.
2020-12-03 19:36:10.075 [main] WARN  com.netflix.config.sources.URLConfigurationSource - No URLs will be polled as dynamic configuration sources.
2020-12-03 19:38:00.651 [main] WARN  org.mybatis.spring.mapper.ClassPathMapperScanner - Skipping MapperFactoryBean with name 'memberMapper' and 'com.lmh.manageService.mapper.MemberMapper' mapperInterface. Bean already defined with the same name!
2020-12-03 19:38:00.651 [main] WARN  org.mybatis.spring.mapper.ClassPathMapperScanner - Skipping MapperFactoryBean with name 'studentMapper' and 'com.lmh.manageService.mapper.StudentMapper' mapperInterface. Bean already defined with the same name!
2020-12-03 19:38:00.652 [main] WARN  org.mybatis.spring.mapper.ClassPathMapperScanner - No MyBatis mapper was found in '[com.lmh.manageService.mapper]' package. Please check your configuration.
2020-12-03 19:38:03.335 [main] WARN  com.netflix.config.sources.URLConfigurationSource - No URLs will be polled as dynamic configuration sources.
2020-12-03 19:38:03.340 [main] WARN  com.netflix.config.sources.URLConfigurationSource - No URLs will be polled as dynamic configuration sources.
2020-12-03 19:54:25.303 [main] WARN  org.mybatis.spring.mapper.ClassPathMapperScanner - Skipping MapperFactoryBean with name 'memberMapper' and 'com.lmh.manageService.mapper.MemberMapper' mapperInterface. Bean already defined with the same name!
2020-12-03 19:54:25.304 [main] WARN  org.mybatis.spring.mapper.ClassPathMapperScanner - Skipping MapperFactoryBean with name 'studentMapper' and 'com.lmh.manageService.mapper.StudentMapper' mapperInterface. Bean already defined with the same name!
2020-12-03 19:54:25.304 [main] WARN  org.mybatis.spring.mapper.ClassPathMapperScanner - No MyBatis mapper was found in '[com.lmh.manageService.mapper]' package. Please check your configuration.
2020-12-03 19:54:29.677 [main] WARN  com.netflix.config.sources.URLConfigurationSource - No URLs will be polled as dynamic configuration sources.
2020-12-03 19:54:29.697 [main] WARN  com.netflix.config.sources.URLConfigurationSource - No URLs will be polled as dynamic configuration sources.
2020-12-03 19:54:57.733 [main] WARN  org.mybatis.spring.mapper.ClassPathMapperScanner - Skipping MapperFactoryBean with name 'buildMapper' and 'com.lmh.dormitoryService.mapper.BuildMapper' mapperInterface. Bean already defined with the same name!
2020-12-03 19:54:57.733 [main] WARN  org.mybatis.spring.mapper.ClassPathMapperScanner - Skipping MapperFactoryBean with name 'dormitoryMapper' and 'com.lmh.dormitoryService.mapper.DormitoryMapper' mapperInterface. Bean already defined with the same name!
2020-12-03 19:54:57.733 [main] WARN  org.mybatis.spring.mapper.ClassPathMapperScanner - No MyBatis mapper was found in '[com.lmh.dormitoryService.mapper]' package. Please check your configuration.
2020-12-03 19:55:00.663 [main] WARN  com.netflix.config.sources.URLConfigurationSource - No URLs will be polled as dynamic configuration sources.
2020-12-03 19:55:00.668 [main] WARN  com.netflix.config.sources.URLConfigurationSource - No URLs will be polled as dynamic configuration sources.
2020-12-03 19:58:36.104 [main] WARN  org.mybatis.spring.mapper.ClassPathMapperScanner - Skipping MapperFactoryBean with name 'buildMapper' and 'com.lmh.dormitoryService.mapper.BuildMapper' mapperInterface. Bean already defined with the same name!
2020-12-03 19:58:36.105 [main] WARN  org.mybatis.spring.mapper.ClassPathMapperScanner - Skipping MapperFactoryBean with name 'dormitoryMapper' and 'com.lmh.dormitoryService.mapper.DormitoryMapper' mapperInterface. Bean already defined with the same name!
2020-12-03 19:58:36.105 [main] WARN  org.mybatis.spring.mapper.ClassPathMapperScanner - No MyBatis mapper was found in '[com.lmh.dormitoryService.mapper]' package. Please check your configuration.
2020-12-03 19:58:38.919 [main] WARN  com.netflix.config.sources.URLConfigurationSource - No URLs will be polled as dynamic configuration sources.
2020-12-03 19:58:38.925 [main] WARN  com.netflix.config.sources.URLConfigurationSource - No URLs will be polled as dynamic configuration sources.
2020-12-03 21:10:15.119 [main] WARN  org.mybatis.spring.mapper.ClassPathMapperScanner - Skipping MapperFactoryBean with name 'buildMapper' and 'com.lmh.dormitoryService.mapper.BuildMapper' mapperInterface. Bean already defined with the same name!
2020-12-03 21:10:15.120 [main] WARN  org.mybatis.spring.mapper.ClassPathMapperScanner - Skipping MapperFactoryBean with name 'dormitoryMapper' and 'com.lmh.dormitoryService.mapper.DormitoryMapper' mapperInterface. Bean already defined with the same name!
2020-12-03 21:10:15.120 [main] WARN  org.mybatis.spring.mapper.ClassPathMapperScanner - No MyBatis mapper was found in '[com.lmh.dormitoryService.mapper]' package. Please check your configuration.
2020-12-03 21:10:19.276 [main] WARN  com.netflix.config.sources.URLConfigurationSource - No URLs will be polled as dynamic configuration sources.
2020-12-03 21:10:19.281 [main] WARN  com.netflix.config.sources.URLConfigurationSource - No URLs will be polled as dynamic configuration sources.
