2020-11-27 17:17:37.721 [INFO ] com.lmh.adminService.AdminServiceApplication - Starting AdminServiceApplication on DESKTOP-A1TAV2L with PID 788 (E:\GitHub\dormitory\dormitory_parent\service\service_admin\target\classes started by hp in E:\GitHub\dormitory\dormitory_parent)
2020-11-27 17:17:37.728 [INFO ] com.lmh.adminService.AdminServiceApplication - The following profiles are active: dev
2020-11-27 17:18:26.341 [INFO ] com.lmh.adminService.AdminServiceApplication - Starting AdminServiceApplication on DESKTOP-A1TAV2L with PID 11104 (E:\GitHub\dormitory\dormitory_parent\service\service_admin\target\classes started by hp in E:\GitHub\dormitory\dormitory_parent)
2020-11-27 17:18:26.383 [INFO ] com.lmh.adminService.AdminServiceApplication - The following profiles are active: dev
2020-11-27 17:18:28.035 [INFO ] org.springframework.data.repository.config.RepositoryConfigurationDelegate - Multiple Spring Data modules found, entering strict repository configuration mode!
2020-11-27 17:18:28.058 [INFO ] org.springframework.data.repository.config.RepositoryConfigurationDelegate - Bootstrapping Spring Data repositories in DEFAULT mode.
2020-11-27 17:18:28.133 [INFO ] org.springframework.data.repository.config.RepositoryConfigurationDelegate - Finished Spring Data repository scanning in 29ms. Found 0 repository interfaces.
2020-11-27 17:18:28.497 [INFO ] org.springframework.context.support.PostProcessorRegistrationDelegate$BeanPostProcessorChecker - Bean 'org.springframework.transaction.annotation.ProxyTransactionManagementConfiguration' of type [org.springframework.transaction.annotation.ProxyTransactionManagementConfiguration] is not eligible for getting processed by all BeanPostProcessors (for example: not eligible for auto-proxying)
2020-11-27 17:18:28.871 [INFO ] org.springframework.boot.web.embedded.tomcat.TomcatWebServer - Tomcat initialized with port(s): 8001 (http)
2020-11-27 17:18:28.880 [INFO ] org.apache.coyote.http11.Http11NioProtocol - Initializing ProtocolHandler ["http-nio-8001"]
2020-11-27 17:18:28.880 [INFO ] org.apache.catalina.core.StandardService - Starting service [Tomcat]
2020-11-27 17:18:28.881 [INFO ] org.apache.catalina.core.StandardEngine - Starting Servlet engine: [Apache Tomcat/9.0.27]
2020-11-27 17:18:29.028 [INFO ] org.apache.catalina.core.ContainerBase.[Tomcat].[localhost].[/] - Initializing Spring embedded WebApplicationContext
2020-11-27 17:18:29.222 [INFO ] com.zaxxer.hikari.HikariDataSource - HikariPool-1 - Starting...
2020-11-27 17:18:30.032 [INFO ] com.zaxxer.hikari.HikariDataSource - HikariPool-1 - Start completed.
2020-11-27 17:18:31.047 [INFO ] springfox.documentation.spring.web.PropertySourcedRequestMappingHandlerMapping - Mapped URL path [/v2/api-docs] onto method [springfox.documentation.swagger2.web.Swagger2Controller#getDocumentation(String, HttpServletRequest)]
2020-11-27 17:18:31.193 [INFO ] org.springframework.scheduling.concurrent.ThreadPoolTaskExecutor - Initializing ExecutorService 'applicationTaskExecutor'
2020-11-27 17:18:32.058 [INFO ] springfox.documentation.spring.web.plugins.DocumentationPluginsBootstrapper - Context refreshed
2020-11-27 17:18:32.096 [INFO ] springfox.documentation.spring.web.plugins.DocumentationPluginsBootstrapper - Found 1 custom documentation plugin(s)
2020-11-27 17:18:32.140 [INFO ] springfox.documentation.spring.web.scanners.ApiListingReferenceScanner - Scanning for api listing references
2020-11-27 17:18:32.340 [INFO ] org.apache.coyote.http11.Http11NioProtocol - Starting ProtocolHandler ["http-nio-8001"]
2020-11-27 17:18:32.364 [INFO ] org.springframework.boot.web.embedded.tomcat.TomcatWebServer - Tomcat started on port(s): 8001 (http) with context path ''
2020-11-27 17:18:32.367 [INFO ] com.lmh.adminService.AdminServiceApplication - Started AdminServiceApplication in 6.862 seconds (JVM running for 8.362)
2020-11-27 17:18:41.137 [INFO ] org.apache.catalina.core.ContainerBase.[Tomcat].[localhost].[/] - Initializing Spring DispatcherServlet 'dispatcherServlet'
2020-11-27 17:22:26.990 [INFO ] com.lmh.adminService.AdminServiceApplication - Starting AdminServiceApplication on DESKTOP-A1TAV2L with PID 12076 (E:\GitHub\dormitory\dormitory_parent\service\service_admin\target\classes started by hp in E:\GitHub\dormitory\dormitory_parent)
2020-11-27 17:22:26.993 [INFO ] com.lmh.adminService.AdminServiceApplication - The following profiles are active: dev
2020-11-27 17:22:28.207 [INFO ] org.springframework.data.repository.config.RepositoryConfigurationDelegate - Multiple Spring Data modules found, entering strict repository configuration mode!
2020-11-27 17:22:28.218 [INFO ] org.springframework.data.repository.config.RepositoryConfigurationDelegate - Bootstrapping Spring Data repositories in DEFAULT mode.
2020-11-27 17:22:28.251 [INFO ] org.springframework.data.repository.config.RepositoryConfigurationDelegate - Finished Spring Data repository scanning in 14ms. Found 0 repository interfaces.
2020-11-27 17:22:28.574 [INFO ] org.springframework.context.support.PostProcessorRegistrationDelegate$BeanPostProcessorChecker - Bean 'org.springframework.transaction.annotation.ProxyTransactionManagementConfiguration' of type [org.springframework.transaction.annotation.ProxyTransactionManagementConfiguration] is not eligible for getting processed by all BeanPostProcessors (for example: not eligible for auto-proxying)
2020-11-27 17:22:29.673 [INFO ] org.springframework.boot.web.embedded.tomcat.TomcatWebServer - Tomcat initialized with port(s): 8001 (http)
2020-11-27 17:22:29.684 [INFO ] org.apache.coyote.http11.Http11NioProtocol - Initializing ProtocolHandler ["http-nio-8001"]
2020-11-27 17:22:29.685 [INFO ] org.apache.catalina.core.StandardService - Starting service [Tomcat]
2020-11-27 17:22:29.685 [INFO ] org.apache.catalina.core.StandardEngine - Starting Servlet engine: [Apache Tomcat/9.0.27]
2020-11-27 17:22:29.826 [INFO ] org.apache.catalina.core.ContainerBase.[Tomcat].[localhost].[/] - Initializing Spring embedded WebApplicationContext
2020-11-27 17:22:30.118 [INFO ] com.zaxxer.hikari.HikariDataSource - HikariPool-1 - Starting...
2020-11-27 17:22:31.521 [INFO ] com.zaxxer.hikari.HikariDataSource - HikariPool-1 - Start completed.
2020-11-27 17:22:32.198 [INFO ] springfox.documentation.spring.web.PropertySourcedRequestMappingHandlerMapping - Mapped URL path [/v2/api-docs] onto method [springfox.documentation.swagger2.web.Swagger2Controller#getDocumentation(String, HttpServletRequest)]
2020-11-27 17:22:32.314 [INFO ] org.springframework.scheduling.concurrent.ThreadPoolTaskExecutor - Initializing ExecutorService 'applicationTaskExecutor'
2020-11-27 17:22:32.896 [INFO ] springfox.documentation.spring.web.plugins.DocumentationPluginsBootstrapper - Context refreshed
2020-11-27 17:22:32.985 [INFO ] springfox.documentation.spring.web.plugins.DocumentationPluginsBootstrapper - Found 1 custom documentation plugin(s)
2020-11-27 17:22:33.046 [INFO ] springfox.documentation.spring.web.scanners.ApiListingReferenceScanner - Scanning for api listing references
2020-11-27 17:22:33.326 [INFO ] org.apache.coyote.http11.Http11NioProtocol - Starting ProtocolHandler ["http-nio-8001"]
2020-11-27 17:22:33.347 [INFO ] org.springframework.boot.web.embedded.tomcat.TomcatWebServer - Tomcat started on port(s): 8001 (http) with context path ''
2020-11-27 17:22:33.350 [INFO ] com.lmh.adminService.AdminServiceApplication - Started AdminServiceApplication in 7.98 seconds (JVM running for 11.125)
2020-11-27 17:22:40.974 [INFO ] org.apache.catalina.core.ContainerBase.[Tomcat].[localhost].[/] - Initializing Spring DispatcherServlet 'dispatcherServlet'
2020-11-27 22:10:45.102 [INFO ] com.lmh.adminService.AdminServiceApplication - Starting AdminServiceApplication on DESKTOP-A1TAV2L with PID 8508 (E:\GitHub\dormitory\dormitory_parent\service\service_admin\target\classes started by hp in E:\GitHub\dormitory\dormitory_parent)
2020-11-27 22:10:45.134 [INFO ] com.lmh.adminService.AdminServiceApplication - The following profiles are active: dev
2020-11-27 22:10:47.054 [INFO ] org.springframework.data.repository.config.RepositoryConfigurationDelegate - Multiple Spring Data modules found, entering strict repository configuration mode!
2020-11-27 22:10:47.063 [INFO ] org.springframework.data.repository.config.RepositoryConfigurationDelegate - Bootstrapping Spring Data repositories in DEFAULT mode.
2020-11-27 22:10:47.118 [INFO ] org.springframework.data.repository.config.RepositoryConfigurationDelegate - Finished Spring Data repository scanning in 23ms. Found 0 repository interfaces.
2020-11-27 22:10:47.630 [INFO ] org.springframework.context.support.PostProcessorRegistrationDelegate$BeanPostProcessorChecker - Bean 'org.springframework.transaction.annotation.ProxyTransactionManagementConfiguration' of type [org.springframework.transaction.annotation.ProxyTransactionManagementConfiguration] is not eligible for getting processed by all BeanPostProcessors (for example: not eligible for auto-proxying)
2020-11-27 22:10:48.085 [INFO ] org.springframework.boot.web.embedded.tomcat.TomcatWebServer - Tomcat initialized with port(s): 8001 (http)
2020-11-27 22:10:48.095 [INFO ] org.apache.coyote.http11.Http11NioProtocol - Initializing ProtocolHandler ["http-nio-8001"]
2020-11-27 22:10:48.096 [INFO ] org.apache.catalina.core.StandardService - Starting service [Tomcat]
2020-11-27 22:10:48.096 [INFO ] org.apache.catalina.core.StandardEngine - Starting Servlet engine: [Apache Tomcat/9.0.27]
2020-11-27 22:10:48.325 [INFO ] org.apache.catalina.core.ContainerBase.[Tomcat].[localhost].[/] - Initializing Spring embedded WebApplicationContext
2020-11-27 22:10:48.631 [INFO ] com.zaxxer.hikari.HikariDataSource - HikariPool-1 - Starting...
2020-11-27 22:10:50.205 [INFO ] com.zaxxer.hikari.HikariDataSource - HikariPool-1 - Start completed.
2020-11-27 22:10:51.199 [INFO ] springfox.documentation.spring.web.PropertySourcedRequestMappingHandlerMapping - Mapped URL path [/v2/api-docs] onto method [springfox.documentation.swagger2.web.Swagger2Controller#getDocumentation(String, HttpServletRequest)]
2020-11-27 22:10:51.325 [INFO ] org.springframework.scheduling.concurrent.ThreadPoolTaskExecutor - Initializing ExecutorService 'applicationTaskExecutor'
2020-11-27 22:10:52.570 [INFO ] springfox.documentation.spring.web.plugins.DocumentationPluginsBootstrapper - Context refreshed
2020-11-27 22:10:52.591 [INFO ] springfox.documentation.spring.web.plugins.DocumentationPluginsBootstrapper - Found 1 custom documentation plugin(s)
2020-11-27 22:10:52.671 [INFO ] springfox.documentation.spring.web.scanners.ApiListingReferenceScanner - Scanning for api listing references
2020-11-27 22:10:52.903 [INFO ] org.apache.coyote.http11.Http11NioProtocol - Starting ProtocolHandler ["http-nio-8001"]
2020-11-27 22:10:52.936 [INFO ] org.springframework.boot.web.embedded.tomcat.TomcatWebServer - Tomcat started on port(s): 8001 (http) with context path ''
2020-11-27 22:10:52.941 [INFO ] com.lmh.adminService.AdminServiceApplication - Started AdminServiceApplication in 8.932 seconds (JVM running for 12.317)
2020-11-27 23:07:09.109 [INFO ] com.lmh.adminService.AdminServiceApplication - Starting AdminServiceApplication on DESKTOP-A1TAV2L with PID 2984 (E:\GitHub\dormitory\dormitory_parent\service\service_admin\target\classes started by hp in E:\GitHub\dormitory\dormitory_parent)
2020-11-27 23:07:09.143 [INFO ] com.lmh.adminService.AdminServiceApplication - The following profiles are active: dev
2020-11-27 23:07:10.591 [INFO ] org.springframework.data.repository.config.RepositoryConfigurationDelegate - Multiple Spring Data modules found, entering strict repository configuration mode!
2020-11-27 23:07:10.593 [INFO ] org.springframework.data.repository.config.RepositoryConfigurationDelegate - Bootstrapping Spring Data repositories in DEFAULT mode.
2020-11-27 23:07:10.612 [INFO ] org.springframework.data.repository.config.RepositoryConfigurationDelegate - Finished Spring Data repository scanning in 8ms. Found 0 repository interfaces.
2020-11-27 23:07:10.903 [INFO ] org.springframework.context.support.PostProcessorRegistrationDelegate$BeanPostProcessorChecker - Bean 'org.springframework.transaction.annotation.ProxyTransactionManagementConfiguration' of type [org.springframework.transaction.annotation.ProxyTransactionManagementConfiguration] is not eligible for getting processed by all BeanPostProcessors (for example: not eligible for auto-proxying)
2020-11-27 23:07:11.335 [INFO ] org.springframework.boot.web.embedded.tomcat.TomcatWebServer - Tomcat initialized with port(s): 8001 (http)
2020-11-27 23:07:11.345 [INFO ] org.apache.coyote.http11.Http11NioProtocol - Initializing ProtocolHandler ["http-nio-8001"]
2020-11-27 23:07:11.345 [INFO ] org.apache.catalina.core.StandardService - Starting service [Tomcat]
2020-11-27 23:07:11.345 [INFO ] org.apache.catalina.core.StandardEngine - Starting Servlet engine: [Apache Tomcat/9.0.27]
2020-11-27 23:07:11.634 [INFO ] org.apache.catalina.core.ContainerBase.[Tomcat].[localhost].[/] - Initializing Spring embedded WebApplicationContext
2020-11-27 23:07:11.889 [INFO ] com.zaxxer.hikari.HikariDataSource - HikariPool-1 - Starting...
2020-11-27 23:07:13.272 [INFO ] com.zaxxer.hikari.HikariDataSource - HikariPool-1 - Start completed.
2020-11-27 23:07:14.051 [INFO ] springfox.documentation.spring.web.PropertySourcedRequestMappingHandlerMapping - Mapped URL path [/v2/api-docs] onto method [springfox.documentation.swagger2.web.Swagger2Controller#getDocumentation(String, HttpServletRequest)]
2020-11-27 23:07:14.154 [INFO ] org.springframework.scheduling.concurrent.ThreadPoolTaskExecutor - Initializing ExecutorService 'applicationTaskExecutor'
2020-11-27 23:07:14.847 [INFO ] springfox.documentation.spring.web.plugins.DocumentationPluginsBootstrapper - Context refreshed
2020-11-27 23:07:14.892 [INFO ] springfox.documentation.spring.web.plugins.DocumentationPluginsBootstrapper - Found 1 custom documentation plugin(s)
2020-11-27 23:07:14.934 [INFO ] springfox.documentation.spring.web.scanners.ApiListingReferenceScanner - Scanning for api listing references
2020-11-27 23:07:15.119 [INFO ] org.apache.coyote.http11.Http11NioProtocol - Starting ProtocolHandler ["http-nio-8001"]
2020-11-27 23:07:15.139 [INFO ] org.springframework.boot.web.embedded.tomcat.TomcatWebServer - Tomcat started on port(s): 8001 (http) with context path ''
2020-11-27 23:07:15.142 [INFO ] com.lmh.adminService.AdminServiceApplication - Started AdminServiceApplication in 7.206 seconds (JVM running for 9.322)
2020-11-27 23:07:31.437 [INFO ] org.apache.catalina.core.ContainerBase.[Tomcat].[localhost].[/] - Initializing Spring DispatcherServlet 'dispatcherServlet'
