2020-12-07 10:32:24.603 [main] WARN  org.mybatis.spring.mapper.ClassPathMapperScanner - Skipping MapperFactoryBean with name 'memberMapper' and 'com.lmh.manageService.mapper.MemberMapper' mapperInterface. Bean already defined with the same name!
2020-12-07 10:32:24.603 [main] WARN  org.mybatis.spring.mapper.ClassPathMapperScanner - Skipping MapperFactoryBean with name 'studentMapper' and 'com.lmh.manageService.mapper.StudentMapper' mapperInterface. Bean already defined with the same name!
2020-12-07 10:32:24.604 [main] WARN  org.mybatis.spring.mapper.ClassPathMapperScanner - No MyBatis mapper was found in '[com.lmh.manageService.mapper]' package. Please check your configuration.
2020-12-07 10:32:29.358 [main] WARN  com.netflix.config.sources.URLConfigurationSource - No URLs will be polled as dynamic configuration sources.
2020-12-07 10:32:29.377 [main] WARN  com.netflix.config.sources.URLConfigurationSource - No URLs will be polled as dynamic configuration sources.
2020-12-07 10:33:36.445 [main] WARN  org.mybatis.spring.mapper.ClassPathMapperScanner - Skipping MapperFactoryBean with name 'buildMapper' and 'com.lmh.dormitoryService.mapper.BuildMapper' mapperInterface. Bean already defined with the same name!
2020-12-07 10:33:36.445 [main] WARN  org.mybatis.spring.mapper.ClassPathMapperScanner - Skipping MapperFactoryBean with name 'dormitoryMapper' and 'com.lmh.dormitoryService.mapper.DormitoryMapper' mapperInterface. Bean already defined with the same name!
2020-12-07 10:33:36.445 [main] WARN  org.mybatis.spring.mapper.ClassPathMapperScanner - No MyBatis mapper was found in '[com.lmh.dormitoryService.mapper]' package. Please check your configuration.
2020-12-07 10:33:39.156 [main] WARN  com.netflix.config.sources.URLConfigurationSource - No URLs will be polled as dynamic configuration sources.
2020-12-07 10:33:39.160 [main] WARN  com.netflix.config.sources.URLConfigurationSource - No URLs will be polled as dynamic configuration sources.
2020-12-07 11:03:36.814 [main] WARN  org.mybatis.spring.mapper.ClassPathMapperScanner - Skipping MapperFactoryBean with name 'memberMapper' and 'com.lmh.manageService.mapper.MemberMapper' mapperInterface. Bean already defined with the same name!
2020-12-07 11:03:36.815 [main] WARN  org.mybatis.spring.mapper.ClassPathMapperScanner - Skipping MapperFactoryBean with name 'studentMapper' and 'com.lmh.manageService.mapper.StudentMapper' mapperInterface. Bean already defined with the same name!
2020-12-07 11:03:36.815 [main] WARN  org.mybatis.spring.mapper.ClassPathMapperScanner - No MyBatis mapper was found in '[com.lmh.manageService.mapper]' package. Please check your configuration.
2020-12-07 11:03:40.911 [main] WARN  com.netflix.config.sources.URLConfigurationSource - No URLs will be polled as dynamic configuration sources.
2020-12-07 11:03:40.916 [main] WARN  com.netflix.config.sources.URLConfigurationSource - No URLs will be polled as dynamic configuration sources.
2020-12-07 11:24:00.304 [main] WARN  org.mybatis.spring.mapper.ClassPathMapperScanner - Skipping MapperFactoryBean with name 'buildMapper' and 'com.lmh.dormitoryService.mapper.BuildMapper' mapperInterface. Bean already defined with the same name!
2020-12-07 11:24:00.304 [main] WARN  org.mybatis.spring.mapper.ClassPathMapperScanner - Skipping MapperFactoryBean with name 'dormitoryMapper' and 'com.lmh.dormitoryService.mapper.DormitoryMapper' mapperInterface. Bean already defined with the same name!
2020-12-07 11:24:00.305 [main] WARN  org.mybatis.spring.mapper.ClassPathMapperScanner - No MyBatis mapper was found in '[com.lmh.dormitoryService.mapper]' package. Please check your configuration.
2020-12-07 11:24:04.941 [main] WARN  com.netflix.config.sources.URLConfigurationSource - No URLs will be polled as dynamic configuration sources.
2020-12-07 11:24:04.946 [main] WARN  com.netflix.config.sources.URLConfigurationSource - No URLs will be polled as dynamic configuration sources.
