2020-12-03 10:23:43.897 [INFO ] org.springframework.context.support.PostProcessorRegistrationDelegate$BeanPostProcessorChecker - Bean 'org.springframework.cloud.autoconfigure.ConfigurationPropertiesRebinderAutoConfiguration' of type [org.springframework.cloud.autoconfigure.ConfigurationPropertiesRebinderAutoConfiguration] is not eligible for getting processed by all BeanPostProcessors (for example: not eligible for auto-proxying)
2020-12-03 10:23:47.045 [INFO ] com.lmh.adminService.AdminServiceApplication - The following profiles are active: dev
2020-12-03 10:23:53.520 [INFO ] org.springframework.data.repository.config.RepositoryConfigurationDelegate - Multiple Spring Data modules found, entering strict repository configuration mode!
2020-12-03 10:23:53.548 [INFO ] org.springframework.data.repository.config.RepositoryConfigurationDelegate - Bootstrapping Spring Data repositories in DEFAULT mode.
2020-12-03 10:23:53.605 [INFO ] org.springframework.data.repository.config.RepositoryConfigurationDelegate - Finished Spring Data repository scanning in 13ms. Found 0 repository interfaces.
2020-12-03 10:23:53.932 [INFO ] org.springframework.cloud.context.scope.GenericScope - BeanFactory id=d1424d4e-94c8-3107-afb6-c146166941d3
2020-12-03 10:23:54.080 [INFO ] org.springframework.context.support.PostProcessorRegistrationDelegate$BeanPostProcessorChecker - Bean 'org.springframework.transaction.annotation.ProxyTransactionManagementConfiguration' of type [org.springframework.transaction.annotation.ProxyTransactionManagementConfiguration] is not eligible for getting processed by all BeanPostProcessors (for example: not eligible for auto-proxying)
2020-12-03 10:23:54.150 [INFO ] org.springframework.context.support.PostProcessorRegistrationDelegate$BeanPostProcessorChecker - Bean 'org.springframework.cloud.autoconfigure.ConfigurationPropertiesRebinderAutoConfiguration' of type [org.springframework.cloud.autoconfigure.ConfigurationPropertiesRebinderAutoConfiguration] is not eligible for getting processed by all BeanPostProcessors (for example: not eligible for auto-proxying)
2020-12-03 10:23:54.580 [INFO ] org.springframework.boot.web.embedded.tomcat.TomcatWebServer - Tomcat initialized with port(s): 8001 (http)
2020-12-03 10:23:54.593 [INFO ] org.apache.coyote.http11.Http11NioProtocol - Initializing ProtocolHandler ["http-nio-8001"]
2020-12-03 10:23:54.594 [INFO ] org.apache.catalina.core.StandardService - Starting service [Tomcat]
2020-12-03 10:23:54.594 [INFO ] org.apache.catalina.core.StandardEngine - Starting Servlet engine: [Apache Tomcat/9.0.27]
2020-12-03 10:23:54.842 [INFO ] org.apache.catalina.core.ContainerBase.[Tomcat].[localhost].[/] - Initializing Spring embedded WebApplicationContext
2020-12-03 10:23:55.245 [INFO ] com.zaxxer.hikari.HikariDataSource - HikariPool-1 - Starting...
2020-12-03 10:23:56.851 [INFO ] com.zaxxer.hikari.HikariDataSource - HikariPool-1 - Start completed.
2020-12-03 10:23:57.791 [INFO ] springfox.documentation.spring.web.PropertySourcedRequestMappingHandlerMapping - Mapped URL path [/v2/api-docs] onto method [springfox.documentation.swagger2.web.Swagger2Controller#getDocumentation(String, HttpServletRequest)]
2020-12-03 10:23:57.814 [INFO ] com.netflix.config.sources.URLConfigurationSource - To enable URLs as dynamic configuration sources, define System property archaius.configurationSource.additionalUrls or make config.properties available on classpath.
2020-12-03 10:23:57.839 [INFO ] com.netflix.config.sources.URLConfigurationSource - To enable URLs as dynamic configuration sources, define System property archaius.configurationSource.additionalUrls or make config.properties available on classpath.
2020-12-03 10:23:58.013 [INFO ] org.springframework.scheduling.concurrent.ThreadPoolTaskExecutor - Initializing ExecutorService 'applicationTaskExecutor'
2020-12-03 10:24:01.223 [INFO ] org.springframework.cloud.commons.util.InetUtils - Cannot determine local hostname
2020-12-03 10:24:01.317 [INFO ] org.springframework.scheduling.concurrent.ThreadPoolTaskScheduler - Initializing ExecutorService
2020-12-03 10:24:03.442 [INFO ] org.springframework.cloud.commons.util.InetUtils - Cannot determine local hostname
2020-12-03 10:24:05.340 [INFO ] org.springframework.cloud.commons.util.InetUtils - Cannot determine local hostname
2020-12-03 10:24:05.655 [INFO ] springfox.documentation.spring.web.plugins.DocumentationPluginsBootstrapper - Context refreshed
2020-12-03 10:24:05.714 [INFO ] springfox.documentation.spring.web.plugins.DocumentationPluginsBootstrapper - Found 1 custom documentation plugin(s)
2020-12-03 10:24:05.797 [INFO ] springfox.documentation.spring.web.scanners.ApiListingReferenceScanner - Scanning for api listing references
2020-12-03 10:24:06.083 [INFO ] org.apache.coyote.http11.Http11NioProtocol - Starting ProtocolHandler ["http-nio-8001"]
2020-12-03 10:24:06.112 [INFO ] org.springframework.boot.web.embedded.tomcat.TomcatWebServer - Tomcat started on port(s): 8001 (http) with context path ''
2020-12-03 10:24:06.150 [INFO ] org.springframework.cloud.alibaba.nacos.registry.NacosServiceRegistry - nacos registry, service-admin 192.168.56.1:8001 register finished
2020-12-03 10:24:08.078 [INFO ] org.springframework.cloud.commons.util.InetUtils - Cannot determine local hostname
2020-12-03 10:24:08.080 [INFO ] com.lmh.adminService.AdminServiceApplication - Started AdminServiceApplication in 29.813 seconds (JVM running for 34.036)
2020-12-03 10:24:42.478 [INFO ] org.apache.catalina.core.ContainerBase.[Tomcat].[localhost].[/] - Initializing Spring DispatcherServlet 'dispatcherServlet'
2020-12-03 18:54:24.559 [INFO ] org.springframework.context.support.PostProcessorRegistrationDelegate$BeanPostProcessorChecker - Bean 'org.springframework.cloud.autoconfigure.ConfigurationPropertiesRebinderAutoConfiguration' of type [org.springframework.cloud.autoconfigure.ConfigurationPropertiesRebinderAutoConfiguration] is not eligible for getting processed by all BeanPostProcessors (for example: not eligible for auto-proxying)
2020-12-03 18:54:26.810 [INFO ] com.lmh.adminService.AdminServiceApplication - The following profiles are active: dev
2020-12-03 18:54:28.481 [INFO ] org.springframework.data.repository.config.RepositoryConfigurationDelegate - Multiple Spring Data modules found, entering strict repository configuration mode!
2020-12-03 18:54:28.508 [INFO ] org.springframework.data.repository.config.RepositoryConfigurationDelegate - Bootstrapping Spring Data repositories in DEFAULT mode.
2020-12-03 18:54:28.580 [INFO ] org.springframework.data.repository.config.RepositoryConfigurationDelegate - Finished Spring Data repository scanning in 10ms. Found 0 repository interfaces.
2020-12-03 18:54:28.843 [INFO ] org.springframework.cloud.context.scope.GenericScope - BeanFactory id=d1424d4e-94c8-3107-afb6-c146166941d3
2020-12-03 18:54:29.000 [INFO ] org.springframework.context.support.PostProcessorRegistrationDelegate$BeanPostProcessorChecker - Bean 'org.springframework.transaction.annotation.ProxyTransactionManagementConfiguration' of type [org.springframework.transaction.annotation.ProxyTransactionManagementConfiguration] is not eligible for getting processed by all BeanPostProcessors (for example: not eligible for auto-proxying)
2020-12-03 18:54:29.058 [INFO ] org.springframework.context.support.PostProcessorRegistrationDelegate$BeanPostProcessorChecker - Bean 'org.springframework.cloud.autoconfigure.ConfigurationPropertiesRebinderAutoConfiguration' of type [org.springframework.cloud.autoconfigure.ConfigurationPropertiesRebinderAutoConfiguration] is not eligible for getting processed by all BeanPostProcessors (for example: not eligible for auto-proxying)
2020-12-03 18:54:29.451 [INFO ] org.springframework.boot.web.embedded.tomcat.TomcatWebServer - Tomcat initialized with port(s): 8001 (http)
2020-12-03 18:54:29.461 [INFO ] org.apache.coyote.http11.Http11NioProtocol - Initializing ProtocolHandler ["http-nio-8001"]
2020-12-03 18:54:29.461 [INFO ] org.apache.catalina.core.StandardService - Starting service [Tomcat]
2020-12-03 18:54:29.461 [INFO ] org.apache.catalina.core.StandardEngine - Starting Servlet engine: [Apache Tomcat/9.0.27]
2020-12-03 18:54:29.639 [INFO ] org.apache.catalina.core.ContainerBase.[Tomcat].[localhost].[/] - Initializing Spring embedded WebApplicationContext
2020-12-03 18:54:30.003 [INFO ] com.zaxxer.hikari.HikariDataSource - HikariPool-1 - Starting...
2020-12-03 18:54:31.397 [INFO ] com.zaxxer.hikari.HikariDataSource - HikariPool-1 - Start completed.
2020-12-03 18:54:32.089 [INFO ] springfox.documentation.spring.web.PropertySourcedRequestMappingHandlerMapping - Mapped URL path [/v2/api-docs] onto method [springfox.documentation.swagger2.web.Swagger2Controller#getDocumentation(String, HttpServletRequest)]
2020-12-03 18:54:32.107 [INFO ] com.netflix.config.sources.URLConfigurationSource - To enable URLs as dynamic configuration sources, define System property archaius.configurationSource.additionalUrls or make config.properties available on classpath.
2020-12-03 18:54:32.126 [INFO ] com.netflix.config.sources.URLConfigurationSource - To enable URLs as dynamic configuration sources, define System property archaius.configurationSource.additionalUrls or make config.properties available on classpath.
2020-12-03 18:54:32.267 [INFO ] org.springframework.scheduling.concurrent.ThreadPoolTaskExecutor - Initializing ExecutorService 'applicationTaskExecutor'
2020-12-03 18:54:35.122 [INFO ] org.springframework.cloud.commons.util.InetUtils - Cannot determine local hostname
2020-12-03 18:54:35.618 [INFO ] org.springframework.scheduling.concurrent.ThreadPoolTaskScheduler - Initializing ExecutorService
2020-12-03 18:54:37.464 [INFO ] org.springframework.cloud.commons.util.InetUtils - Cannot determine local hostname
2020-12-03 18:54:39.337 [INFO ] org.springframework.cloud.commons.util.InetUtils - Cannot determine local hostname
2020-12-03 18:54:39.642 [INFO ] springfox.documentation.spring.web.plugins.DocumentationPluginsBootstrapper - Context refreshed
2020-12-03 18:54:39.747 [INFO ] springfox.documentation.spring.web.plugins.DocumentationPluginsBootstrapper - Found 1 custom documentation plugin(s)
2020-12-03 18:54:39.862 [INFO ] springfox.documentation.spring.web.scanners.ApiListingReferenceScanner - Scanning for api listing references
2020-12-03 18:54:40.067 [INFO ] org.apache.coyote.http11.Http11NioProtocol - Starting ProtocolHandler ["http-nio-8001"]
2020-12-03 18:54:40.089 [INFO ] org.springframework.boot.web.embedded.tomcat.TomcatWebServer - Tomcat started on port(s): 8001 (http) with context path ''
2020-12-03 18:54:40.117 [INFO ] org.springframework.cloud.alibaba.nacos.registry.NacosServiceRegistry - nacos registry, service-admin 192.168.56.1:8001 register finished
2020-12-03 18:54:41.950 [INFO ] org.springframework.cloud.commons.util.InetUtils - Cannot determine local hostname
2020-12-03 18:54:41.951 [INFO ] com.lmh.adminService.AdminServiceApplication - Started AdminServiceApplication in 20.613 seconds (JVM running for 23.733)
2020-12-03 19:00:56.592 [INFO ] org.apache.catalina.core.ContainerBase.[Tomcat].[localhost].[/] - Initializing Spring DispatcherServlet 'dispatcherServlet'
