2020-12-01 13:45:24.213 [main] WARN  org.mybatis.spring.mapper.ClassPathMapperScanner - Skipping MapperFactoryBean with name 'studentMapper' and 'com.lmh.manageService.mapper.StudentMapper' mapperInterface. Bean already defined with the same name!
2020-12-01 13:45:24.214 [main] WARN  org.mybatis.spring.mapper.ClassPathMapperScanner - No MyBatis mapper was found in '[com.lmh.manageService.mapper]' package. Please check your configuration.
2020-12-01 13:45:27.935 [main] WARN  com.netflix.config.sources.URLConfigurationSource - No URLs will be polled as dynamic configuration sources.
2020-12-01 13:45:27.961 [main] WARN  com.netflix.config.sources.URLConfigurationSource - No URLs will be polled as dynamic configuration sources.
2020-12-01 13:47:12.331 [main] WARN  org.mybatis.spring.mapper.ClassPathMapperScanner - Skipping MapperFactoryBean with name 'studentMapper' and 'com.lmh.manageService.mapper.StudentMapper' mapperInterface. Bean already defined with the same name!
2020-12-01 13:47:12.360 [main] WARN  org.mybatis.spring.mapper.ClassPathMapperScanner - No MyBatis mapper was found in '[com.lmh.manageService.mapper]' package. Please check your configuration.
2020-12-01 13:47:16.826 [main] WARN  com.netflix.config.sources.URLConfigurationSource - No URLs will be polled as dynamic configuration sources.
2020-12-01 13:47:16.846 [main] WARN  com.netflix.config.sources.URLConfigurationSource - No URLs will be polled as dynamic configuration sources.
2020-12-01 13:48:05.963 [main] WARN  org.mybatis.spring.mapper.ClassPathMapperScanner - Skipping MapperFactoryBean with name 'buildMapper' and 'com.lmh.dormitoryService.mapper.BuildMapper' mapperInterface. Bean already defined with the same name!
2020-12-01 13:48:05.963 [main] WARN  org.mybatis.spring.mapper.ClassPathMapperScanner - Skipping MapperFactoryBean with name 'dormitoryMapper' and 'com.lmh.dormitoryService.mapper.DormitoryMapper' mapperInterface. Bean already defined with the same name!
2020-12-01 13:48:05.964 [main] WARN  org.mybatis.spring.mapper.ClassPathMapperScanner - No MyBatis mapper was found in '[com.lmh.dormitoryService.mapper]' package. Please check your configuration.
2020-12-01 13:48:09.379 [main] WARN  com.netflix.config.sources.URLConfigurationSource - No URLs will be polled as dynamic configuration sources.
2020-12-01 13:48:09.384 [main] WARN  com.netflix.config.sources.URLConfigurationSource - No URLs will be polled as dynamic configuration sources.
2020-12-01 16:21:26.328 [main] WARN  org.mybatis.spring.mapper.ClassPathMapperScanner - Skipping MapperFactoryBean with name 'memberMapper' and 'com.lmh.manageService.mapper.MemberMapper' mapperInterface. Bean already defined with the same name!
2020-12-01 16:21:26.888 [main] WARN  org.mybatis.spring.mapper.ClassPathMapperScanner - Skipping MapperFactoryBean with name 'studentMapper' and 'com.lmh.manageService.mapper.StudentMapper' mapperInterface. Bean already defined with the same name!
2020-12-01 16:21:26.889 [main] WARN  org.mybatis.spring.mapper.ClassPathMapperScanner - No MyBatis mapper was found in '[com.lmh.manageService.mapper]' package. Please check your configuration.
2020-12-01 16:21:34.980 [main] WARN  com.netflix.config.sources.URLConfigurationSource - No URLs will be polled as dynamic configuration sources.
2020-12-01 16:21:35.005 [main] WARN  com.netflix.config.sources.URLConfigurationSource - No URLs will be polled as dynamic configuration sources.
2020-12-01 16:22:04.586 [main] WARN  org.mybatis.spring.mapper.ClassPathMapperScanner - Skipping MapperFactoryBean with name 'buildMapper' and 'com.lmh.dormitoryService.mapper.BuildMapper' mapperInterface. Bean already defined with the same name!
2020-12-01 16:22:04.586 [main] WARN  org.mybatis.spring.mapper.ClassPathMapperScanner - Skipping MapperFactoryBean with name 'dormitoryMapper' and 'com.lmh.dormitoryService.mapper.DormitoryMapper' mapperInterface. Bean already defined with the same name!
2020-12-01 16:22:04.586 [main] WARN  org.mybatis.spring.mapper.ClassPathMapperScanner - No MyBatis mapper was found in '[com.lmh.dormitoryService.mapper]' package. Please check your configuration.
2020-12-01 16:22:07.147 [main] WARN  com.netflix.config.sources.URLConfigurationSource - No URLs will be polled as dynamic configuration sources.
2020-12-01 16:22:07.151 [main] WARN  com.netflix.config.sources.URLConfigurationSource - No URLs will be polled as dynamic configuration sources.
2020-12-01 16:30:01.936 [main] WARN  org.mybatis.spring.mapper.ClassPathMapperScanner - Skipping MapperFactoryBean with name 'buildMapper' and 'com.lmh.dormitoryService.mapper.BuildMapper' mapperInterface. Bean already defined with the same name!
2020-12-01 16:30:01.936 [main] WARN  org.mybatis.spring.mapper.ClassPathMapperScanner - Skipping MapperFactoryBean with name 'dormitoryMapper' and 'com.lmh.dormitoryService.mapper.DormitoryMapper' mapperInterface. Bean already defined with the same name!
2020-12-01 16:30:01.937 [main] WARN  org.mybatis.spring.mapper.ClassPathMapperScanner - No MyBatis mapper was found in '[com.lmh.dormitoryService.mapper]' package. Please check your configuration.
2020-12-01 16:30:04.666 [main] WARN  com.netflix.config.sources.URLConfigurationSource - No URLs will be polled as dynamic configuration sources.
2020-12-01 16:30:04.671 [main] WARN  com.netflix.config.sources.URLConfigurationSource - No URLs will be polled as dynamic configuration sources.
2020-12-01 16:39:40.880 [main] WARN  org.mybatis.spring.mapper.ClassPathMapperScanner - Skipping MapperFactoryBean with name 'buildMapper' and 'com.lmh.dormitoryService.mapper.BuildMapper' mapperInterface. Bean already defined with the same name!
2020-12-01 16:39:40.881 [main] WARN  org.mybatis.spring.mapper.ClassPathMapperScanner - Skipping MapperFactoryBean with name 'dormitoryMapper' and 'com.lmh.dormitoryService.mapper.DormitoryMapper' mapperInterface. Bean already defined with the same name!
2020-12-01 16:39:40.881 [main] WARN  org.mybatis.spring.mapper.ClassPathMapperScanner - No MyBatis mapper was found in '[com.lmh.dormitoryService.mapper]' package. Please check your configuration.
2020-12-01 16:39:44.705 [main] WARN  com.netflix.config.sources.URLConfigurationSource - No URLs will be polled as dynamic configuration sources.
2020-12-01 16:39:44.710 [main] WARN  com.netflix.config.sources.URLConfigurationSource - No URLs will be polled as dynamic configuration sources.
2020-12-01 16:41:12.388 [main] WARN  org.mybatis.spring.mapper.ClassPathMapperScanner - Skipping MapperFactoryBean with name 'buildMapper' and 'com.lmh.dormitoryService.mapper.BuildMapper' mapperInterface. Bean already defined with the same name!
2020-12-01 16:41:12.388 [main] WARN  org.mybatis.spring.mapper.ClassPathMapperScanner - Skipping MapperFactoryBean with name 'dormitoryMapper' and 'com.lmh.dormitoryService.mapper.DormitoryMapper' mapperInterface. Bean already defined with the same name!
2020-12-01 16:41:12.389 [main] WARN  org.mybatis.spring.mapper.ClassPathMapperScanner - No MyBatis mapper was found in '[com.lmh.dormitoryService.mapper]' package. Please check your configuration.
2020-12-01 16:41:15.338 [main] WARN  com.netflix.config.sources.URLConfigurationSource - No URLs will be polled as dynamic configuration sources.
2020-12-01 16:41:15.344 [main] WARN  com.netflix.config.sources.URLConfigurationSource - No URLs will be polled as dynamic configuration sources.
2020-12-01 16:44:03.161 [main] WARN  org.mybatis.spring.mapper.ClassPathMapperScanner - Skipping MapperFactoryBean with name 'buildMapper' and 'com.lmh.dormitoryService.mapper.BuildMapper' mapperInterface. Bean already defined with the same name!
2020-12-01 16:44:03.161 [main] WARN  org.mybatis.spring.mapper.ClassPathMapperScanner - Skipping MapperFactoryBean with name 'dormitoryMapper' and 'com.lmh.dormitoryService.mapper.DormitoryMapper' mapperInterface. Bean already defined with the same name!
2020-12-01 16:44:03.161 [main] WARN  org.mybatis.spring.mapper.ClassPathMapperScanner - No MyBatis mapper was found in '[com.lmh.dormitoryService.mapper]' package. Please check your configuration.
2020-12-01 16:44:06.180 [main] WARN  com.netflix.config.sources.URLConfigurationSource - No URLs will be polled as dynamic configuration sources.
2020-12-01 16:44:06.184 [main] WARN  com.netflix.config.sources.URLConfigurationSource - No URLs will be polled as dynamic configuration sources.
2020-12-01 17:20:22.517 [main] WARN  org.mybatis.spring.mapper.ClassPathMapperScanner - Skipping MapperFactoryBean with name 'buildMapper' and 'com.lmh.dormitoryService.mapper.BuildMapper' mapperInterface. Bean already defined with the same name!
2020-12-01 17:20:22.517 [main] WARN  org.mybatis.spring.mapper.ClassPathMapperScanner - Skipping MapperFactoryBean with name 'dormitoryMapper' and 'com.lmh.dormitoryService.mapper.DormitoryMapper' mapperInterface. Bean already defined with the same name!
2020-12-01 17:20:22.517 [main] WARN  org.mybatis.spring.mapper.ClassPathMapperScanner - No MyBatis mapper was found in '[com.lmh.dormitoryService.mapper]' package. Please check your configuration.
2020-12-01 17:20:27.806 [main] WARN  com.netflix.config.sources.URLConfigurationSource - No URLs will be polled as dynamic configuration sources.
2020-12-01 17:20:27.812 [main] WARN  com.netflix.config.sources.URLConfigurationSource - No URLs will be polled as dynamic configuration sources.
2020-12-01 17:25:24.417 [main] WARN  org.mybatis.spring.mapper.ClassPathMapperScanner - Skipping MapperFactoryBean with name 'buildMapper' and 'com.lmh.dormitoryService.mapper.BuildMapper' mapperInterface. Bean already defined with the same name!
2020-12-01 17:25:24.417 [main] WARN  org.mybatis.spring.mapper.ClassPathMapperScanner - Skipping MapperFactoryBean with name 'dormitoryMapper' and 'com.lmh.dormitoryService.mapper.DormitoryMapper' mapperInterface. Bean already defined with the same name!
2020-12-01 17:25:24.418 [main] WARN  org.mybatis.spring.mapper.ClassPathMapperScanner - No MyBatis mapper was found in '[com.lmh.dormitoryService.mapper]' package. Please check your configuration.
2020-12-01 17:25:28.629 [main] WARN  com.netflix.config.sources.URLConfigurationSource - No URLs will be polled as dynamic configuration sources.
2020-12-01 17:25:28.634 [main] WARN  com.netflix.config.sources.URLConfigurationSource - No URLs will be polled as dynamic configuration sources.
2020-12-01 17:26:28.672 [main] WARN  org.mybatis.spring.mapper.ClassPathMapperScanner - Skipping MapperFactoryBean with name 'memberMapper' and 'com.lmh.manageService.mapper.MemberMapper' mapperInterface. Bean already defined with the same name!
2020-12-01 17:26:28.673 [main] WARN  org.mybatis.spring.mapper.ClassPathMapperScanner - Skipping MapperFactoryBean with name 'studentMapper' and 'com.lmh.manageService.mapper.StudentMapper' mapperInterface. Bean already defined with the same name!
2020-12-01 17:26:28.673 [main] WARN  org.mybatis.spring.mapper.ClassPathMapperScanner - No MyBatis mapper was found in '[com.lmh.manageService.mapper]' package. Please check your configuration.
2020-12-01 17:26:31.266 [main] WARN  com.netflix.config.sources.URLConfigurationSource - No URLs will be polled as dynamic configuration sources.
2020-12-01 17:26:31.273 [main] WARN  com.netflix.config.sources.URLConfigurationSource - No URLs will be polled as dynamic configuration sources.
2020-12-01 19:32:45.675 [main] WARN  org.mybatis.spring.mapper.ClassPathMapperScanner - Skipping MapperFactoryBean with name 'memberMapper' and 'com.lmh.manageService.mapper.MemberMapper' mapperInterface. Bean already defined with the same name!
2020-12-01 19:32:45.703 [main] WARN  org.mybatis.spring.mapper.ClassPathMapperScanner - Skipping MapperFactoryBean with name 'studentMapper' and 'com.lmh.manageService.mapper.StudentMapper' mapperInterface. Bean already defined with the same name!
2020-12-01 19:32:45.703 [main] WARN  org.mybatis.spring.mapper.ClassPathMapperScanner - No MyBatis mapper was found in '[com.lmh.manageService.mapper]' package. Please check your configuration.
2020-12-01 19:32:49.297 [main] WARN  com.netflix.config.sources.URLConfigurationSource - No URLs will be polled as dynamic configuration sources.
2020-12-01 19:32:49.319 [main] WARN  com.netflix.config.sources.URLConfigurationSource - No URLs will be polled as dynamic configuration sources.
2020-12-01 19:35:31.635 [main] WARN  org.mybatis.spring.mapper.ClassPathMapperScanner - Skipping MapperFactoryBean with name 'buildMapper' and 'com.lmh.dormitoryService.mapper.BuildMapper' mapperInterface. Bean already defined with the same name!
2020-12-01 19:35:31.636 [main] WARN  org.mybatis.spring.mapper.ClassPathMapperScanner - Skipping MapperFactoryBean with name 'dormitoryMapper' and 'com.lmh.dormitoryService.mapper.DormitoryMapper' mapperInterface. Bean already defined with the same name!
2020-12-01 19:35:31.636 [main] WARN  org.mybatis.spring.mapper.ClassPathMapperScanner - No MyBatis mapper was found in '[com.lmh.dormitoryService.mapper]' package. Please check your configuration.
2020-12-01 19:35:34.261 [main] WARN  com.netflix.config.sources.URLConfigurationSource - No URLs will be polled as dynamic configuration sources.
2020-12-01 19:35:34.266 [main] WARN  com.netflix.config.sources.URLConfigurationSource - No URLs will be polled as dynamic configuration sources.
2020-12-01 19:38:20.711 [main] WARN  org.mybatis.spring.mapper.ClassPathMapperScanner - Skipping MapperFactoryBean with name 'buildMapper' and 'com.lmh.dormitoryService.mapper.BuildMapper' mapperInterface. Bean already defined with the same name!
2020-12-01 19:38:20.711 [main] WARN  org.mybatis.spring.mapper.ClassPathMapperScanner - Skipping MapperFactoryBean with name 'dormitoryMapper' and 'com.lmh.dormitoryService.mapper.DormitoryMapper' mapperInterface. Bean already defined with the same name!
2020-12-01 19:38:20.712 [main] WARN  org.mybatis.spring.mapper.ClassPathMapperScanner - No MyBatis mapper was found in '[com.lmh.dormitoryService.mapper]' package. Please check your configuration.
2020-12-01 19:38:23.825 [main] WARN  com.netflix.config.sources.URLConfigurationSource - No URLs will be polled as dynamic configuration sources.
2020-12-01 19:38:23.829 [main] WARN  com.netflix.config.sources.URLConfigurationSource - No URLs will be polled as dynamic configuration sources.
2020-12-01 20:09:36.568 [main] WARN  org.mybatis.spring.mapper.ClassPathMapperScanner - Skipping MapperFactoryBean with name 'buildMapper' and 'com.lmh.dormitoryService.mapper.BuildMapper' mapperInterface. Bean already defined with the same name!
2020-12-01 20:09:36.568 [main] WARN  org.mybatis.spring.mapper.ClassPathMapperScanner - Skipping MapperFactoryBean with name 'dormitoryMapper' and 'com.lmh.dormitoryService.mapper.DormitoryMapper' mapperInterface. Bean already defined with the same name!
2020-12-01 20:09:36.568 [main] WARN  org.mybatis.spring.mapper.ClassPathMapperScanner - No MyBatis mapper was found in '[com.lmh.dormitoryService.mapper]' package. Please check your configuration.
2020-12-01 20:09:40.537 [main] WARN  o.s.b.w.s.c.AnnotationConfigServletWebServerApplicationContext - Exception encountered during context initialization - cancelling refresh attempt: org.springframework.beans.factory.UnsatisfiedDependencyException: Error creating bean with name 'buildController': Unsatisfied dependency expressed through field 'manageClient'; nested exception is org.springframework.beans.factory.BeanCreationException: Error creating bean with name 'com.lmh.dormitoryService.client.ManageClient': FactoryBean threw exception on object creation; nested exception is java.lang.IllegalStateException: No fallback instance of type class com.lmh.dormitoryService.client.impl.ManageClientImpl found for feign client service-manage
2020-12-01 20:11:06.662 [main] WARN  org.mybatis.spring.mapper.ClassPathMapperScanner - Skipping MapperFactoryBean with name 'memberMapper' and 'com.lmh.manageService.mapper.MemberMapper' mapperInterface. Bean already defined with the same name!
2020-12-01 20:11:06.662 [main] WARN  org.mybatis.spring.mapper.ClassPathMapperScanner - Skipping MapperFactoryBean with name 'studentMapper' and 'com.lmh.manageService.mapper.StudentMapper' mapperInterface. Bean already defined with the same name!
2020-12-01 20:11:06.662 [main] WARN  org.mybatis.spring.mapper.ClassPathMapperScanner - No MyBatis mapper was found in '[com.lmh.manageService.mapper]' package. Please check your configuration.
2020-12-01 20:11:09.631 [main] WARN  com.netflix.config.sources.URLConfigurationSource - No URLs will be polled as dynamic configuration sources.
2020-12-01 20:11:09.641 [main] WARN  com.netflix.config.sources.URLConfigurationSource - No URLs will be polled as dynamic configuration sources.
2020-12-01 20:11:25.732 [main] WARN  org.mybatis.spring.mapper.ClassPathMapperScanner - Skipping MapperFactoryBean with name 'buildMapper' and 'com.lmh.dormitoryService.mapper.BuildMapper' mapperInterface. Bean already defined with the same name!
2020-12-01 20:11:25.732 [main] WARN  org.mybatis.spring.mapper.ClassPathMapperScanner - Skipping MapperFactoryBean with name 'dormitoryMapper' and 'com.lmh.dormitoryService.mapper.DormitoryMapper' mapperInterface. Bean already defined with the same name!
2020-12-01 20:11:25.733 [main] WARN  org.mybatis.spring.mapper.ClassPathMapperScanner - No MyBatis mapper was found in '[com.lmh.dormitoryService.mapper]' package. Please check your configuration.
2020-12-01 20:11:27.987 [main] WARN  o.s.b.w.s.c.AnnotationConfigServletWebServerApplicationContext - Exception encountered during context initialization - cancelling refresh attempt: org.springframework.beans.factory.UnsatisfiedDependencyException: Error creating bean with name 'buildController': Unsatisfied dependency expressed through field 'manageClient'; nested exception is org.springframework.beans.factory.BeanCreationException: Error creating bean with name 'com.lmh.dormitoryService.client.ManageClient': FactoryBean threw exception on object creation; nested exception is java.lang.IllegalStateException: No fallback instance of type class com.lmh.dormitoryService.client.impl.ManageClientImpl found for feign client service-manage
2020-12-01 20:14:13.759 [main] WARN  org.mybatis.spring.mapper.ClassPathMapperScanner - Skipping MapperFactoryBean with name 'buildMapper' and 'com.lmh.dormitoryService.mapper.BuildMapper' mapperInterface. Bean already defined with the same name!
2020-12-01 20:14:13.760 [main] WARN  org.mybatis.spring.mapper.ClassPathMapperScanner - Skipping MapperFactoryBean with name 'dormitoryMapper' and 'com.lmh.dormitoryService.mapper.DormitoryMapper' mapperInterface. Bean already defined with the same name!
2020-12-01 20:14:13.760 [main] WARN  org.mybatis.spring.mapper.ClassPathMapperScanner - No MyBatis mapper was found in '[com.lmh.dormitoryService.mapper]' package. Please check your configuration.
2020-12-01 20:14:16.722 [main] WARN  com.netflix.config.sources.URLConfigurationSource - No URLs will be polled as dynamic configuration sources.
2020-12-01 20:14:16.726 [main] WARN  com.netflix.config.sources.URLConfigurationSource - No URLs will be polled as dynamic configuration sources.
2020-12-01 20:47:47.084 [main] WARN  org.mybatis.spring.mapper.ClassPathMapperScanner - Skipping MapperFactoryBean with name 'buildMapper' and 'com.lmh.dormitoryService.mapper.BuildMapper' mapperInterface. Bean already defined with the same name!
2020-12-01 20:47:47.085 [main] WARN  org.mybatis.spring.mapper.ClassPathMapperScanner - Skipping MapperFactoryBean with name 'dormitoryMapper' and 'com.lmh.dormitoryService.mapper.DormitoryMapper' mapperInterface. Bean already defined with the same name!
2020-12-01 20:47:47.085 [main] WARN  org.mybatis.spring.mapper.ClassPathMapperScanner - No MyBatis mapper was found in '[com.lmh.dormitoryService.mapper]' package. Please check your configuration.
2020-12-01 20:47:51.298 [main] WARN  com.netflix.config.sources.URLConfigurationSource - No URLs will be polled as dynamic configuration sources.
2020-12-01 20:47:51.317 [main] WARN  com.netflix.config.sources.URLConfigurationSource - No URLs will be polled as dynamic configuration sources.
2020-12-01 20:48:49.684 [main] WARN  org.mybatis.spring.mapper.ClassPathMapperScanner - Skipping MapperFactoryBean with name 'buildMapper' and 'com.lmh.dormitoryService.mapper.BuildMapper' mapperInterface. Bean already defined with the same name!
2020-12-01 20:48:49.684 [main] WARN  org.mybatis.spring.mapper.ClassPathMapperScanner - Skipping MapperFactoryBean with name 'dormitoryMapper' and 'com.lmh.dormitoryService.mapper.DormitoryMapper' mapperInterface. Bean already defined with the same name!
2020-12-01 20:48:49.684 [main] WARN  org.mybatis.spring.mapper.ClassPathMapperScanner - No MyBatis mapper was found in '[com.lmh.dormitoryService.mapper]' package. Please check your configuration.
2020-12-01 20:48:53.532 [main] WARN  com.netflix.config.sources.URLConfigurationSource - No URLs will be polled as dynamic configuration sources.
2020-12-01 20:48:53.540 [main] WARN  com.netflix.config.sources.URLConfigurationSource - No URLs will be polled as dynamic configuration sources.
2020-12-01 20:49:02.054 [main] WARN  org.mybatis.spring.mapper.ClassPathMapperScanner - Skipping MapperFactoryBean with name 'memberMapper' and 'com.lmh.manageService.mapper.MemberMapper' mapperInterface. Bean already defined with the same name!
2020-12-01 20:49:02.055 [main] WARN  org.mybatis.spring.mapper.ClassPathMapperScanner - Skipping MapperFactoryBean with name 'studentMapper' and 'com.lmh.manageService.mapper.StudentMapper' mapperInterface. Bean already defined with the same name!
2020-12-01 20:49:02.055 [main] WARN  org.mybatis.spring.mapper.ClassPathMapperScanner - No MyBatis mapper was found in '[com.lmh.manageService.mapper]' package. Please check your configuration.
2020-12-01 20:49:04.664 [main] WARN  com.netflix.config.sources.URLConfigurationSource - No URLs will be polled as dynamic configuration sources.
2020-12-01 20:49:04.670 [main] WARN  com.netflix.config.sources.URLConfigurationSource - No URLs will be polled as dynamic configuration sources.
2020-12-01 21:58:06.566 [main] WARN  org.mybatis.spring.mapper.ClassPathMapperScanner - Skipping MapperFactoryBean with name 'buildMapper' and 'com.lmh.dormitoryService.mapper.BuildMapper' mapperInterface. Bean already defined with the same name!
2020-12-01 21:58:06.598 [main] WARN  org.mybatis.spring.mapper.ClassPathMapperScanner - Skipping MapperFactoryBean with name 'dormitoryMapper' and 'com.lmh.dormitoryService.mapper.DormitoryMapper' mapperInterface. Bean already defined with the same name!
2020-12-01 21:58:06.598 [main] WARN  org.mybatis.spring.mapper.ClassPathMapperScanner - No MyBatis mapper was found in '[com.lmh.dormitoryService.mapper]' package. Please check your configuration.
2020-12-01 21:58:10.666 [main] WARN  com.netflix.config.sources.URLConfigurationSource - No URLs will be polled as dynamic configuration sources.
2020-12-01 21:58:10.686 [main] WARN  com.netflix.config.sources.URLConfigurationSource - No URLs will be polled as dynamic configuration sources.
2020-12-01 21:59:27.994 [main] WARN  org.mybatis.spring.mapper.ClassPathMapperScanner - Skipping MapperFactoryBean with name 'memberMapper' and 'com.lmh.manageService.mapper.MemberMapper' mapperInterface. Bean already defined with the same name!
2020-12-01 21:59:27.994 [main] WARN  org.mybatis.spring.mapper.ClassPathMapperScanner - Skipping MapperFactoryBean with name 'studentMapper' and 'com.lmh.manageService.mapper.StudentMapper' mapperInterface. Bean already defined with the same name!
2020-12-01 21:59:27.995 [main] WARN  org.mybatis.spring.mapper.ClassPathMapperScanner - No MyBatis mapper was found in '[com.lmh.manageService.mapper]' package. Please check your configuration.
2020-12-01 21:59:31.742 [main] WARN  com.netflix.config.sources.URLConfigurationSource - No URLs will be polled as dynamic configuration sources.
2020-12-01 21:59:31.746 [main] WARN  com.netflix.config.sources.URLConfigurationSource - No URLs will be polled as dynamic configuration sources.
