2020-12-02 00:00:05.337 [ThreadPoolTaskScheduler-1] ERROR o.s.cloud.alibaba.nacos.discovery.NacosWatch - Error watching Nacos Service change
java.lang.IllegalArgumentException: no server available
	at com.alibaba.nacos.client.naming.net.NamingProxy.reqAPI(NamingProxy.java:354)
	at com.alibaba.nacos.client.naming.net.NamingProxy.reqAPI(NamingProxy.java:346)
	at com.alibaba.nacos.client.naming.net.NamingProxy.reqAPI(NamingProxy.java:294)
	at com.alibaba.nacos.client.naming.net.NamingProxy.getServiceList(NamingProxy.java:276)
	at com.alibaba.nacos.client.naming.net.NamingProxy.getServiceList(NamingProxy.java:252)
	at com.alibaba.nacos.client.naming.NacosNamingService.getServicesOfServer(NacosNamingService.java:525)
	at org.springframework.cloud.alibaba.nacos.discovery.NacosWatch.nacosServicesWatch(NacosWatch.java:127)
	at org.springframework.scheduling.support.DelegatingErrorHandlingRunnable.run(DelegatingErrorHandlingRunnable.java:54)
	at java.util.concurrent.Executors$RunnableAdapter.call(Executors.java:511)
	at java.util.concurrent.FutureTask.runAndReset(FutureTask.java:308)
	at java.util.concurrent.ScheduledThreadPoolExecutor$ScheduledFutureTask.access$301(ScheduledThreadPoolExecutor.java:180)
	at java.util.concurrent.ScheduledThreadPoolExecutor$ScheduledFutureTask.run(ScheduledThreadPoolExecutor.java:294)
	at java.util.concurrent.ThreadPoolExecutor.runWorker(ThreadPoolExecutor.java:1142)
	at java.util.concurrent.ThreadPoolExecutor$Worker.run(ThreadPoolExecutor.java:617)
	at java.lang.Thread.run(Thread.java:745)
2020-12-02 00:00:35.410 [ThreadPoolTaskScheduler-1] ERROR o.s.cloud.alibaba.nacos.discovery.NacosWatch - Error watching Nacos Service change
java.lang.IllegalArgumentException: no server available
	at com.alibaba.nacos.client.naming.net.NamingProxy.reqAPI(NamingProxy.java:354)
	at com.alibaba.nacos.client.naming.net.NamingProxy.reqAPI(NamingProxy.java:346)
	at com.alibaba.nacos.client.naming.net.NamingProxy.reqAPI(NamingProxy.java:294)
	at com.alibaba.nacos.client.naming.net.NamingProxy.getServiceList(NamingProxy.java:276)
	at com.alibaba.nacos.client.naming.net.NamingProxy.getServiceList(NamingProxy.java:252)
	at com.alibaba.nacos.client.naming.NacosNamingService.getServicesOfServer(NacosNamingService.java:525)
	at org.springframework.cloud.alibaba.nacos.discovery.NacosWatch.nacosServicesWatch(NacosWatch.java:127)
	at org.springframework.scheduling.support.DelegatingErrorHandlingRunnable.run(DelegatingErrorHandlingRunnable.java:54)
	at java.util.concurrent.Executors$RunnableAdapter.call(Executors.java:511)
	at java.util.concurrent.FutureTask.runAndReset(FutureTask.java:308)
	at java.util.concurrent.ScheduledThreadPoolExecutor$ScheduledFutureTask.access$301(ScheduledThreadPoolExecutor.java:180)
	at java.util.concurrent.ScheduledThreadPoolExecutor$ScheduledFutureTask.run(ScheduledThreadPoolExecutor.java:294)
	at java.util.concurrent.ThreadPoolExecutor.runWorker(ThreadPoolExecutor.java:1142)
	at java.util.concurrent.ThreadPoolExecutor$Worker.run(ThreadPoolExecutor.java:617)
	at java.lang.Thread.run(Thread.java:745)
2020-12-02 00:01:05.414 [ThreadPoolTaskScheduler-1] ERROR o.s.cloud.alibaba.nacos.discovery.NacosWatch - Error watching Nacos Service change
java.lang.IllegalArgumentException: no server available
	at com.alibaba.nacos.client.naming.net.NamingProxy.reqAPI(NamingProxy.java:354)
	at com.alibaba.nacos.client.naming.net.NamingProxy.reqAPI(NamingProxy.java:346)
	at com.alibaba.nacos.client.naming.net.NamingProxy.reqAPI(NamingProxy.java:294)
	at com.alibaba.nacos.client.naming.net.NamingProxy.getServiceList(NamingProxy.java:276)
	at com.alibaba.nacos.client.naming.net.NamingProxy.getServiceList(NamingProxy.java:252)
	at com.alibaba.nacos.client.naming.NacosNamingService.getServicesOfServer(NacosNamingService.java:525)
	at org.springframework.cloud.alibaba.nacos.discovery.NacosWatch.nacosServicesWatch(NacosWatch.java:127)
	at org.springframework.scheduling.support.DelegatingErrorHandlingRunnable.run(DelegatingErrorHandlingRunnable.java:54)
	at java.util.concurrent.Executors$RunnableAdapter.call(Executors.java:511)
	at java.util.concurrent.FutureTask.runAndReset(FutureTask.java:308)
	at java.util.concurrent.ScheduledThreadPoolExecutor$ScheduledFutureTask.access$301(ScheduledThreadPoolExecutor.java:180)
	at java.util.concurrent.ScheduledThreadPoolExecutor$ScheduledFutureTask.run(ScheduledThreadPoolExecutor.java:294)
	at java.util.concurrent.ThreadPoolExecutor.runWorker(ThreadPoolExecutor.java:1142)
	at java.util.concurrent.ThreadPoolExecutor$Worker.run(ThreadPoolExecutor.java:617)
	at java.lang.Thread.run(Thread.java:745)
2020-12-02 00:01:35.416 [ThreadPoolTaskScheduler-1] ERROR o.s.cloud.alibaba.nacos.discovery.NacosWatch - Error watching Nacos Service change
java.lang.IllegalArgumentException: no server available
	at com.alibaba.nacos.client.naming.net.NamingProxy.reqAPI(NamingProxy.java:354)
	at com.alibaba.nacos.client.naming.net.NamingProxy.reqAPI(NamingProxy.java:346)
	at com.alibaba.nacos.client.naming.net.NamingProxy.reqAPI(NamingProxy.java:294)
	at com.alibaba.nacos.client.naming.net.NamingProxy.getServiceList(NamingProxy.java:276)
	at com.alibaba.nacos.client.naming.net.NamingProxy.getServiceList(NamingProxy.java:252)
	at com.alibaba.nacos.client.naming.NacosNamingService.getServicesOfServer(NacosNamingService.java:525)
	at org.springframework.cloud.alibaba.nacos.discovery.NacosWatch.nacosServicesWatch(NacosWatch.java:127)
	at org.springframework.scheduling.support.DelegatingErrorHandlingRunnable.run(DelegatingErrorHandlingRunnable.java:54)
	at java.util.concurrent.Executors$RunnableAdapter.call(Executors.java:511)
	at java.util.concurrent.FutureTask.runAndReset(FutureTask.java:308)
	at java.util.concurrent.ScheduledThreadPoolExecutor$ScheduledFutureTask.access$301(ScheduledThreadPoolExecutor.java:180)
	at java.util.concurrent.ScheduledThreadPoolExecutor$ScheduledFutureTask.run(ScheduledThreadPoolExecutor.java:294)
	at java.util.concurrent.ThreadPoolExecutor.runWorker(ThreadPoolExecutor.java:1142)
	at java.util.concurrent.ThreadPoolExecutor$Worker.run(ThreadPoolExecutor.java:617)
	at java.lang.Thread.run(Thread.java:745)
2020-12-02 00:02:05.416 [ThreadPoolTaskScheduler-1] ERROR o.s.cloud.alibaba.nacos.discovery.NacosWatch - Error watching Nacos Service change
java.lang.IllegalArgumentException: no server available
	at com.alibaba.nacos.client.naming.net.NamingProxy.reqAPI(NamingProxy.java:354)
	at com.alibaba.nacos.client.naming.net.NamingProxy.reqAPI(NamingProxy.java:346)
	at com.alibaba.nacos.client.naming.net.NamingProxy.reqAPI(NamingProxy.java:294)
	at com.alibaba.nacos.client.naming.net.NamingProxy.getServiceList(NamingProxy.java:276)
	at com.alibaba.nacos.client.naming.net.NamingProxy.getServiceList(NamingProxy.java:252)
	at com.alibaba.nacos.client.naming.NacosNamingService.getServicesOfServer(NacosNamingService.java:525)
	at org.springframework.cloud.alibaba.nacos.discovery.NacosWatch.nacosServicesWatch(NacosWatch.java:127)
	at org.springframework.scheduling.support.DelegatingErrorHandlingRunnable.run(DelegatingErrorHandlingRunnable.java:54)
	at java.util.concurrent.Executors$RunnableAdapter.call(Executors.java:511)
	at java.util.concurrent.FutureTask.runAndReset(FutureTask.java:308)
	at java.util.concurrent.ScheduledThreadPoolExecutor$ScheduledFutureTask.access$301(ScheduledThreadPoolExecutor.java:180)
	at java.util.concurrent.ScheduledThreadPoolExecutor$ScheduledFutureTask.run(ScheduledThreadPoolExecutor.java:294)
	at java.util.concurrent.ThreadPoolExecutor.runWorker(ThreadPoolExecutor.java:1142)
	at java.util.concurrent.ThreadPoolExecutor$Worker.run(ThreadPoolExecutor.java:617)
	at java.lang.Thread.run(Thread.java:745)
2020-12-02 00:02:35.419 [ThreadPoolTaskScheduler-1] ERROR o.s.cloud.alibaba.nacos.discovery.NacosWatch - Error watching Nacos Service change
java.lang.IllegalArgumentException: no server available
	at com.alibaba.nacos.client.naming.net.NamingProxy.reqAPI(NamingProxy.java:354)
	at com.alibaba.nacos.client.naming.net.NamingProxy.reqAPI(NamingProxy.java:346)
	at com.alibaba.nacos.client.naming.net.NamingProxy.reqAPI(NamingProxy.java:294)
	at com.alibaba.nacos.client.naming.net.NamingProxy.getServiceList(NamingProxy.java:276)
	at com.alibaba.nacos.client.naming.net.NamingProxy.getServiceList(NamingProxy.java:252)
	at com.alibaba.nacos.client.naming.NacosNamingService.getServicesOfServer(NacosNamingService.java:525)
	at org.springframework.cloud.alibaba.nacos.discovery.NacosWatch.nacosServicesWatch(NacosWatch.java:127)
	at org.springframework.scheduling.support.DelegatingErrorHandlingRunnable.run(DelegatingErrorHandlingRunnable.java:54)
	at java.util.concurrent.Executors$RunnableAdapter.call(Executors.java:511)
	at java.util.concurrent.FutureTask.runAndReset(FutureTask.java:308)
	at java.util.concurrent.ScheduledThreadPoolExecutor$ScheduledFutureTask.access$301(ScheduledThreadPoolExecutor.java:180)
	at java.util.concurrent.ScheduledThreadPoolExecutor$ScheduledFutureTask.run(ScheduledThreadPoolExecutor.java:294)
	at java.util.concurrent.ThreadPoolExecutor.runWorker(ThreadPoolExecutor.java:1142)
	at java.util.concurrent.ThreadPoolExecutor$Worker.run(ThreadPoolExecutor.java:617)
	at java.lang.Thread.run(Thread.java:745)
2020-12-02 00:03:05.420 [ThreadPoolTaskScheduler-1] ERROR o.s.cloud.alibaba.nacos.discovery.NacosWatch - Error watching Nacos Service change
java.lang.IllegalArgumentException: no server available
	at com.alibaba.nacos.client.naming.net.NamingProxy.reqAPI(NamingProxy.java:354)
	at com.alibaba.nacos.client.naming.net.NamingProxy.reqAPI(NamingProxy.java:346)
	at com.alibaba.nacos.client.naming.net.NamingProxy.reqAPI(NamingProxy.java:294)
	at com.alibaba.nacos.client.naming.net.NamingProxy.getServiceList(NamingProxy.java:276)
	at com.alibaba.nacos.client.naming.net.NamingProxy.getServiceList(NamingProxy.java:252)
	at com.alibaba.nacos.client.naming.NacosNamingService.getServicesOfServer(NacosNamingService.java:525)
	at org.springframework.cloud.alibaba.nacos.discovery.NacosWatch.nacosServicesWatch(NacosWatch.java:127)
	at org.springframework.scheduling.support.DelegatingErrorHandlingRunnable.run(DelegatingErrorHandlingRunnable.java:54)
	at java.util.concurrent.Executors$RunnableAdapter.call(Executors.java:511)
	at java.util.concurrent.FutureTask.runAndReset(FutureTask.java:308)
	at java.util.concurrent.ScheduledThreadPoolExecutor$ScheduledFutureTask.access$301(ScheduledThreadPoolExecutor.java:180)
	at java.util.concurrent.ScheduledThreadPoolExecutor$ScheduledFutureTask.run(ScheduledThreadPoolExecutor.java:294)
	at java.util.concurrent.ThreadPoolExecutor.runWorker(ThreadPoolExecutor.java:1142)
	at java.util.concurrent.ThreadPoolExecutor$Worker.run(ThreadPoolExecutor.java:617)
	at java.lang.Thread.run(Thread.java:745)
2020-12-02 00:03:35.422 [ThreadPoolTaskScheduler-1] ERROR o.s.cloud.alibaba.nacos.discovery.NacosWatch - Error watching Nacos Service change
java.lang.IllegalArgumentException: no server available
	at com.alibaba.nacos.client.naming.net.NamingProxy.reqAPI(NamingProxy.java:354)
	at com.alibaba.nacos.client.naming.net.NamingProxy.reqAPI(NamingProxy.java:346)
	at com.alibaba.nacos.client.naming.net.NamingProxy.reqAPI(NamingProxy.java:294)
	at com.alibaba.nacos.client.naming.net.NamingProxy.getServiceList(NamingProxy.java:276)
	at com.alibaba.nacos.client.naming.net.NamingProxy.getServiceList(NamingProxy.java:252)
	at com.alibaba.nacos.client.naming.NacosNamingService.getServicesOfServer(NacosNamingService.java:525)
	at org.springframework.cloud.alibaba.nacos.discovery.NacosWatch.nacosServicesWatch(NacosWatch.java:127)
	at org.springframework.scheduling.support.DelegatingErrorHandlingRunnable.run(DelegatingErrorHandlingRunnable.java:54)
	at java.util.concurrent.Executors$RunnableAdapter.call(Executors.java:511)
	at java.util.concurrent.FutureTask.runAndReset(FutureTask.java:308)
	at java.util.concurrent.ScheduledThreadPoolExecutor$ScheduledFutureTask.access$301(ScheduledThreadPoolExecutor.java:180)
	at java.util.concurrent.ScheduledThreadPoolExecutor$ScheduledFutureTask.run(ScheduledThreadPoolExecutor.java:294)
	at java.util.concurrent.ThreadPoolExecutor.runWorker(ThreadPoolExecutor.java:1142)
	at java.util.concurrent.ThreadPoolExecutor$Worker.run(ThreadPoolExecutor.java:617)
	at java.lang.Thread.run(Thread.java:745)
2020-12-02 00:04:05.423 [ThreadPoolTaskScheduler-1] ERROR o.s.cloud.alibaba.nacos.discovery.NacosWatch - Error watching Nacos Service change
java.lang.IllegalArgumentException: no server available
	at com.alibaba.nacos.client.naming.net.NamingProxy.reqAPI(NamingProxy.java:354)
	at com.alibaba.nacos.client.naming.net.NamingProxy.reqAPI(NamingProxy.java:346)
	at com.alibaba.nacos.client.naming.net.NamingProxy.reqAPI(NamingProxy.java:294)
	at com.alibaba.nacos.client.naming.net.NamingProxy.getServiceList(NamingProxy.java:276)
	at com.alibaba.nacos.client.naming.net.NamingProxy.getServiceList(NamingProxy.java:252)
	at com.alibaba.nacos.client.naming.NacosNamingService.getServicesOfServer(NacosNamingService.java:525)
	at org.springframework.cloud.alibaba.nacos.discovery.NacosWatch.nacosServicesWatch(NacosWatch.java:127)
	at org.springframework.scheduling.support.DelegatingErrorHandlingRunnable.run(DelegatingErrorHandlingRunnable.java:54)
	at java.util.concurrent.Executors$RunnableAdapter.call(Executors.java:511)
	at java.util.concurrent.FutureTask.runAndReset(FutureTask.java:308)
	at java.util.concurrent.ScheduledThreadPoolExecutor$ScheduledFutureTask.access$301(ScheduledThreadPoolExecutor.java:180)
	at java.util.concurrent.ScheduledThreadPoolExecutor$ScheduledFutureTask.run(ScheduledThreadPoolExecutor.java:294)
	at java.util.concurrent.ThreadPoolExecutor.runWorker(ThreadPoolExecutor.java:1142)
	at java.util.concurrent.ThreadPoolExecutor$Worker.run(ThreadPoolExecutor.java:617)
	at java.lang.Thread.run(Thread.java:745)
2020-12-02 00:04:35.425 [ThreadPoolTaskScheduler-1] ERROR o.s.cloud.alibaba.nacos.discovery.NacosWatch - Error watching Nacos Service change
java.lang.IllegalArgumentException: no server available
	at com.alibaba.nacos.client.naming.net.NamingProxy.reqAPI(NamingProxy.java:354)
	at com.alibaba.nacos.client.naming.net.NamingProxy.reqAPI(NamingProxy.java:346)
	at com.alibaba.nacos.client.naming.net.NamingProxy.reqAPI(NamingProxy.java:294)
	at com.alibaba.nacos.client.naming.net.NamingProxy.getServiceList(NamingProxy.java:276)
	at com.alibaba.nacos.client.naming.net.NamingProxy.getServiceList(NamingProxy.java:252)
	at com.alibaba.nacos.client.naming.NacosNamingService.getServicesOfServer(NacosNamingService.java:525)
	at org.springframework.cloud.alibaba.nacos.discovery.NacosWatch.nacosServicesWatch(NacosWatch.java:127)
	at org.springframework.scheduling.support.DelegatingErrorHandlingRunnable.run(DelegatingErrorHandlingRunnable.java:54)
	at java.util.concurrent.Executors$RunnableAdapter.call(Executors.java:511)
	at java.util.concurrent.FutureTask.runAndReset(FutureTask.java:308)
	at java.util.concurrent.ScheduledThreadPoolExecutor$ScheduledFutureTask.access$301(ScheduledThreadPoolExecutor.java:180)
	at java.util.concurrent.ScheduledThreadPoolExecutor$ScheduledFutureTask.run(ScheduledThreadPoolExecutor.java:294)
	at java.util.concurrent.ThreadPoolExecutor.runWorker(ThreadPoolExecutor.java:1142)
	at java.util.concurrent.ThreadPoolExecutor$Worker.run(ThreadPoolExecutor.java:617)
	at java.lang.Thread.run(Thread.java:745)
2020-12-02 00:05:05.427 [ThreadPoolTaskScheduler-1] ERROR o.s.cloud.alibaba.nacos.discovery.NacosWatch - Error watching Nacos Service change
java.lang.IllegalArgumentException: no server available
	at com.alibaba.nacos.client.naming.net.NamingProxy.reqAPI(NamingProxy.java:354)
	at com.alibaba.nacos.client.naming.net.NamingProxy.reqAPI(NamingProxy.java:346)
	at com.alibaba.nacos.client.naming.net.NamingProxy.reqAPI(NamingProxy.java:294)
	at com.alibaba.nacos.client.naming.net.NamingProxy.getServiceList(NamingProxy.java:276)
	at com.alibaba.nacos.client.naming.net.NamingProxy.getServiceList(NamingProxy.java:252)
	at com.alibaba.nacos.client.naming.NacosNamingService.getServicesOfServer(NacosNamingService.java:525)
	at org.springframework.cloud.alibaba.nacos.discovery.NacosWatch.nacosServicesWatch(NacosWatch.java:127)
	at org.springframework.scheduling.support.DelegatingErrorHandlingRunnable.run(DelegatingErrorHandlingRunnable.java:54)
	at java.util.concurrent.Executors$RunnableAdapter.call(Executors.java:511)
	at java.util.concurrent.FutureTask.runAndReset(FutureTask.java:308)
	at java.util.concurrent.ScheduledThreadPoolExecutor$ScheduledFutureTask.access$301(ScheduledThreadPoolExecutor.java:180)
	at java.util.concurrent.ScheduledThreadPoolExecutor$ScheduledFutureTask.run(ScheduledThreadPoolExecutor.java:294)
	at java.util.concurrent.ThreadPoolExecutor.runWorker(ThreadPoolExecutor.java:1142)
	at java.util.concurrent.ThreadPoolExecutor$Worker.run(ThreadPoolExecutor.java:617)
	at java.lang.Thread.run(Thread.java:745)
2020-12-02 00:05:35.429 [ThreadPoolTaskScheduler-1] ERROR o.s.cloud.alibaba.nacos.discovery.NacosWatch - Error watching Nacos Service change
java.lang.IllegalArgumentException: no server available
	at com.alibaba.nacos.client.naming.net.NamingProxy.reqAPI(NamingProxy.java:354)
	at com.alibaba.nacos.client.naming.net.NamingProxy.reqAPI(NamingProxy.java:346)
	at com.alibaba.nacos.client.naming.net.NamingProxy.reqAPI(NamingProxy.java:294)
	at com.alibaba.nacos.client.naming.net.NamingProxy.getServiceList(NamingProxy.java:276)
	at com.alibaba.nacos.client.naming.net.NamingProxy.getServiceList(NamingProxy.java:252)
	at com.alibaba.nacos.client.naming.NacosNamingService.getServicesOfServer(NacosNamingService.java:525)
	at org.springframework.cloud.alibaba.nacos.discovery.NacosWatch.nacosServicesWatch(NacosWatch.java:127)
	at org.springframework.scheduling.support.DelegatingErrorHandlingRunnable.run(DelegatingErrorHandlingRunnable.java:54)
	at java.util.concurrent.Executors$RunnableAdapter.call(Executors.java:511)
	at java.util.concurrent.FutureTask.runAndReset(FutureTask.java:308)
	at java.util.concurrent.ScheduledThreadPoolExecutor$ScheduledFutureTask.access$301(ScheduledThreadPoolExecutor.java:180)
	at java.util.concurrent.ScheduledThreadPoolExecutor$ScheduledFutureTask.run(ScheduledThreadPoolExecutor.java:294)
	at java.util.concurrent.ThreadPoolExecutor.runWorker(ThreadPoolExecutor.java:1142)
	at java.util.concurrent.ThreadPoolExecutor$Worker.run(ThreadPoolExecutor.java:617)
	at java.lang.Thread.run(Thread.java:745)
2020-12-02 00:06:05.435 [ThreadPoolTaskScheduler-1] ERROR o.s.cloud.alibaba.nacos.discovery.NacosWatch - Error watching Nacos Service change
java.lang.IllegalArgumentException: no server available
	at com.alibaba.nacos.client.naming.net.NamingProxy.reqAPI(NamingProxy.java:354)
	at com.alibaba.nacos.client.naming.net.NamingProxy.reqAPI(NamingProxy.java:346)
	at com.alibaba.nacos.client.naming.net.NamingProxy.reqAPI(NamingProxy.java:294)
	at com.alibaba.nacos.client.naming.net.NamingProxy.getServiceList(NamingProxy.java:276)
	at com.alibaba.nacos.client.naming.net.NamingProxy.getServiceList(NamingProxy.java:252)
	at com.alibaba.nacos.client.naming.NacosNamingService.getServicesOfServer(NacosNamingService.java:525)
	at org.springframework.cloud.alibaba.nacos.discovery.NacosWatch.nacosServicesWatch(NacosWatch.java:127)
	at org.springframework.scheduling.support.DelegatingErrorHandlingRunnable.run(DelegatingErrorHandlingRunnable.java:54)
	at java.util.concurrent.Executors$RunnableAdapter.call(Executors.java:511)
	at java.util.concurrent.FutureTask.runAndReset(FutureTask.java:308)
	at java.util.concurrent.ScheduledThreadPoolExecutor$ScheduledFutureTask.access$301(ScheduledThreadPoolExecutor.java:180)
	at java.util.concurrent.ScheduledThreadPoolExecutor$ScheduledFutureTask.run(ScheduledThreadPoolExecutor.java:294)
	at java.util.concurrent.ThreadPoolExecutor.runWorker(ThreadPoolExecutor.java:1142)
	at java.util.concurrent.ThreadPoolExecutor$Worker.run(ThreadPoolExecutor.java:617)
	at java.lang.Thread.run(Thread.java:745)
2020-12-02 00:06:35.437 [ThreadPoolTaskScheduler-1] ERROR o.s.cloud.alibaba.nacos.discovery.NacosWatch - Error watching Nacos Service change
java.lang.IllegalArgumentException: no server available
	at com.alibaba.nacos.client.naming.net.NamingProxy.reqAPI(NamingProxy.java:354)
	at com.alibaba.nacos.client.naming.net.NamingProxy.reqAPI(NamingProxy.java:346)
	at com.alibaba.nacos.client.naming.net.NamingProxy.reqAPI(NamingProxy.java:294)
	at com.alibaba.nacos.client.naming.net.NamingProxy.getServiceList(NamingProxy.java:276)
	at com.alibaba.nacos.client.naming.net.NamingProxy.getServiceList(NamingProxy.java:252)
	at com.alibaba.nacos.client.naming.NacosNamingService.getServicesOfServer(NacosNamingService.java:525)
	at org.springframework.cloud.alibaba.nacos.discovery.NacosWatch.nacosServicesWatch(NacosWatch.java:127)
	at org.springframework.scheduling.support.DelegatingErrorHandlingRunnable.run(DelegatingErrorHandlingRunnable.java:54)
	at java.util.concurrent.Executors$RunnableAdapter.call(Executors.java:511)
	at java.util.concurrent.FutureTask.runAndReset(FutureTask.java:308)
	at java.util.concurrent.ScheduledThreadPoolExecutor$ScheduledFutureTask.access$301(ScheduledThreadPoolExecutor.java:180)
	at java.util.concurrent.ScheduledThreadPoolExecutor$ScheduledFutureTask.run(ScheduledThreadPoolExecutor.java:294)
	at java.util.concurrent.ThreadPoolExecutor.runWorker(ThreadPoolExecutor.java:1142)
	at java.util.concurrent.ThreadPoolExecutor$Worker.run(ThreadPoolExecutor.java:617)
	at java.lang.Thread.run(Thread.java:745)
2020-12-02 00:07:05.438 [ThreadPoolTaskScheduler-1] ERROR o.s.cloud.alibaba.nacos.discovery.NacosWatch - Error watching Nacos Service change
java.lang.IllegalArgumentException: no server available
	at com.alibaba.nacos.client.naming.net.NamingProxy.reqAPI(NamingProxy.java:354)
	at com.alibaba.nacos.client.naming.net.NamingProxy.reqAPI(NamingProxy.java:346)
	at com.alibaba.nacos.client.naming.net.NamingProxy.reqAPI(NamingProxy.java:294)
	at com.alibaba.nacos.client.naming.net.NamingProxy.getServiceList(NamingProxy.java:276)
	at com.alibaba.nacos.client.naming.net.NamingProxy.getServiceList(NamingProxy.java:252)
	at com.alibaba.nacos.client.naming.NacosNamingService.getServicesOfServer(NacosNamingService.java:525)
	at org.springframework.cloud.alibaba.nacos.discovery.NacosWatch.nacosServicesWatch(NacosWatch.java:127)
	at org.springframework.scheduling.support.DelegatingErrorHandlingRunnable.run(DelegatingErrorHandlingRunnable.java:54)
	at java.util.concurrent.Executors$RunnableAdapter.call(Executors.java:511)
	at java.util.concurrent.FutureTask.runAndReset(FutureTask.java:308)
	at java.util.concurrent.ScheduledThreadPoolExecutor$ScheduledFutureTask.access$301(ScheduledThreadPoolExecutor.java:180)
	at java.util.concurrent.ScheduledThreadPoolExecutor$ScheduledFutureTask.run(ScheduledThreadPoolExecutor.java:294)
	at java.util.concurrent.ThreadPoolExecutor.runWorker(ThreadPoolExecutor.java:1142)
	at java.util.concurrent.ThreadPoolExecutor$Worker.run(ThreadPoolExecutor.java:617)
	at java.lang.Thread.run(Thread.java:745)
2020-12-02 00:07:35.440 [ThreadPoolTaskScheduler-1] ERROR o.s.cloud.alibaba.nacos.discovery.NacosWatch - Error watching Nacos Service change
java.lang.IllegalArgumentException: no server available
	at com.alibaba.nacos.client.naming.net.NamingProxy.reqAPI(NamingProxy.java:354)
	at com.alibaba.nacos.client.naming.net.NamingProxy.reqAPI(NamingProxy.java:346)
	at com.alibaba.nacos.client.naming.net.NamingProxy.reqAPI(NamingProxy.java:294)
	at com.alibaba.nacos.client.naming.net.NamingProxy.getServiceList(NamingProxy.java:276)
	at com.alibaba.nacos.client.naming.net.NamingProxy.getServiceList(NamingProxy.java:252)
	at com.alibaba.nacos.client.naming.NacosNamingService.getServicesOfServer(NacosNamingService.java:525)
	at org.springframework.cloud.alibaba.nacos.discovery.NacosWatch.nacosServicesWatch(NacosWatch.java:127)
	at org.springframework.scheduling.support.DelegatingErrorHandlingRunnable.run(DelegatingErrorHandlingRunnable.java:54)
	at java.util.concurrent.Executors$RunnableAdapter.call(Executors.java:511)
	at java.util.concurrent.FutureTask.runAndReset(FutureTask.java:308)
	at java.util.concurrent.ScheduledThreadPoolExecutor$ScheduledFutureTask.access$301(ScheduledThreadPoolExecutor.java:180)
	at java.util.concurrent.ScheduledThreadPoolExecutor$ScheduledFutureTask.run(ScheduledThreadPoolExecutor.java:294)
	at java.util.concurrent.ThreadPoolExecutor.runWorker(ThreadPoolExecutor.java:1142)
	at java.util.concurrent.ThreadPoolExecutor$Worker.run(ThreadPoolExecutor.java:617)
	at java.lang.Thread.run(Thread.java:745)
2020-12-02 00:08:05.441 [ThreadPoolTaskScheduler-1] ERROR o.s.cloud.alibaba.nacos.discovery.NacosWatch - Error watching Nacos Service change
java.lang.IllegalArgumentException: no server available
	at com.alibaba.nacos.client.naming.net.NamingProxy.reqAPI(NamingProxy.java:354)
	at com.alibaba.nacos.client.naming.net.NamingProxy.reqAPI(NamingProxy.java:346)
	at com.alibaba.nacos.client.naming.net.NamingProxy.reqAPI(NamingProxy.java:294)
	at com.alibaba.nacos.client.naming.net.NamingProxy.getServiceList(NamingProxy.java:276)
	at com.alibaba.nacos.client.naming.net.NamingProxy.getServiceList(NamingProxy.java:252)
	at com.alibaba.nacos.client.naming.NacosNamingService.getServicesOfServer(NacosNamingService.java:525)
	at org.springframework.cloud.alibaba.nacos.discovery.NacosWatch.nacosServicesWatch(NacosWatch.java:127)
	at org.springframework.scheduling.support.DelegatingErrorHandlingRunnable.run(DelegatingErrorHandlingRunnable.java:54)
	at java.util.concurrent.Executors$RunnableAdapter.call(Executors.java:511)
	at java.util.concurrent.FutureTask.runAndReset(FutureTask.java:308)
	at java.util.concurrent.ScheduledThreadPoolExecutor$ScheduledFutureTask.access$301(ScheduledThreadPoolExecutor.java:180)
	at java.util.concurrent.ScheduledThreadPoolExecutor$ScheduledFutureTask.run(ScheduledThreadPoolExecutor.java:294)
	at java.util.concurrent.ThreadPoolExecutor.runWorker(ThreadPoolExecutor.java:1142)
	at java.util.concurrent.ThreadPoolExecutor$Worker.run(ThreadPoolExecutor.java:617)
	at java.lang.Thread.run(Thread.java:745)
2020-12-02 00:08:35.446 [ThreadPoolTaskScheduler-1] ERROR o.s.cloud.alibaba.nacos.discovery.NacosWatch - Error watching Nacos Service change
java.lang.IllegalArgumentException: no server available
	at com.alibaba.nacos.client.naming.net.NamingProxy.reqAPI(NamingProxy.java:354)
	at com.alibaba.nacos.client.naming.net.NamingProxy.reqAPI(NamingProxy.java:346)
	at com.alibaba.nacos.client.naming.net.NamingProxy.reqAPI(NamingProxy.java:294)
	at com.alibaba.nacos.client.naming.net.NamingProxy.getServiceList(NamingProxy.java:276)
	at com.alibaba.nacos.client.naming.net.NamingProxy.getServiceList(NamingProxy.java:252)
	at com.alibaba.nacos.client.naming.NacosNamingService.getServicesOfServer(NacosNamingService.java:525)
	at org.springframework.cloud.alibaba.nacos.discovery.NacosWatch.nacosServicesWatch(NacosWatch.java:127)
	at org.springframework.scheduling.support.DelegatingErrorHandlingRunnable.run(DelegatingErrorHandlingRunnable.java:54)
	at java.util.concurrent.Executors$RunnableAdapter.call(Executors.java:511)
	at java.util.concurrent.FutureTask.runAndReset(FutureTask.java:308)
	at java.util.concurrent.ScheduledThreadPoolExecutor$ScheduledFutureTask.access$301(ScheduledThreadPoolExecutor.java:180)
	at java.util.concurrent.ScheduledThreadPoolExecutor$ScheduledFutureTask.run(ScheduledThreadPoolExecutor.java:294)
	at java.util.concurrent.ThreadPoolExecutor.runWorker(ThreadPoolExecutor.java:1142)
	at java.util.concurrent.ThreadPoolExecutor$Worker.run(ThreadPoolExecutor.java:617)
	at java.lang.Thread.run(Thread.java:745)
2020-12-02 00:09:05.448 [ThreadPoolTaskScheduler-1] ERROR o.s.cloud.alibaba.nacos.discovery.NacosWatch - Error watching Nacos Service change
java.lang.IllegalArgumentException: no server available
	at com.alibaba.nacos.client.naming.net.NamingProxy.reqAPI(NamingProxy.java:354)
	at com.alibaba.nacos.client.naming.net.NamingProxy.reqAPI(NamingProxy.java:346)
	at com.alibaba.nacos.client.naming.net.NamingProxy.reqAPI(NamingProxy.java:294)
	at com.alibaba.nacos.client.naming.net.NamingProxy.getServiceList(NamingProxy.java:276)
	at com.alibaba.nacos.client.naming.net.NamingProxy.getServiceList(NamingProxy.java:252)
	at com.alibaba.nacos.client.naming.NacosNamingService.getServicesOfServer(NacosNamingService.java:525)
	at org.springframework.cloud.alibaba.nacos.discovery.NacosWatch.nacosServicesWatch(NacosWatch.java:127)
	at org.springframework.scheduling.support.DelegatingErrorHandlingRunnable.run(DelegatingErrorHandlingRunnable.java:54)
	at java.util.concurrent.Executors$RunnableAdapter.call(Executors.java:511)
	at java.util.concurrent.FutureTask.runAndReset(FutureTask.java:308)
	at java.util.concurrent.ScheduledThreadPoolExecutor$ScheduledFutureTask.access$301(ScheduledThreadPoolExecutor.java:180)
	at java.util.concurrent.ScheduledThreadPoolExecutor$ScheduledFutureTask.run(ScheduledThreadPoolExecutor.java:294)
	at java.util.concurrent.ThreadPoolExecutor.runWorker(ThreadPoolExecutor.java:1142)
	at java.util.concurrent.ThreadPoolExecutor$Worker.run(ThreadPoolExecutor.java:617)
	at java.lang.Thread.run(Thread.java:745)
2020-12-02 00:09:35.449 [ThreadPoolTaskScheduler-1] ERROR o.s.cloud.alibaba.nacos.discovery.NacosWatch - Error watching Nacos Service change
java.lang.IllegalArgumentException: no server available
	at com.alibaba.nacos.client.naming.net.NamingProxy.reqAPI(NamingProxy.java:354)
	at com.alibaba.nacos.client.naming.net.NamingProxy.reqAPI(NamingProxy.java:346)
	at com.alibaba.nacos.client.naming.net.NamingProxy.reqAPI(NamingProxy.java:294)
	at com.alibaba.nacos.client.naming.net.NamingProxy.getServiceList(NamingProxy.java:276)
	at com.alibaba.nacos.client.naming.net.NamingProxy.getServiceList(NamingProxy.java:252)
	at com.alibaba.nacos.client.naming.NacosNamingService.getServicesOfServer(NacosNamingService.java:525)
	at org.springframework.cloud.alibaba.nacos.discovery.NacosWatch.nacosServicesWatch(NacosWatch.java:127)
	at org.springframework.scheduling.support.DelegatingErrorHandlingRunnable.run(DelegatingErrorHandlingRunnable.java:54)
	at java.util.concurrent.Executors$RunnableAdapter.call(Executors.java:511)
	at java.util.concurrent.FutureTask.runAndReset(FutureTask.java:308)
	at java.util.concurrent.ScheduledThreadPoolExecutor$ScheduledFutureTask.access$301(ScheduledThreadPoolExecutor.java:180)
	at java.util.concurrent.ScheduledThreadPoolExecutor$ScheduledFutureTask.run(ScheduledThreadPoolExecutor.java:294)
	at java.util.concurrent.ThreadPoolExecutor.runWorker(ThreadPoolExecutor.java:1142)
	at java.util.concurrent.ThreadPoolExecutor$Worker.run(ThreadPoolExecutor.java:617)
	at java.lang.Thread.run(Thread.java:745)
2020-12-02 00:10:05.453 [ThreadPoolTaskScheduler-1] ERROR o.s.cloud.alibaba.nacos.discovery.NacosWatch - Error watching Nacos Service change
java.lang.IllegalArgumentException: no server available
	at com.alibaba.nacos.client.naming.net.NamingProxy.reqAPI(NamingProxy.java:354)
	at com.alibaba.nacos.client.naming.net.NamingProxy.reqAPI(NamingProxy.java:346)
	at com.alibaba.nacos.client.naming.net.NamingProxy.reqAPI(NamingProxy.java:294)
	at com.alibaba.nacos.client.naming.net.NamingProxy.getServiceList(NamingProxy.java:276)
	at com.alibaba.nacos.client.naming.net.NamingProxy.getServiceList(NamingProxy.java:252)
	at com.alibaba.nacos.client.naming.NacosNamingService.getServicesOfServer(NacosNamingService.java:525)
	at org.springframework.cloud.alibaba.nacos.discovery.NacosWatch.nacosServicesWatch(NacosWatch.java:127)
	at org.springframework.scheduling.support.DelegatingErrorHandlingRunnable.run(DelegatingErrorHandlingRunnable.java:54)
	at java.util.concurrent.Executors$RunnableAdapter.call(Executors.java:511)
	at java.util.concurrent.FutureTask.runAndReset(FutureTask.java:308)
	at java.util.concurrent.ScheduledThreadPoolExecutor$ScheduledFutureTask.access$301(ScheduledThreadPoolExecutor.java:180)
	at java.util.concurrent.ScheduledThreadPoolExecutor$ScheduledFutureTask.run(ScheduledThreadPoolExecutor.java:294)
	at java.util.concurrent.ThreadPoolExecutor.runWorker(ThreadPoolExecutor.java:1142)
	at java.util.concurrent.ThreadPoolExecutor$Worker.run(ThreadPoolExecutor.java:617)
	at java.lang.Thread.run(Thread.java:745)
2020-12-02 00:10:35.456 [ThreadPoolTaskScheduler-1] ERROR o.s.cloud.alibaba.nacos.discovery.NacosWatch - Error watching Nacos Service change
java.lang.IllegalArgumentException: no server available
	at com.alibaba.nacos.client.naming.net.NamingProxy.reqAPI(NamingProxy.java:354)
	at com.alibaba.nacos.client.naming.net.NamingProxy.reqAPI(NamingProxy.java:346)
	at com.alibaba.nacos.client.naming.net.NamingProxy.reqAPI(NamingProxy.java:294)
	at com.alibaba.nacos.client.naming.net.NamingProxy.getServiceList(NamingProxy.java:276)
	at com.alibaba.nacos.client.naming.net.NamingProxy.getServiceList(NamingProxy.java:252)
	at com.alibaba.nacos.client.naming.NacosNamingService.getServicesOfServer(NacosNamingService.java:525)
	at org.springframework.cloud.alibaba.nacos.discovery.NacosWatch.nacosServicesWatch(NacosWatch.java:127)
	at org.springframework.scheduling.support.DelegatingErrorHandlingRunnable.run(DelegatingErrorHandlingRunnable.java:54)
	at java.util.concurrent.Executors$RunnableAdapter.call(Executors.java:511)
	at java.util.concurrent.FutureTask.runAndReset(FutureTask.java:308)
	at java.util.concurrent.ScheduledThreadPoolExecutor$ScheduledFutureTask.access$301(ScheduledThreadPoolExecutor.java:180)
	at java.util.concurrent.ScheduledThreadPoolExecutor$ScheduledFutureTask.run(ScheduledThreadPoolExecutor.java:294)
	at java.util.concurrent.ThreadPoolExecutor.runWorker(ThreadPoolExecutor.java:1142)
	at java.util.concurrent.ThreadPoolExecutor$Worker.run(ThreadPoolExecutor.java:617)
	at java.lang.Thread.run(Thread.java:745)
2020-12-02 00:11:05.457 [ThreadPoolTaskScheduler-1] ERROR o.s.cloud.alibaba.nacos.discovery.NacosWatch - Error watching Nacos Service change
java.lang.IllegalArgumentException: no server available
	at com.alibaba.nacos.client.naming.net.NamingProxy.reqAPI(NamingProxy.java:354)
	at com.alibaba.nacos.client.naming.net.NamingProxy.reqAPI(NamingProxy.java:346)
	at com.alibaba.nacos.client.naming.net.NamingProxy.reqAPI(NamingProxy.java:294)
	at com.alibaba.nacos.client.naming.net.NamingProxy.getServiceList(NamingProxy.java:276)
	at com.alibaba.nacos.client.naming.net.NamingProxy.getServiceList(NamingProxy.java:252)
	at com.alibaba.nacos.client.naming.NacosNamingService.getServicesOfServer(NacosNamingService.java:525)
	at org.springframework.cloud.alibaba.nacos.discovery.NacosWatch.nacosServicesWatch(NacosWatch.java:127)
	at org.springframework.scheduling.support.DelegatingErrorHandlingRunnable.run(DelegatingErrorHandlingRunnable.java:54)
	at java.util.concurrent.Executors$RunnableAdapter.call(Executors.java:511)
	at java.util.concurrent.FutureTask.runAndReset(FutureTask.java:308)
	at java.util.concurrent.ScheduledThreadPoolExecutor$ScheduledFutureTask.access$301(ScheduledThreadPoolExecutor.java:180)
	at java.util.concurrent.ScheduledThreadPoolExecutor$ScheduledFutureTask.run(ScheduledThreadPoolExecutor.java:294)
	at java.util.concurrent.ThreadPoolExecutor.runWorker(ThreadPoolExecutor.java:1142)
	at java.util.concurrent.ThreadPoolExecutor$Worker.run(ThreadPoolExecutor.java:617)
	at java.lang.Thread.run(Thread.java:745)
2020-12-02 00:11:35.458 [ThreadPoolTaskScheduler-1] ERROR o.s.cloud.alibaba.nacos.discovery.NacosWatch - Error watching Nacos Service change
java.lang.IllegalArgumentException: no server available
	at com.alibaba.nacos.client.naming.net.NamingProxy.reqAPI(NamingProxy.java:354)
	at com.alibaba.nacos.client.naming.net.NamingProxy.reqAPI(NamingProxy.java:346)
	at com.alibaba.nacos.client.naming.net.NamingProxy.reqAPI(NamingProxy.java:294)
	at com.alibaba.nacos.client.naming.net.NamingProxy.getServiceList(NamingProxy.java:276)
	at com.alibaba.nacos.client.naming.net.NamingProxy.getServiceList(NamingProxy.java:252)
	at com.alibaba.nacos.client.naming.NacosNamingService.getServicesOfServer(NacosNamingService.java:525)
	at org.springframework.cloud.alibaba.nacos.discovery.NacosWatch.nacosServicesWatch(NacosWatch.java:127)
	at org.springframework.scheduling.support.DelegatingErrorHandlingRunnable.run(DelegatingErrorHandlingRunnable.java:54)
	at java.util.concurrent.Executors$RunnableAdapter.call(Executors.java:511)
	at java.util.concurrent.FutureTask.runAndReset(FutureTask.java:308)
	at java.util.concurrent.ScheduledThreadPoolExecutor$ScheduledFutureTask.access$301(ScheduledThreadPoolExecutor.java:180)
	at java.util.concurrent.ScheduledThreadPoolExecutor$ScheduledFutureTask.run(ScheduledThreadPoolExecutor.java:294)
	at java.util.concurrent.ThreadPoolExecutor.runWorker(ThreadPoolExecutor.java:1142)
	at java.util.concurrent.ThreadPoolExecutor$Worker.run(ThreadPoolExecutor.java:617)
	at java.lang.Thread.run(Thread.java:745)
2020-12-02 00:12:05.460 [ThreadPoolTaskScheduler-1] ERROR o.s.cloud.alibaba.nacos.discovery.NacosWatch - Error watching Nacos Service change
java.lang.IllegalArgumentException: no server available
	at com.alibaba.nacos.client.naming.net.NamingProxy.reqAPI(NamingProxy.java:354)
	at com.alibaba.nacos.client.naming.net.NamingProxy.reqAPI(NamingProxy.java:346)
	at com.alibaba.nacos.client.naming.net.NamingProxy.reqAPI(NamingProxy.java:294)
	at com.alibaba.nacos.client.naming.net.NamingProxy.getServiceList(NamingProxy.java:276)
	at com.alibaba.nacos.client.naming.net.NamingProxy.getServiceList(NamingProxy.java:252)
	at com.alibaba.nacos.client.naming.NacosNamingService.getServicesOfServer(NacosNamingService.java:525)
	at org.springframework.cloud.alibaba.nacos.discovery.NacosWatch.nacosServicesWatch(NacosWatch.java:127)
	at org.springframework.scheduling.support.DelegatingErrorHandlingRunnable.run(DelegatingErrorHandlingRunnable.java:54)
	at java.util.concurrent.Executors$RunnableAdapter.call(Executors.java:511)
	at java.util.concurrent.FutureTask.runAndReset(FutureTask.java:308)
	at java.util.concurrent.ScheduledThreadPoolExecutor$ScheduledFutureTask.access$301(ScheduledThreadPoolExecutor.java:180)
	at java.util.concurrent.ScheduledThreadPoolExecutor$ScheduledFutureTask.run(ScheduledThreadPoolExecutor.java:294)
	at java.util.concurrent.ThreadPoolExecutor.runWorker(ThreadPoolExecutor.java:1142)
	at java.util.concurrent.ThreadPoolExecutor$Worker.run(ThreadPoolExecutor.java:617)
	at java.lang.Thread.run(Thread.java:745)
2020-12-02 00:12:35.461 [ThreadPoolTaskScheduler-1] ERROR o.s.cloud.alibaba.nacos.discovery.NacosWatch - Error watching Nacos Service change
java.lang.IllegalArgumentException: no server available
	at com.alibaba.nacos.client.naming.net.NamingProxy.reqAPI(NamingProxy.java:354)
	at com.alibaba.nacos.client.naming.net.NamingProxy.reqAPI(NamingProxy.java:346)
	at com.alibaba.nacos.client.naming.net.NamingProxy.reqAPI(NamingProxy.java:294)
	at com.alibaba.nacos.client.naming.net.NamingProxy.getServiceList(NamingProxy.java:276)
	at com.alibaba.nacos.client.naming.net.NamingProxy.getServiceList(NamingProxy.java:252)
	at com.alibaba.nacos.client.naming.NacosNamingService.getServicesOfServer(NacosNamingService.java:525)
	at org.springframework.cloud.alibaba.nacos.discovery.NacosWatch.nacosServicesWatch(NacosWatch.java:127)
	at org.springframework.scheduling.support.DelegatingErrorHandlingRunnable.run(DelegatingErrorHandlingRunnable.java:54)
	at java.util.concurrent.Executors$RunnableAdapter.call(Executors.java:511)
	at java.util.concurrent.FutureTask.runAndReset(FutureTask.java:308)
	at java.util.concurrent.ScheduledThreadPoolExecutor$ScheduledFutureTask.access$301(ScheduledThreadPoolExecutor.java:180)
	at java.util.concurrent.ScheduledThreadPoolExecutor$ScheduledFutureTask.run(ScheduledThreadPoolExecutor.java:294)
	at java.util.concurrent.ThreadPoolExecutor.runWorker(ThreadPoolExecutor.java:1142)
	at java.util.concurrent.ThreadPoolExecutor$Worker.run(ThreadPoolExecutor.java:617)
	at java.lang.Thread.run(Thread.java:745)
2020-12-02 00:13:05.468 [ThreadPoolTaskScheduler-1] ERROR o.s.cloud.alibaba.nacos.discovery.NacosWatch - Error watching Nacos Service change
java.lang.IllegalArgumentException: no server available
	at com.alibaba.nacos.client.naming.net.NamingProxy.reqAPI(NamingProxy.java:354)
	at com.alibaba.nacos.client.naming.net.NamingProxy.reqAPI(NamingProxy.java:346)
	at com.alibaba.nacos.client.naming.net.NamingProxy.reqAPI(NamingProxy.java:294)
	at com.alibaba.nacos.client.naming.net.NamingProxy.getServiceList(NamingProxy.java:276)
	at com.alibaba.nacos.client.naming.net.NamingProxy.getServiceList(NamingProxy.java:252)
	at com.alibaba.nacos.client.naming.NacosNamingService.getServicesOfServer(NacosNamingService.java:525)
	at org.springframework.cloud.alibaba.nacos.discovery.NacosWatch.nacosServicesWatch(NacosWatch.java:127)
	at org.springframework.scheduling.support.DelegatingErrorHandlingRunnable.run(DelegatingErrorHandlingRunnable.java:54)
	at java.util.concurrent.Executors$RunnableAdapter.call(Executors.java:511)
	at java.util.concurrent.FutureTask.runAndReset(FutureTask.java:308)
	at java.util.concurrent.ScheduledThreadPoolExecutor$ScheduledFutureTask.access$301(ScheduledThreadPoolExecutor.java:180)
	at java.util.concurrent.ScheduledThreadPoolExecutor$ScheduledFutureTask.run(ScheduledThreadPoolExecutor.java:294)
	at java.util.concurrent.ThreadPoolExecutor.runWorker(ThreadPoolExecutor.java:1142)
	at java.util.concurrent.ThreadPoolExecutor$Worker.run(ThreadPoolExecutor.java:617)
	at java.lang.Thread.run(Thread.java:745)
2020-12-02 00:13:35.470 [ThreadPoolTaskScheduler-1] ERROR o.s.cloud.alibaba.nacos.discovery.NacosWatch - Error watching Nacos Service change
java.lang.IllegalArgumentException: no server available
	at com.alibaba.nacos.client.naming.net.NamingProxy.reqAPI(NamingProxy.java:354)
	at com.alibaba.nacos.client.naming.net.NamingProxy.reqAPI(NamingProxy.java:346)
	at com.alibaba.nacos.client.naming.net.NamingProxy.reqAPI(NamingProxy.java:294)
	at com.alibaba.nacos.client.naming.net.NamingProxy.getServiceList(NamingProxy.java:276)
	at com.alibaba.nacos.client.naming.net.NamingProxy.getServiceList(NamingProxy.java:252)
	at com.alibaba.nacos.client.naming.NacosNamingService.getServicesOfServer(NacosNamingService.java:525)
	at org.springframework.cloud.alibaba.nacos.discovery.NacosWatch.nacosServicesWatch(NacosWatch.java:127)
	at org.springframework.scheduling.support.DelegatingErrorHandlingRunnable.run(DelegatingErrorHandlingRunnable.java:54)
	at java.util.concurrent.Executors$RunnableAdapter.call(Executors.java:511)
	at java.util.concurrent.FutureTask.runAndReset(FutureTask.java:308)
	at java.util.concurrent.ScheduledThreadPoolExecutor$ScheduledFutureTask.access$301(ScheduledThreadPoolExecutor.java:180)
	at java.util.concurrent.ScheduledThreadPoolExecutor$ScheduledFutureTask.run(ScheduledThreadPoolExecutor.java:294)
	at java.util.concurrent.ThreadPoolExecutor.runWorker(ThreadPoolExecutor.java:1142)
	at java.util.concurrent.ThreadPoolExecutor$Worker.run(ThreadPoolExecutor.java:617)
	at java.lang.Thread.run(Thread.java:745)
2020-12-02 00:14:05.471 [ThreadPoolTaskScheduler-1] ERROR o.s.cloud.alibaba.nacos.discovery.NacosWatch - Error watching Nacos Service change
java.lang.IllegalArgumentException: no server available
	at com.alibaba.nacos.client.naming.net.NamingProxy.reqAPI(NamingProxy.java:354)
	at com.alibaba.nacos.client.naming.net.NamingProxy.reqAPI(NamingProxy.java:346)
	at com.alibaba.nacos.client.naming.net.NamingProxy.reqAPI(NamingProxy.java:294)
	at com.alibaba.nacos.client.naming.net.NamingProxy.getServiceList(NamingProxy.java:276)
	at com.alibaba.nacos.client.naming.net.NamingProxy.getServiceList(NamingProxy.java:252)
	at com.alibaba.nacos.client.naming.NacosNamingService.getServicesOfServer(NacosNamingService.java:525)
	at org.springframework.cloud.alibaba.nacos.discovery.NacosWatch.nacosServicesWatch(NacosWatch.java:127)
	at org.springframework.scheduling.support.DelegatingErrorHandlingRunnable.run(DelegatingErrorHandlingRunnable.java:54)
	at java.util.concurrent.Executors$RunnableAdapter.call(Executors.java:511)
	at java.util.concurrent.FutureTask.runAndReset(FutureTask.java:308)
	at java.util.concurrent.ScheduledThreadPoolExecutor$ScheduledFutureTask.access$301(ScheduledThreadPoolExecutor.java:180)
	at java.util.concurrent.ScheduledThreadPoolExecutor$ScheduledFutureTask.run(ScheduledThreadPoolExecutor.java:294)
	at java.util.concurrent.ThreadPoolExecutor.runWorker(ThreadPoolExecutor.java:1142)
	at java.util.concurrent.ThreadPoolExecutor$Worker.run(ThreadPoolExecutor.java:617)
	at java.lang.Thread.run(Thread.java:745)
2020-12-02 00:14:35.474 [ThreadPoolTaskScheduler-1] ERROR o.s.cloud.alibaba.nacos.discovery.NacosWatch - Error watching Nacos Service change
java.lang.IllegalArgumentException: no server available
	at com.alibaba.nacos.client.naming.net.NamingProxy.reqAPI(NamingProxy.java:354)
	at com.alibaba.nacos.client.naming.net.NamingProxy.reqAPI(NamingProxy.java:346)
	at com.alibaba.nacos.client.naming.net.NamingProxy.reqAPI(NamingProxy.java:294)
	at com.alibaba.nacos.client.naming.net.NamingProxy.getServiceList(NamingProxy.java:276)
	at com.alibaba.nacos.client.naming.net.NamingProxy.getServiceList(NamingProxy.java:252)
	at com.alibaba.nacos.client.naming.NacosNamingService.getServicesOfServer(NacosNamingService.java:525)
	at org.springframework.cloud.alibaba.nacos.discovery.NacosWatch.nacosServicesWatch(NacosWatch.java:127)
	at org.springframework.scheduling.support.DelegatingErrorHandlingRunnable.run(DelegatingErrorHandlingRunnable.java:54)
	at java.util.concurrent.Executors$RunnableAdapter.call(Executors.java:511)
	at java.util.concurrent.FutureTask.runAndReset(FutureTask.java:308)
	at java.util.concurrent.ScheduledThreadPoolExecutor$ScheduledFutureTask.access$301(ScheduledThreadPoolExecutor.java:180)
	at java.util.concurrent.ScheduledThreadPoolExecutor$ScheduledFutureTask.run(ScheduledThreadPoolExecutor.java:294)
	at java.util.concurrent.ThreadPoolExecutor.runWorker(ThreadPoolExecutor.java:1142)
	at java.util.concurrent.ThreadPoolExecutor$Worker.run(ThreadPoolExecutor.java:617)
	at java.lang.Thread.run(Thread.java:745)
2020-12-02 00:15:05.475 [ThreadPoolTaskScheduler-1] ERROR o.s.cloud.alibaba.nacos.discovery.NacosWatch - Error watching Nacos Service change
java.lang.IllegalArgumentException: no server available
	at com.alibaba.nacos.client.naming.net.NamingProxy.reqAPI(NamingProxy.java:354)
	at com.alibaba.nacos.client.naming.net.NamingProxy.reqAPI(NamingProxy.java:346)
	at com.alibaba.nacos.client.naming.net.NamingProxy.reqAPI(NamingProxy.java:294)
	at com.alibaba.nacos.client.naming.net.NamingProxy.getServiceList(NamingProxy.java:276)
	at com.alibaba.nacos.client.naming.net.NamingProxy.getServiceList(NamingProxy.java:252)
	at com.alibaba.nacos.client.naming.NacosNamingService.getServicesOfServer(NacosNamingService.java:525)
	at org.springframework.cloud.alibaba.nacos.discovery.NacosWatch.nacosServicesWatch(NacosWatch.java:127)
	at org.springframework.scheduling.support.DelegatingErrorHandlingRunnable.run(DelegatingErrorHandlingRunnable.java:54)
	at java.util.concurrent.Executors$RunnableAdapter.call(Executors.java:511)
	at java.util.concurrent.FutureTask.runAndReset(FutureTask.java:308)
	at java.util.concurrent.ScheduledThreadPoolExecutor$ScheduledFutureTask.access$301(ScheduledThreadPoolExecutor.java:180)
	at java.util.concurrent.ScheduledThreadPoolExecutor$ScheduledFutureTask.run(ScheduledThreadPoolExecutor.java:294)
	at java.util.concurrent.ThreadPoolExecutor.runWorker(ThreadPoolExecutor.java:1142)
	at java.util.concurrent.ThreadPoolExecutor$Worker.run(ThreadPoolExecutor.java:617)
	at java.lang.Thread.run(Thread.java:745)
2020-12-02 00:15:35.478 [ThreadPoolTaskScheduler-1] ERROR o.s.cloud.alibaba.nacos.discovery.NacosWatch - Error watching Nacos Service change
java.lang.IllegalArgumentException: no server available
	at com.alibaba.nacos.client.naming.net.NamingProxy.reqAPI(NamingProxy.java:354)
	at com.alibaba.nacos.client.naming.net.NamingProxy.reqAPI(NamingProxy.java:346)
	at com.alibaba.nacos.client.naming.net.NamingProxy.reqAPI(NamingProxy.java:294)
	at com.alibaba.nacos.client.naming.net.NamingProxy.getServiceList(NamingProxy.java:276)
	at com.alibaba.nacos.client.naming.net.NamingProxy.getServiceList(NamingProxy.java:252)
	at com.alibaba.nacos.client.naming.NacosNamingService.getServicesOfServer(NacosNamingService.java:525)
	at org.springframework.cloud.alibaba.nacos.discovery.NacosWatch.nacosServicesWatch(NacosWatch.java:127)
	at org.springframework.scheduling.support.DelegatingErrorHandlingRunnable.run(DelegatingErrorHandlingRunnable.java:54)
	at java.util.concurrent.Executors$RunnableAdapter.call(Executors.java:511)
	at java.util.concurrent.FutureTask.runAndReset(FutureTask.java:308)
	at java.util.concurrent.ScheduledThreadPoolExecutor$ScheduledFutureTask.access$301(ScheduledThreadPoolExecutor.java:180)
	at java.util.concurrent.ScheduledThreadPoolExecutor$ScheduledFutureTask.run(ScheduledThreadPoolExecutor.java:294)
	at java.util.concurrent.ThreadPoolExecutor.runWorker(ThreadPoolExecutor.java:1142)
	at java.util.concurrent.ThreadPoolExecutor$Worker.run(ThreadPoolExecutor.java:617)
	at java.lang.Thread.run(Thread.java:745)
2020-12-02 00:16:05.479 [ThreadPoolTaskScheduler-1] ERROR o.s.cloud.alibaba.nacos.discovery.NacosWatch - Error watching Nacos Service change
java.lang.IllegalArgumentException: no server available
	at com.alibaba.nacos.client.naming.net.NamingProxy.reqAPI(NamingProxy.java:354)
	at com.alibaba.nacos.client.naming.net.NamingProxy.reqAPI(NamingProxy.java:346)
	at com.alibaba.nacos.client.naming.net.NamingProxy.reqAPI(NamingProxy.java:294)
	at com.alibaba.nacos.client.naming.net.NamingProxy.getServiceList(NamingProxy.java:276)
	at com.alibaba.nacos.client.naming.net.NamingProxy.getServiceList(NamingProxy.java:252)
	at com.alibaba.nacos.client.naming.NacosNamingService.getServicesOfServer(NacosNamingService.java:525)
	at org.springframework.cloud.alibaba.nacos.discovery.NacosWatch.nacosServicesWatch(NacosWatch.java:127)
	at org.springframework.scheduling.support.DelegatingErrorHandlingRunnable.run(DelegatingErrorHandlingRunnable.java:54)
	at java.util.concurrent.Executors$RunnableAdapter.call(Executors.java:511)
	at java.util.concurrent.FutureTask.runAndReset(FutureTask.java:308)
	at java.util.concurrent.ScheduledThreadPoolExecutor$ScheduledFutureTask.access$301(ScheduledThreadPoolExecutor.java:180)
	at java.util.concurrent.ScheduledThreadPoolExecutor$ScheduledFutureTask.run(ScheduledThreadPoolExecutor.java:294)
	at java.util.concurrent.ThreadPoolExecutor.runWorker(ThreadPoolExecutor.java:1142)
	at java.util.concurrent.ThreadPoolExecutor$Worker.run(ThreadPoolExecutor.java:617)
	at java.lang.Thread.run(Thread.java:745)
2020-12-02 00:16:35.488 [ThreadPoolTaskScheduler-1] ERROR o.s.cloud.alibaba.nacos.discovery.NacosWatch - Error watching Nacos Service change
java.lang.IllegalArgumentException: no server available
	at com.alibaba.nacos.client.naming.net.NamingProxy.reqAPI(NamingProxy.java:354)
	at com.alibaba.nacos.client.naming.net.NamingProxy.reqAPI(NamingProxy.java:346)
	at com.alibaba.nacos.client.naming.net.NamingProxy.reqAPI(NamingProxy.java:294)
	at com.alibaba.nacos.client.naming.net.NamingProxy.getServiceList(NamingProxy.java:276)
	at com.alibaba.nacos.client.naming.net.NamingProxy.getServiceList(NamingProxy.java:252)
	at com.alibaba.nacos.client.naming.NacosNamingService.getServicesOfServer(NacosNamingService.java:525)
	at org.springframework.cloud.alibaba.nacos.discovery.NacosWatch.nacosServicesWatch(NacosWatch.java:127)
	at org.springframework.scheduling.support.DelegatingErrorHandlingRunnable.run(DelegatingErrorHandlingRunnable.java:54)
	at java.util.concurrent.Executors$RunnableAdapter.call(Executors.java:511)
	at java.util.concurrent.FutureTask.runAndReset(FutureTask.java:308)
	at java.util.concurrent.ScheduledThreadPoolExecutor$ScheduledFutureTask.access$301(ScheduledThreadPoolExecutor.java:180)
	at java.util.concurrent.ScheduledThreadPoolExecutor$ScheduledFutureTask.run(ScheduledThreadPoolExecutor.java:294)
	at java.util.concurrent.ThreadPoolExecutor.runWorker(ThreadPoolExecutor.java:1142)
	at java.util.concurrent.ThreadPoolExecutor$Worker.run(ThreadPoolExecutor.java:617)
	at java.lang.Thread.run(Thread.java:745)
2020-12-02 00:17:05.489 [ThreadPoolTaskScheduler-1] ERROR o.s.cloud.alibaba.nacos.discovery.NacosWatch - Error watching Nacos Service change
java.lang.IllegalArgumentException: no server available
	at com.alibaba.nacos.client.naming.net.NamingProxy.reqAPI(NamingProxy.java:354)
	at com.alibaba.nacos.client.naming.net.NamingProxy.reqAPI(NamingProxy.java:346)
	at com.alibaba.nacos.client.naming.net.NamingProxy.reqAPI(NamingProxy.java:294)
	at com.alibaba.nacos.client.naming.net.NamingProxy.getServiceList(NamingProxy.java:276)
	at com.alibaba.nacos.client.naming.net.NamingProxy.getServiceList(NamingProxy.java:252)
	at com.alibaba.nacos.client.naming.NacosNamingService.getServicesOfServer(NacosNamingService.java:525)
	at org.springframework.cloud.alibaba.nacos.discovery.NacosWatch.nacosServicesWatch(NacosWatch.java:127)
	at org.springframework.scheduling.support.DelegatingErrorHandlingRunnable.run(DelegatingErrorHandlingRunnable.java:54)
	at java.util.concurrent.Executors$RunnableAdapter.call(Executors.java:511)
	at java.util.concurrent.FutureTask.runAndReset(FutureTask.java:308)
	at java.util.concurrent.ScheduledThreadPoolExecutor$ScheduledFutureTask.access$301(ScheduledThreadPoolExecutor.java:180)
	at java.util.concurrent.ScheduledThreadPoolExecutor$ScheduledFutureTask.run(ScheduledThreadPoolExecutor.java:294)
	at java.util.concurrent.ThreadPoolExecutor.runWorker(ThreadPoolExecutor.java:1142)
	at java.util.concurrent.ThreadPoolExecutor$Worker.run(ThreadPoolExecutor.java:617)
	at java.lang.Thread.run(Thread.java:745)
2020-12-02 00:17:35.491 [ThreadPoolTaskScheduler-1] ERROR o.s.cloud.alibaba.nacos.discovery.NacosWatch - Error watching Nacos Service change
java.lang.IllegalArgumentException: no server available
	at com.alibaba.nacos.client.naming.net.NamingProxy.reqAPI(NamingProxy.java:354)
	at com.alibaba.nacos.client.naming.net.NamingProxy.reqAPI(NamingProxy.java:346)
	at com.alibaba.nacos.client.naming.net.NamingProxy.reqAPI(NamingProxy.java:294)
	at com.alibaba.nacos.client.naming.net.NamingProxy.getServiceList(NamingProxy.java:276)
	at com.alibaba.nacos.client.naming.net.NamingProxy.getServiceList(NamingProxy.java:252)
	at com.alibaba.nacos.client.naming.NacosNamingService.getServicesOfServer(NacosNamingService.java:525)
	at org.springframework.cloud.alibaba.nacos.discovery.NacosWatch.nacosServicesWatch(NacosWatch.java:127)
	at org.springframework.scheduling.support.DelegatingErrorHandlingRunnable.run(DelegatingErrorHandlingRunnable.java:54)
	at java.util.concurrent.Executors$RunnableAdapter.call(Executors.java:511)
	at java.util.concurrent.FutureTask.runAndReset(FutureTask.java:308)
	at java.util.concurrent.ScheduledThreadPoolExecutor$ScheduledFutureTask.access$301(ScheduledThreadPoolExecutor.java:180)
	at java.util.concurrent.ScheduledThreadPoolExecutor$ScheduledFutureTask.run(ScheduledThreadPoolExecutor.java:294)
	at java.util.concurrent.ThreadPoolExecutor.runWorker(ThreadPoolExecutor.java:1142)
	at java.util.concurrent.ThreadPoolExecutor$Worker.run(ThreadPoolExecutor.java:617)
	at java.lang.Thread.run(Thread.java:745)
2020-12-02 00:18:05.494 [ThreadPoolTaskScheduler-1] ERROR o.s.cloud.alibaba.nacos.discovery.NacosWatch - Error watching Nacos Service change
java.lang.IllegalArgumentException: no server available
	at com.alibaba.nacos.client.naming.net.NamingProxy.reqAPI(NamingProxy.java:354)
	at com.alibaba.nacos.client.naming.net.NamingProxy.reqAPI(NamingProxy.java:346)
	at com.alibaba.nacos.client.naming.net.NamingProxy.reqAPI(NamingProxy.java:294)
	at com.alibaba.nacos.client.naming.net.NamingProxy.getServiceList(NamingProxy.java:276)
	at com.alibaba.nacos.client.naming.net.NamingProxy.getServiceList(NamingProxy.java:252)
	at com.alibaba.nacos.client.naming.NacosNamingService.getServicesOfServer(NacosNamingService.java:525)
	at org.springframework.cloud.alibaba.nacos.discovery.NacosWatch.nacosServicesWatch(NacosWatch.java:127)
	at org.springframework.scheduling.support.DelegatingErrorHandlingRunnable.run(DelegatingErrorHandlingRunnable.java:54)
	at java.util.concurrent.Executors$RunnableAdapter.call(Executors.java:511)
	at java.util.concurrent.FutureTask.runAndReset(FutureTask.java:308)
	at java.util.concurrent.ScheduledThreadPoolExecutor$ScheduledFutureTask.access$301(ScheduledThreadPoolExecutor.java:180)
	at java.util.concurrent.ScheduledThreadPoolExecutor$ScheduledFutureTask.run(ScheduledThreadPoolExecutor.java:294)
	at java.util.concurrent.ThreadPoolExecutor.runWorker(ThreadPoolExecutor.java:1142)
	at java.util.concurrent.ThreadPoolExecutor$Worker.run(ThreadPoolExecutor.java:617)
	at java.lang.Thread.run(Thread.java:745)
2020-12-02 13:48:43.003 [ThreadPoolTaskScheduler-1] ERROR o.s.cloud.alibaba.nacos.discovery.NacosWatch - Error watching Nacos Service change
java.lang.IllegalArgumentException: no server available
	at com.alibaba.nacos.client.naming.net.NamingProxy.reqAPI(NamingProxy.java:354)
	at com.alibaba.nacos.client.naming.net.NamingProxy.reqAPI(NamingProxy.java:346)
	at com.alibaba.nacos.client.naming.net.NamingProxy.reqAPI(NamingProxy.java:294)
	at com.alibaba.nacos.client.naming.net.NamingProxy.getServiceList(NamingProxy.java:276)
	at com.alibaba.nacos.client.naming.net.NamingProxy.getServiceList(NamingProxy.java:252)
	at com.alibaba.nacos.client.naming.NacosNamingService.getServicesOfServer(NacosNamingService.java:525)
	at org.springframework.cloud.alibaba.nacos.discovery.NacosWatch.nacosServicesWatch(NacosWatch.java:127)
	at org.springframework.scheduling.support.DelegatingErrorHandlingRunnable.run(DelegatingErrorHandlingRunnable.java:54)
	at java.util.concurrent.Executors$RunnableAdapter.call(Executors.java:511)
	at java.util.concurrent.FutureTask.runAndReset(FutureTask.java:308)
	at java.util.concurrent.ScheduledThreadPoolExecutor$ScheduledFutureTask.access$301(ScheduledThreadPoolExecutor.java:180)
	at java.util.concurrent.ScheduledThreadPoolExecutor$ScheduledFutureTask.run(ScheduledThreadPoolExecutor.java:294)
	at java.util.concurrent.ThreadPoolExecutor.runWorker(ThreadPoolExecutor.java:1142)
	at java.util.concurrent.ThreadPoolExecutor$Worker.run(ThreadPoolExecutor.java:617)
	at java.lang.Thread.run(Thread.java:745)
2020-12-02 13:48:43.328 [main] ERROR o.s.c.alibaba.nacos.registry.NacosServiceRegistry - nacos registry, service-admin register failed...NacosRegistration{nacosDiscoveryProperties=NacosDiscoveryProperties{serverAddr='', endpoint='', namespace='', watchDelay=30000, logName='', service='service-admin', weight=1.0, clusterName='DEFAULT', namingLoadCacheAtStart='false', metadata={preserved.register.source=SPRING_CLOUD}, registerEnabled=true, ip='192.168.56.1', networkInterface='', port=8001, secure=false, accessKey='', secretKey=''}},
java.lang.IllegalArgumentException: no server available
	at com.alibaba.nacos.client.naming.net.NamingProxy.reqAPI(NamingProxy.java:354)
	at com.alibaba.nacos.client.naming.net.NamingProxy.reqAPI(NamingProxy.java:304)
	at com.alibaba.nacos.client.naming.net.NamingProxy.registerService(NamingProxy.java:186)
	at com.alibaba.nacos.client.naming.NacosNamingService.registerInstance(NacosNamingService.java:298)
	at com.alibaba.nacos.client.naming.NacosNamingService.registerInstance(NacosNamingService.java:279)
	at org.springframework.cloud.alibaba.nacos.registry.NacosServiceRegistry.register(NacosServiceRegistry.java:63)
	at org.springframework.cloud.client.serviceregistry.AbstractAutoServiceRegistration.register(AbstractAutoServiceRegistration.java:239)
	at org.springframework.cloud.alibaba.nacos.registry.NacosAutoServiceRegistration.register(NacosAutoServiceRegistration.java:74)
	at org.springframework.cloud.client.serviceregistry.AbstractAutoServiceRegistration.start(AbstractAutoServiceRegistration.java:138)
	at org.springframework.cloud.client.serviceregistry.AbstractAutoServiceRegistration.bind(AbstractAutoServiceRegistration.java:101)
	at org.springframework.cloud.client.serviceregistry.AbstractAutoServiceRegistration.onApplicationEvent(AbstractAutoServiceRegistration.java:88)
	at org.springframework.cloud.client.serviceregistry.AbstractAutoServiceRegistration.onApplicationEvent(AbstractAutoServiceRegistration.java:47)
	at org.springframework.context.event.SimpleApplicationEventMulticaster.doInvokeListener(SimpleApplicationEventMulticaster.java:172)
	at org.springframework.context.event.SimpleApplicationEventMulticaster.invokeListener(SimpleApplicationEventMulticaster.java:165)
	at org.springframework.context.event.SimpleApplicationEventMulticaster.multicastEvent(SimpleApplicationEventMulticaster.java:139)
	at org.springframework.context.support.AbstractApplicationContext.publishEvent(AbstractApplicationContext.java:403)
	at org.springframework.context.support.AbstractApplicationContext.publishEvent(AbstractApplicationContext.java:360)
	at org.springframework.boot.web.servlet.context.ServletWebServerApplicationContext.finishRefresh(ServletWebServerApplicationContext.java:165)
	at org.springframework.context.support.AbstractApplicationContext.refresh(AbstractApplicationContext.java:553)
	at org.springframework.boot.web.servlet.context.ServletWebServerApplicationContext.refresh(ServletWebServerApplicationContext.java:141)
	at org.springframework.boot.SpringApplication.refresh(SpringApplication.java:747)
	at org.springframework.boot.SpringApplication.refreshContext(SpringApplication.java:397)
	at org.springframework.boot.SpringApplication.run(SpringApplication.java:315)
	at org.springframework.boot.SpringApplication.run(SpringApplication.java:1226)
	at org.springframework.boot.SpringApplication.run(SpringApplication.java:1215)
	at com.lmh.adminService.AdminServiceApplication.main(AdminServiceApplication.java:14)
2020-12-02 13:49:13.038 [ThreadPoolTaskScheduler-1] ERROR o.s.cloud.alibaba.nacos.discovery.NacosWatch - Error watching Nacos Service change
java.lang.IllegalArgumentException: no server available
	at com.alibaba.nacos.client.naming.net.NamingProxy.reqAPI(NamingProxy.java:354)
	at com.alibaba.nacos.client.naming.net.NamingProxy.reqAPI(NamingProxy.java:346)
	at com.alibaba.nacos.client.naming.net.NamingProxy.reqAPI(NamingProxy.java:294)
	at com.alibaba.nacos.client.naming.net.NamingProxy.getServiceList(NamingProxy.java:276)
	at com.alibaba.nacos.client.naming.net.NamingProxy.getServiceList(NamingProxy.java:252)
	at com.alibaba.nacos.client.naming.NacosNamingService.getServicesOfServer(NacosNamingService.java:525)
	at org.springframework.cloud.alibaba.nacos.discovery.NacosWatch.nacosServicesWatch(NacosWatch.java:127)
	at org.springframework.scheduling.support.DelegatingErrorHandlingRunnable.run(DelegatingErrorHandlingRunnable.java:54)
	at java.util.concurrent.Executors$RunnableAdapter.call(Executors.java:511)
	at java.util.concurrent.FutureTask.runAndReset(FutureTask.java:308)
	at java.util.concurrent.ScheduledThreadPoolExecutor$ScheduledFutureTask.access$301(ScheduledThreadPoolExecutor.java:180)
	at java.util.concurrent.ScheduledThreadPoolExecutor$ScheduledFutureTask.run(ScheduledThreadPoolExecutor.java:294)
	at java.util.concurrent.ThreadPoolExecutor.runWorker(ThreadPoolExecutor.java:1142)
	at java.util.concurrent.ThreadPoolExecutor$Worker.run(ThreadPoolExecutor.java:617)
	at java.lang.Thread.run(Thread.java:745)
2020-12-02 13:49:43.041 [ThreadPoolTaskScheduler-1] ERROR o.s.cloud.alibaba.nacos.discovery.NacosWatch - Error watching Nacos Service change
java.lang.IllegalArgumentException: no server available
	at com.alibaba.nacos.client.naming.net.NamingProxy.reqAPI(NamingProxy.java:354)
	at com.alibaba.nacos.client.naming.net.NamingProxy.reqAPI(NamingProxy.java:346)
	at com.alibaba.nacos.client.naming.net.NamingProxy.reqAPI(NamingProxy.java:294)
	at com.alibaba.nacos.client.naming.net.NamingProxy.getServiceList(NamingProxy.java:276)
	at com.alibaba.nacos.client.naming.net.NamingProxy.getServiceList(NamingProxy.java:252)
	at com.alibaba.nacos.client.naming.NacosNamingService.getServicesOfServer(NacosNamingService.java:525)
	at org.springframework.cloud.alibaba.nacos.discovery.NacosWatch.nacosServicesWatch(NacosWatch.java:127)
	at org.springframework.scheduling.support.DelegatingErrorHandlingRunnable.run(DelegatingErrorHandlingRunnable.java:54)
	at java.util.concurrent.Executors$RunnableAdapter.call(Executors.java:511)
	at java.util.concurrent.FutureTask.runAndReset(FutureTask.java:308)
	at java.util.concurrent.ScheduledThreadPoolExecutor$ScheduledFutureTask.access$301(ScheduledThreadPoolExecutor.java:180)
	at java.util.concurrent.ScheduledThreadPoolExecutor$ScheduledFutureTask.run(ScheduledThreadPoolExecutor.java:294)
	at java.util.concurrent.ThreadPoolExecutor.runWorker(ThreadPoolExecutor.java:1142)
	at java.util.concurrent.ThreadPoolExecutor$Worker.run(ThreadPoolExecutor.java:617)
	at java.lang.Thread.run(Thread.java:745)
2020-12-02 13:50:13.045 [ThreadPoolTaskScheduler-1] ERROR o.s.cloud.alibaba.nacos.discovery.NacosWatch - Error watching Nacos Service change
java.lang.IllegalArgumentException: no server available
	at com.alibaba.nacos.client.naming.net.NamingProxy.reqAPI(NamingProxy.java:354)
	at com.alibaba.nacos.client.naming.net.NamingProxy.reqAPI(NamingProxy.java:346)
	at com.alibaba.nacos.client.naming.net.NamingProxy.reqAPI(NamingProxy.java:294)
	at com.alibaba.nacos.client.naming.net.NamingProxy.getServiceList(NamingProxy.java:276)
	at com.alibaba.nacos.client.naming.net.NamingProxy.getServiceList(NamingProxy.java:252)
	at com.alibaba.nacos.client.naming.NacosNamingService.getServicesOfServer(NacosNamingService.java:525)
	at org.springframework.cloud.alibaba.nacos.discovery.NacosWatch.nacosServicesWatch(NacosWatch.java:127)
	at org.springframework.scheduling.support.DelegatingErrorHandlingRunnable.run(DelegatingErrorHandlingRunnable.java:54)
	at java.util.concurrent.Executors$RunnableAdapter.call(Executors.java:511)
	at java.util.concurrent.FutureTask.runAndReset(FutureTask.java:308)
	at java.util.concurrent.ScheduledThreadPoolExecutor$ScheduledFutureTask.access$301(ScheduledThreadPoolExecutor.java:180)
	at java.util.concurrent.ScheduledThreadPoolExecutor$ScheduledFutureTask.run(ScheduledThreadPoolExecutor.java:294)
	at java.util.concurrent.ThreadPoolExecutor.runWorker(ThreadPoolExecutor.java:1142)
	at java.util.concurrent.ThreadPoolExecutor$Worker.run(ThreadPoolExecutor.java:617)
	at java.lang.Thread.run(Thread.java:745)
2020-12-02 13:50:43.076 [ThreadPoolTaskScheduler-1] ERROR o.s.cloud.alibaba.nacos.discovery.NacosWatch - Error watching Nacos Service change
java.lang.IllegalArgumentException: no server available
	at com.alibaba.nacos.client.naming.net.NamingProxy.reqAPI(NamingProxy.java:354)
	at com.alibaba.nacos.client.naming.net.NamingProxy.reqAPI(NamingProxy.java:346)
	at com.alibaba.nacos.client.naming.net.NamingProxy.reqAPI(NamingProxy.java:294)
	at com.alibaba.nacos.client.naming.net.NamingProxy.getServiceList(NamingProxy.java:276)
	at com.alibaba.nacos.client.naming.net.NamingProxy.getServiceList(NamingProxy.java:252)
	at com.alibaba.nacos.client.naming.NacosNamingService.getServicesOfServer(NacosNamingService.java:525)
	at org.springframework.cloud.alibaba.nacos.discovery.NacosWatch.nacosServicesWatch(NacosWatch.java:127)
	at org.springframework.scheduling.support.DelegatingErrorHandlingRunnable.run(DelegatingErrorHandlingRunnable.java:54)
	at java.util.concurrent.Executors$RunnableAdapter.call(Executors.java:511)
	at java.util.concurrent.FutureTask.runAndReset(FutureTask.java:308)
	at java.util.concurrent.ScheduledThreadPoolExecutor$ScheduledFutureTask.access$301(ScheduledThreadPoolExecutor.java:180)
	at java.util.concurrent.ScheduledThreadPoolExecutor$ScheduledFutureTask.run(ScheduledThreadPoolExecutor.java:294)
	at java.util.concurrent.ThreadPoolExecutor.runWorker(ThreadPoolExecutor.java:1142)
	at java.util.concurrent.ThreadPoolExecutor$Worker.run(ThreadPoolExecutor.java:617)
	at java.lang.Thread.run(Thread.java:745)
2020-12-02 13:51:13.078 [ThreadPoolTaskScheduler-1] ERROR o.s.cloud.alibaba.nacos.discovery.NacosWatch - Error watching Nacos Service change
java.lang.IllegalArgumentException: no server available
	at com.alibaba.nacos.client.naming.net.NamingProxy.reqAPI(NamingProxy.java:354)
	at com.alibaba.nacos.client.naming.net.NamingProxy.reqAPI(NamingProxy.java:346)
	at com.alibaba.nacos.client.naming.net.NamingProxy.reqAPI(NamingProxy.java:294)
	at com.alibaba.nacos.client.naming.net.NamingProxy.getServiceList(NamingProxy.java:276)
	at com.alibaba.nacos.client.naming.net.NamingProxy.getServiceList(NamingProxy.java:252)
	at com.alibaba.nacos.client.naming.NacosNamingService.getServicesOfServer(NacosNamingService.java:525)
	at org.springframework.cloud.alibaba.nacos.discovery.NacosWatch.nacosServicesWatch(NacosWatch.java:127)
	at org.springframework.scheduling.support.DelegatingErrorHandlingRunnable.run(DelegatingErrorHandlingRunnable.java:54)
	at java.util.concurrent.Executors$RunnableAdapter.call(Executors.java:511)
	at java.util.concurrent.FutureTask.runAndReset(FutureTask.java:308)
	at java.util.concurrent.ScheduledThreadPoolExecutor$ScheduledFutureTask.access$301(ScheduledThreadPoolExecutor.java:180)
	at java.util.concurrent.ScheduledThreadPoolExecutor$ScheduledFutureTask.run(ScheduledThreadPoolExecutor.java:294)
	at java.util.concurrent.ThreadPoolExecutor.runWorker(ThreadPoolExecutor.java:1142)
	at java.util.concurrent.ThreadPoolExecutor$Worker.run(ThreadPoolExecutor.java:617)
	at java.lang.Thread.run(Thread.java:745)
2020-12-02 13:51:43.079 [ThreadPoolTaskScheduler-1] ERROR o.s.cloud.alibaba.nacos.discovery.NacosWatch - Error watching Nacos Service change
java.lang.IllegalArgumentException: no server available
	at com.alibaba.nacos.client.naming.net.NamingProxy.reqAPI(NamingProxy.java:354)
	at com.alibaba.nacos.client.naming.net.NamingProxy.reqAPI(NamingProxy.java:346)
	at com.alibaba.nacos.client.naming.net.NamingProxy.reqAPI(NamingProxy.java:294)
	at com.alibaba.nacos.client.naming.net.NamingProxy.getServiceList(NamingProxy.java:276)
	at com.alibaba.nacos.client.naming.net.NamingProxy.getServiceList(NamingProxy.java:252)
	at com.alibaba.nacos.client.naming.NacosNamingService.getServicesOfServer(NacosNamingService.java:525)
	at org.springframework.cloud.alibaba.nacos.discovery.NacosWatch.nacosServicesWatch(NacosWatch.java:127)
	at org.springframework.scheduling.support.DelegatingErrorHandlingRunnable.run(DelegatingErrorHandlingRunnable.java:54)
	at java.util.concurrent.Executors$RunnableAdapter.call(Executors.java:511)
	at java.util.concurrent.FutureTask.runAndReset(FutureTask.java:308)
	at java.util.concurrent.ScheduledThreadPoolExecutor$ScheduledFutureTask.access$301(ScheduledThreadPoolExecutor.java:180)
	at java.util.concurrent.ScheduledThreadPoolExecutor$ScheduledFutureTask.run(ScheduledThreadPoolExecutor.java:294)
	at java.util.concurrent.ThreadPoolExecutor.runWorker(ThreadPoolExecutor.java:1142)
	at java.util.concurrent.ThreadPoolExecutor$Worker.run(ThreadPoolExecutor.java:617)
	at java.lang.Thread.run(Thread.java:745)
2020-12-02 13:52:13.080 [ThreadPoolTaskScheduler-1] ERROR o.s.cloud.alibaba.nacos.discovery.NacosWatch - Error watching Nacos Service change
java.lang.IllegalArgumentException: no server available
	at com.alibaba.nacos.client.naming.net.NamingProxy.reqAPI(NamingProxy.java:354)
	at com.alibaba.nacos.client.naming.net.NamingProxy.reqAPI(NamingProxy.java:346)
	at com.alibaba.nacos.client.naming.net.NamingProxy.reqAPI(NamingProxy.java:294)
	at com.alibaba.nacos.client.naming.net.NamingProxy.getServiceList(NamingProxy.java:276)
	at com.alibaba.nacos.client.naming.net.NamingProxy.getServiceList(NamingProxy.java:252)
	at com.alibaba.nacos.client.naming.NacosNamingService.getServicesOfServer(NacosNamingService.java:525)
	at org.springframework.cloud.alibaba.nacos.discovery.NacosWatch.nacosServicesWatch(NacosWatch.java:127)
	at org.springframework.scheduling.support.DelegatingErrorHandlingRunnable.run(DelegatingErrorHandlingRunnable.java:54)
	at java.util.concurrent.Executors$RunnableAdapter.call(Executors.java:511)
	at java.util.concurrent.FutureTask.runAndReset(FutureTask.java:308)
	at java.util.concurrent.ScheduledThreadPoolExecutor$ScheduledFutureTask.access$301(ScheduledThreadPoolExecutor.java:180)
	at java.util.concurrent.ScheduledThreadPoolExecutor$ScheduledFutureTask.run(ScheduledThreadPoolExecutor.java:294)
	at java.util.concurrent.ThreadPoolExecutor.runWorker(ThreadPoolExecutor.java:1142)
	at java.util.concurrent.ThreadPoolExecutor$Worker.run(ThreadPoolExecutor.java:617)
	at java.lang.Thread.run(Thread.java:745)
2020-12-02 13:52:43.081 [ThreadPoolTaskScheduler-1] ERROR o.s.cloud.alibaba.nacos.discovery.NacosWatch - Error watching Nacos Service change
java.lang.IllegalArgumentException: no server available
	at com.alibaba.nacos.client.naming.net.NamingProxy.reqAPI(NamingProxy.java:354)
	at com.alibaba.nacos.client.naming.net.NamingProxy.reqAPI(NamingProxy.java:346)
	at com.alibaba.nacos.client.naming.net.NamingProxy.reqAPI(NamingProxy.java:294)
	at com.alibaba.nacos.client.naming.net.NamingProxy.getServiceList(NamingProxy.java:276)
	at com.alibaba.nacos.client.naming.net.NamingProxy.getServiceList(NamingProxy.java:252)
	at com.alibaba.nacos.client.naming.NacosNamingService.getServicesOfServer(NacosNamingService.java:525)
	at org.springframework.cloud.alibaba.nacos.discovery.NacosWatch.nacosServicesWatch(NacosWatch.java:127)
	at org.springframework.scheduling.support.DelegatingErrorHandlingRunnable.run(DelegatingErrorHandlingRunnable.java:54)
	at java.util.concurrent.Executors$RunnableAdapter.call(Executors.java:511)
	at java.util.concurrent.FutureTask.runAndReset(FutureTask.java:308)
	at java.util.concurrent.ScheduledThreadPoolExecutor$ScheduledFutureTask.access$301(ScheduledThreadPoolExecutor.java:180)
	at java.util.concurrent.ScheduledThreadPoolExecutor$ScheduledFutureTask.run(ScheduledThreadPoolExecutor.java:294)
	at java.util.concurrent.ThreadPoolExecutor.runWorker(ThreadPoolExecutor.java:1142)
	at java.util.concurrent.ThreadPoolExecutor$Worker.run(ThreadPoolExecutor.java:617)
	at java.lang.Thread.run(Thread.java:745)
2020-12-02 13:53:13.082 [ThreadPoolTaskScheduler-1] ERROR o.s.cloud.alibaba.nacos.discovery.NacosWatch - Error watching Nacos Service change
java.lang.IllegalArgumentException: no server available
	at com.alibaba.nacos.client.naming.net.NamingProxy.reqAPI(NamingProxy.java:354)
	at com.alibaba.nacos.client.naming.net.NamingProxy.reqAPI(NamingProxy.java:346)
	at com.alibaba.nacos.client.naming.net.NamingProxy.reqAPI(NamingProxy.java:294)
	at com.alibaba.nacos.client.naming.net.NamingProxy.getServiceList(NamingProxy.java:276)
	at com.alibaba.nacos.client.naming.net.NamingProxy.getServiceList(NamingProxy.java:252)
	at com.alibaba.nacos.client.naming.NacosNamingService.getServicesOfServer(NacosNamingService.java:525)
	at org.springframework.cloud.alibaba.nacos.discovery.NacosWatch.nacosServicesWatch(NacosWatch.java:127)
	at org.springframework.scheduling.support.DelegatingErrorHandlingRunnable.run(DelegatingErrorHandlingRunnable.java:54)
	at java.util.concurrent.Executors$RunnableAdapter.call(Executors.java:511)
	at java.util.concurrent.FutureTask.runAndReset(FutureTask.java:308)
	at java.util.concurrent.ScheduledThreadPoolExecutor$ScheduledFutureTask.access$301(ScheduledThreadPoolExecutor.java:180)
	at java.util.concurrent.ScheduledThreadPoolExecutor$ScheduledFutureTask.run(ScheduledThreadPoolExecutor.java:294)
	at java.util.concurrent.ThreadPoolExecutor.runWorker(ThreadPoolExecutor.java:1142)
	at java.util.concurrent.ThreadPoolExecutor$Worker.run(ThreadPoolExecutor.java:617)
	at java.lang.Thread.run(Thread.java:745)
2020-12-02 13:53:43.086 [ThreadPoolTaskScheduler-1] ERROR o.s.cloud.alibaba.nacos.discovery.NacosWatch - Error watching Nacos Service change
java.lang.IllegalArgumentException: no server available
	at com.alibaba.nacos.client.naming.net.NamingProxy.reqAPI(NamingProxy.java:354)
	at com.alibaba.nacos.client.naming.net.NamingProxy.reqAPI(NamingProxy.java:346)
	at com.alibaba.nacos.client.naming.net.NamingProxy.reqAPI(NamingProxy.java:294)
	at com.alibaba.nacos.client.naming.net.NamingProxy.getServiceList(NamingProxy.java:276)
	at com.alibaba.nacos.client.naming.net.NamingProxy.getServiceList(NamingProxy.java:252)
	at com.alibaba.nacos.client.naming.NacosNamingService.getServicesOfServer(NacosNamingService.java:525)
	at org.springframework.cloud.alibaba.nacos.discovery.NacosWatch.nacosServicesWatch(NacosWatch.java:127)
	at org.springframework.scheduling.support.DelegatingErrorHandlingRunnable.run(DelegatingErrorHandlingRunnable.java:54)
	at java.util.concurrent.Executors$RunnableAdapter.call(Executors.java:511)
	at java.util.concurrent.FutureTask.runAndReset(FutureTask.java:308)
	at java.util.concurrent.ScheduledThreadPoolExecutor$ScheduledFutureTask.access$301(ScheduledThreadPoolExecutor.java:180)
	at java.util.concurrent.ScheduledThreadPoolExecutor$ScheduledFutureTask.run(ScheduledThreadPoolExecutor.java:294)
	at java.util.concurrent.ThreadPoolExecutor.runWorker(ThreadPoolExecutor.java:1142)
	at java.util.concurrent.ThreadPoolExecutor$Worker.run(ThreadPoolExecutor.java:617)
	at java.lang.Thread.run(Thread.java:745)
2020-12-02 13:54:13.088 [ThreadPoolTaskScheduler-1] ERROR o.s.cloud.alibaba.nacos.discovery.NacosWatch - Error watching Nacos Service change
java.lang.IllegalArgumentException: no server available
	at com.alibaba.nacos.client.naming.net.NamingProxy.reqAPI(NamingProxy.java:354)
	at com.alibaba.nacos.client.naming.net.NamingProxy.reqAPI(NamingProxy.java:346)
	at com.alibaba.nacos.client.naming.net.NamingProxy.reqAPI(NamingProxy.java:294)
	at com.alibaba.nacos.client.naming.net.NamingProxy.getServiceList(NamingProxy.java:276)
	at com.alibaba.nacos.client.naming.net.NamingProxy.getServiceList(NamingProxy.java:252)
	at com.alibaba.nacos.client.naming.NacosNamingService.getServicesOfServer(NacosNamingService.java:525)
	at org.springframework.cloud.alibaba.nacos.discovery.NacosWatch.nacosServicesWatch(NacosWatch.java:127)
	at org.springframework.scheduling.support.DelegatingErrorHandlingRunnable.run(DelegatingErrorHandlingRunnable.java:54)
	at java.util.concurrent.Executors$RunnableAdapter.call(Executors.java:511)
	at java.util.concurrent.FutureTask.runAndReset(FutureTask.java:308)
	at java.util.concurrent.ScheduledThreadPoolExecutor$ScheduledFutureTask.access$301(ScheduledThreadPoolExecutor.java:180)
	at java.util.concurrent.ScheduledThreadPoolExecutor$ScheduledFutureTask.run(ScheduledThreadPoolExecutor.java:294)
	at java.util.concurrent.ThreadPoolExecutor.runWorker(ThreadPoolExecutor.java:1142)
	at java.util.concurrent.ThreadPoolExecutor$Worker.run(ThreadPoolExecutor.java:617)
	at java.lang.Thread.run(Thread.java:745)
2020-12-02 13:54:43.090 [ThreadPoolTaskScheduler-1] ERROR o.s.cloud.alibaba.nacos.discovery.NacosWatch - Error watching Nacos Service change
java.lang.IllegalArgumentException: no server available
	at com.alibaba.nacos.client.naming.net.NamingProxy.reqAPI(NamingProxy.java:354)
	at com.alibaba.nacos.client.naming.net.NamingProxy.reqAPI(NamingProxy.java:346)
	at com.alibaba.nacos.client.naming.net.NamingProxy.reqAPI(NamingProxy.java:294)
	at com.alibaba.nacos.client.naming.net.NamingProxy.getServiceList(NamingProxy.java:276)
	at com.alibaba.nacos.client.naming.net.NamingProxy.getServiceList(NamingProxy.java:252)
	at com.alibaba.nacos.client.naming.NacosNamingService.getServicesOfServer(NacosNamingService.java:525)
	at org.springframework.cloud.alibaba.nacos.discovery.NacosWatch.nacosServicesWatch(NacosWatch.java:127)
	at org.springframework.scheduling.support.DelegatingErrorHandlingRunnable.run(DelegatingErrorHandlingRunnable.java:54)
	at java.util.concurrent.Executors$RunnableAdapter.call(Executors.java:511)
	at java.util.concurrent.FutureTask.runAndReset(FutureTask.java:308)
	at java.util.concurrent.ScheduledThreadPoolExecutor$ScheduledFutureTask.access$301(ScheduledThreadPoolExecutor.java:180)
	at java.util.concurrent.ScheduledThreadPoolExecutor$ScheduledFutureTask.run(ScheduledThreadPoolExecutor.java:294)
	at java.util.concurrent.ThreadPoolExecutor.runWorker(ThreadPoolExecutor.java:1142)
	at java.util.concurrent.ThreadPoolExecutor$Worker.run(ThreadPoolExecutor.java:617)
	at java.lang.Thread.run(Thread.java:745)
2020-12-02 16:45:23.891 [http-nio-8001-exec-9] ERROR com.lmh.base.handler.GlobalExceptionHandler - LmhException(code=2008, msg=)
	at com.lmh.adminService.service.impl.UserServiceImpl.addUser(UserServiceImpl.java:78)
	at com.lmh.adminService.service.impl.UserServiceImpl$$FastClassBySpringCGLIB$$23d70809.invoke(<generated>)
	at org.springframework.cglib.proxy.MethodProxy.invoke(MethodProxy.java:218)
	at org.springframework.aop.framework.CglibAopProxy$DynamicAdvisedInterceptor.intercept(CglibAopProxy.java:685)
	at com.lmh.adminService.service.impl.UserServiceImpl$$EnhancerBySpringCGLIB$$f4487774.addUser(<generated>)
	at com.lmh.adminService.controller.UserController.addUser(UserController.java:84)
	at sun.reflect.NativeMethodAccessorImpl.invoke0(Native Method)
	at sun.reflect.NativeMethodAccessorImpl.invoke(NativeMethodAccessorImpl.java:62)
	at sun.reflect.DelegatingMethodAccessorImpl.invoke(DelegatingMethodAccessorImpl.java:43)
	at java.lang.reflect.Method.invoke(Method.java:498)
	at org.springframework.web.method.support.InvocableHandlerMethod.doInvoke(InvocableHandlerMethod.java:190)
	at org.springframework.web.method.support.InvocableHandlerMethod.invokeForRequest(InvocableHandlerMethod.java:138)
	at org.springframework.web.servlet.mvc.method.annotation.ServletInvocableHandlerMethod.invokeAndHandle(ServletInvocableHandlerMethod.java:106)
	at org.springframework.web.servlet.mvc.method.annotation.RequestMappingHandlerAdapter.invokeHandlerMethod(RequestMappingHandlerAdapter.java:888)
	at org.springframework.web.servlet.mvc.method.annotation.RequestMappingHandlerAdapter.handleInternal(RequestMappingHandlerAdapter.java:793)
	at org.springframework.web.servlet.mvc.method.AbstractHandlerMethodAdapter.handle(AbstractHandlerMethodAdapter.java:87)
	at org.springframework.web.servlet.DispatcherServlet.doDispatch(DispatcherServlet.java:1040)
	at org.springframework.web.servlet.DispatcherServlet.doService(DispatcherServlet.java:943)
	at org.springframework.web.servlet.FrameworkServlet.processRequest(FrameworkServlet.java:1006)
	at org.springframework.web.servlet.FrameworkServlet.doPost(FrameworkServlet.java:909)
	at javax.servlet.http.HttpServlet.service(HttpServlet.java:660)
	at org.springframework.web.servlet.FrameworkServlet.service(FrameworkServlet.java:883)
	at javax.servlet.http.HttpServlet.service(HttpServlet.java:741)
	at org.apache.catalina.core.ApplicationFilterChain.internalDoFilter(ApplicationFilterChain.java:231)
	at org.apache.catalina.core.ApplicationFilterChain.doFilter(ApplicationFilterChain.java:166)
	at org.apache.tomcat.websocket.server.WsFilter.doFilter(WsFilter.java:53)
	at org.apache.catalina.core.ApplicationFilterChain.internalDoFilter(ApplicationFilterChain.java:193)
	at org.apache.catalina.core.ApplicationFilterChain.doFilter(ApplicationFilterChain.java:166)
	at org.springframework.web.filter.RequestContextFilter.doFilterInternal(RequestContextFilter.java:100)
	at org.springframework.web.filter.OncePerRequestFilter.doFilter(OncePerRequestFilter.java:119)
	at org.apache.catalina.core.ApplicationFilterChain.internalDoFilter(ApplicationFilterChain.java:193)
	at org.apache.catalina.core.ApplicationFilterChain.doFilter(ApplicationFilterChain.java:166)
	at org.springframework.web.filter.FormContentFilter.doFilterInternal(FormContentFilter.java:93)
	at org.springframework.web.filter.OncePerRequestFilter.doFilter(OncePerRequestFilter.java:119)
	at org.apache.catalina.core.ApplicationFilterChain.internalDoFilter(ApplicationFilterChain.java:193)
	at org.apache.catalina.core.ApplicationFilterChain.doFilter(ApplicationFilterChain.java:166)
	at org.springframework.web.filter.CharacterEncodingFilter.doFilterInternal(CharacterEncodingFilter.java:201)
	at org.springframework.web.filter.OncePerRequestFilter.doFilter(OncePerRequestFilter.java:119)
	at org.apache.catalina.core.ApplicationFilterChain.internalDoFilter(ApplicationFilterChain.java:193)
	at org.apache.catalina.core.ApplicationFilterChain.doFilter(ApplicationFilterChain.java:166)
	at org.apache.catalina.core.StandardWrapperValve.invoke(StandardWrapperValve.java:202)
	at org.apache.catalina.core.StandardContextValve.invoke(StandardContextValve.java:96)
	at org.apache.catalina.authenticator.AuthenticatorBase.invoke(AuthenticatorBase.java:526)
	at org.apache.catalina.core.StandardHostValve.invoke(StandardHostValve.java:139)
	at org.apache.catalina.valves.ErrorReportValve.invoke(ErrorReportValve.java:92)
	at org.apache.catalina.core.StandardEngineValve.invoke(StandardEngineValve.java:74)
	at org.apache.catalina.connector.CoyoteAdapter.service(CoyoteAdapter.java:343)
	at org.apache.coyote.http11.Http11Processor.service(Http11Processor.java:408)
	at org.apache.coyote.AbstractProcessorLight.process(AbstractProcessorLight.java:66)
	at org.apache.coyote.AbstractProtocol$ConnectionHandler.process(AbstractProtocol.java:861)
	at org.apache.tomcat.util.net.NioEndpoint$SocketProcessor.doRun(NioEndpoint.java:1579)
	at org.apache.tomcat.util.net.SocketProcessorBase.run(SocketProcessorBase.java:49)
	at java.util.concurrent.ThreadPoolExecutor.runWorker(ThreadPoolExecutor.java:1142)
	at java.util.concurrent.ThreadPoolExecutor$Worker.run(ThreadPoolExecutor.java:617)
	at org.apache.tomcat.util.threads.TaskThread$WrappingRunnable.run(TaskThread.java:61)
	at java.lang.Thread.run(Thread.java:745)

2020-12-02 16:45:29.155 [http-nio-8001-exec-5] ERROR com.lmh.base.handler.GlobalExceptionHandler - LmhException(code=2008, msg=)
	at com.lmh.adminService.service.impl.UserServiceImpl.addUser(UserServiceImpl.java:78)
	at com.lmh.adminService.service.impl.UserServiceImpl$$FastClassBySpringCGLIB$$23d70809.invoke(<generated>)
	at org.springframework.cglib.proxy.MethodProxy.invoke(MethodProxy.java:218)
	at org.springframework.aop.framework.CglibAopProxy$DynamicAdvisedInterceptor.intercept(CglibAopProxy.java:685)
	at com.lmh.adminService.service.impl.UserServiceImpl$$EnhancerBySpringCGLIB$$f4487774.addUser(<generated>)
	at com.lmh.adminService.controller.UserController.addUser(UserController.java:84)
	at sun.reflect.NativeMethodAccessorImpl.invoke0(Native Method)
	at sun.reflect.NativeMethodAccessorImpl.invoke(NativeMethodAccessorImpl.java:62)
	at sun.reflect.DelegatingMethodAccessorImpl.invoke(DelegatingMethodAccessorImpl.java:43)
	at java.lang.reflect.Method.invoke(Method.java:498)
	at org.springframework.web.method.support.InvocableHandlerMethod.doInvoke(InvocableHandlerMethod.java:190)
	at org.springframework.web.method.support.InvocableHandlerMethod.invokeForRequest(InvocableHandlerMethod.java:138)
	at org.springframework.web.servlet.mvc.method.annotation.ServletInvocableHandlerMethod.invokeAndHandle(ServletInvocableHandlerMethod.java:106)
	at org.springframework.web.servlet.mvc.method.annotation.RequestMappingHandlerAdapter.invokeHandlerMethod(RequestMappingHandlerAdapter.java:888)
	at org.springframework.web.servlet.mvc.method.annotation.RequestMappingHandlerAdapter.handleInternal(RequestMappingHandlerAdapter.java:793)
	at org.springframework.web.servlet.mvc.method.AbstractHandlerMethodAdapter.handle(AbstractHandlerMethodAdapter.java:87)
	at org.springframework.web.servlet.DispatcherServlet.doDispatch(DispatcherServlet.java:1040)
	at org.springframework.web.servlet.DispatcherServlet.doService(DispatcherServlet.java:943)
	at org.springframework.web.servlet.FrameworkServlet.processRequest(FrameworkServlet.java:1006)
	at org.springframework.web.servlet.FrameworkServlet.doPost(FrameworkServlet.java:909)
	at javax.servlet.http.HttpServlet.service(HttpServlet.java:660)
	at org.springframework.web.servlet.FrameworkServlet.service(FrameworkServlet.java:883)
	at javax.servlet.http.HttpServlet.service(HttpServlet.java:741)
	at org.apache.catalina.core.ApplicationFilterChain.internalDoFilter(ApplicationFilterChain.java:231)
	at org.apache.catalina.core.ApplicationFilterChain.doFilter(ApplicationFilterChain.java:166)
	at org.apache.tomcat.websocket.server.WsFilter.doFilter(WsFilter.java:53)
	at org.apache.catalina.core.ApplicationFilterChain.internalDoFilter(ApplicationFilterChain.java:193)
	at org.apache.catalina.core.ApplicationFilterChain.doFilter(ApplicationFilterChain.java:166)
	at org.springframework.web.filter.RequestContextFilter.doFilterInternal(RequestContextFilter.java:100)
	at org.springframework.web.filter.OncePerRequestFilter.doFilter(OncePerRequestFilter.java:119)
	at org.apache.catalina.core.ApplicationFilterChain.internalDoFilter(ApplicationFilterChain.java:193)
	at org.apache.catalina.core.ApplicationFilterChain.doFilter(ApplicationFilterChain.java:166)
	at org.springframework.web.filter.FormContentFilter.doFilterInternal(FormContentFilter.java:93)
	at org.springframework.web.filter.OncePerRequestFilter.doFilter(OncePerRequestFilter.java:119)
	at org.apache.catalina.core.ApplicationFilterChain.internalDoFilter(ApplicationFilterChain.java:193)
	at org.apache.catalina.core.ApplicationFilterChain.doFilter(ApplicationFilterChain.java:166)
	at org.springframework.web.filter.CharacterEncodingFilter.doFilterInternal(CharacterEncodingFilter.java:201)
	at org.springframework.web.filter.OncePerRequestFilter.doFilter(OncePerRequestFilter.java:119)
	at org.apache.catalina.core.ApplicationFilterChain.internalDoFilter(ApplicationFilterChain.java:193)
	at org.apache.catalina.core.ApplicationFilterChain.doFilter(ApplicationFilterChain.java:166)
	at org.apache.catalina.core.StandardWrapperValve.invoke(StandardWrapperValve.java:202)
	at org.apache.catalina.core.StandardContextValve.invoke(StandardContextValve.java:96)
	at org.apache.catalina.authenticator.AuthenticatorBase.invoke(AuthenticatorBase.java:526)
	at org.apache.catalina.core.StandardHostValve.invoke(StandardHostValve.java:139)
	at org.apache.catalina.valves.ErrorReportValve.invoke(ErrorReportValve.java:92)
	at org.apache.catalina.core.StandardEngineValve.invoke(StandardEngineValve.java:74)
	at org.apache.catalina.connector.CoyoteAdapter.service(CoyoteAdapter.java:343)
	at org.apache.coyote.http11.Http11Processor.service(Http11Processor.java:408)
	at org.apache.coyote.AbstractProcessorLight.process(AbstractProcessorLight.java:66)
	at org.apache.coyote.AbstractProtocol$ConnectionHandler.process(AbstractProtocol.java:861)
	at org.apache.tomcat.util.net.NioEndpoint$SocketProcessor.doRun(NioEndpoint.java:1579)
	at org.apache.tomcat.util.net.SocketProcessorBase.run(SocketProcessorBase.java:49)
	at java.util.concurrent.ThreadPoolExecutor.runWorker(ThreadPoolExecutor.java:1142)
	at java.util.concurrent.ThreadPoolExecutor$Worker.run(ThreadPoolExecutor.java:617)
	at org.apache.tomcat.util.threads.TaskThread$WrappingRunnable.run(TaskThread.java:61)
	at java.lang.Thread.run(Thread.java:745)

