2020-12-06 20:02:50.865 [INFO ] org.springframework.context.support.PostProcessorRegistrationDelegate$BeanPostProcessorChecker - Bean 'org.springframework.cloud.autoconfigure.ConfigurationPropertiesRebinderAutoConfiguration' of type [org.springframework.cloud.autoconfigure.ConfigurationPropertiesRebinderAutoConfiguration] is not eligible for getting processed by all BeanPostProcessors (for example: not eligible for auto-proxying)
2020-12-06 20:02:53.291 [INFO ] com.lmh.manageService.ManageApplication - The following profiles are active: dev
2020-12-06 20:02:54.096 [INFO ] org.springframework.data.repository.config.RepositoryConfigurationDelegate - Multiple Spring Data modules found, entering strict repository configuration mode!
2020-12-06 20:02:54.099 [INFO ] org.springframework.data.repository.config.RepositoryConfigurationDelegate - Bootstrapping Spring Data repositories in DEFAULT mode.
2020-12-06 20:02:54.119 [INFO ] org.springframework.data.repository.config.RepositoryConfigurationDelegate - Finished Spring Data repository scanning in 9ms. Found 0 repository interfaces.
2020-12-06 20:02:54.349 [INFO ] org.springframework.cloud.context.scope.GenericScope - BeanFactory id=f937393f-6d17-3722-a46d-bf5b137c8646
2020-12-06 20:02:54.444 [INFO ] org.springframework.context.support.PostProcessorRegistrationDelegate$BeanPostProcessorChecker - Bean 'org.springframework.transaction.annotation.ProxyTransactionManagementConfiguration' of type [org.springframework.transaction.annotation.ProxyTransactionManagementConfiguration] is not eligible for getting processed by all BeanPostProcessors (for example: not eligible for auto-proxying)
2020-12-06 20:02:54.477 [INFO ] org.springframework.context.support.PostProcessorRegistrationDelegate$BeanPostProcessorChecker - Bean 'org.springframework.cloud.autoconfigure.ConfigurationPropertiesRebinderAutoConfiguration' of type [org.springframework.cloud.autoconfigure.ConfigurationPropertiesRebinderAutoConfiguration] is not eligible for getting processed by all BeanPostProcessors (for example: not eligible for auto-proxying)
2020-12-06 20:02:54.687 [INFO ] org.springframework.boot.web.embedded.tomcat.TomcatWebServer - Tomcat initialized with port(s): 8002 (http)
2020-12-06 20:02:54.694 [INFO ] org.apache.coyote.http11.Http11NioProtocol - Initializing ProtocolHandler ["http-nio-8002"]
2020-12-06 20:02:54.694 [INFO ] org.apache.catalina.core.StandardService - Starting service [Tomcat]
2020-12-06 20:02:54.695 [INFO ] org.apache.catalina.core.StandardEngine - Starting Servlet engine: [Apache Tomcat/9.0.27]
2020-12-06 20:02:54.829 [INFO ] org.apache.catalina.core.ContainerBase.[Tomcat].[localhost].[/] - Initializing Spring embedded WebApplicationContext
2020-12-06 20:02:55.064 [INFO ] com.zaxxer.hikari.HikariDataSource - HikariPool-1 - Starting...
2020-12-06 20:02:56.138 [INFO ] com.zaxxer.hikari.HikariDataSource - HikariPool-1 - Start completed.
2020-12-06 20:02:56.643 [INFO ] springfox.documentation.spring.web.PropertySourcedRequestMappingHandlerMapping - Mapped URL path [/v2/api-docs] onto method [springfox.documentation.swagger2.web.Swagger2Controller#getDocumentation(String, HttpServletRequest)]
2020-12-06 20:02:56.663 [INFO ] com.netflix.config.sources.URLConfigurationSource - To enable URLs as dynamic configuration sources, define System property archaius.configurationSource.additionalUrls or make config.properties available on classpath.
2020-12-06 20:02:56.667 [INFO ] com.netflix.config.sources.URLConfigurationSource - To enable URLs as dynamic configuration sources, define System property archaius.configurationSource.additionalUrls or make config.properties available on classpath.
2020-12-06 20:02:56.769 [INFO ] org.springframework.scheduling.concurrent.ThreadPoolTaskExecutor - Initializing ExecutorService 'applicationTaskExecutor'
2020-12-06 20:02:59.471 [INFO ] org.springframework.cloud.commons.util.InetUtils - Cannot determine local hostname
2020-12-06 20:02:59.518 [INFO ] org.springframework.scheduling.concurrent.ThreadPoolTaskScheduler - Initializing ExecutorService
2020-12-06 20:03:01.819 [INFO ] org.springframework.cloud.commons.util.InetUtils - Cannot determine local hostname
2020-12-06 20:03:04.066 [INFO ] org.springframework.cloud.commons.util.InetUtils - Cannot determine local hostname
2020-12-06 20:03:04.156 [INFO ] springfox.documentation.spring.web.plugins.DocumentationPluginsBootstrapper - Context refreshed
2020-12-06 20:03:04.175 [INFO ] springfox.documentation.spring.web.plugins.DocumentationPluginsBootstrapper - Found 1 custom documentation plugin(s)
2020-12-06 20:03:04.209 [INFO ] springfox.documentation.spring.web.scanners.ApiListingReferenceScanner - Scanning for api listing references
2020-12-06 20:03:04.382 [INFO ] org.apache.coyote.http11.Http11NioProtocol - Starting ProtocolHandler ["http-nio-8002"]
2020-12-06 20:03:04.403 [INFO ] org.springframework.boot.web.embedded.tomcat.TomcatWebServer - Tomcat started on port(s): 8002 (http) with context path ''
2020-12-06 20:03:04.414 [INFO ] org.springframework.cloud.alibaba.nacos.registry.NacosServiceRegistry - nacos registry, service-manage 192.168.56.1:8002 register finished
2020-12-06 20:03:06.654 [INFO ] org.springframework.cloud.commons.util.InetUtils - Cannot determine local hostname
2020-12-06 20:03:06.658 [INFO ] com.lmh.manageService.ManageApplication - Started ManageApplication in 18.882 seconds (JVM running for 20.65)
2020-12-06 20:03:39.250 [INFO ] org.springframework.context.support.PostProcessorRegistrationDelegate$BeanPostProcessorChecker - Bean 'org.springframework.cloud.autoconfigure.ConfigurationPropertiesRebinderAutoConfiguration' of type [org.springframework.cloud.autoconfigure.ConfigurationPropertiesRebinderAutoConfiguration] is not eligible for getting processed by all BeanPostProcessors (for example: not eligible for auto-proxying)
2020-12-06 20:03:41.734 [INFO ] com.lmh.dormitoryService.DormitoryApplication - The following profiles are active: dev
2020-12-06 20:03:42.696 [INFO ] org.springframework.data.repository.config.RepositoryConfigurationDelegate - Multiple Spring Data modules found, entering strict repository configuration mode!
2020-12-06 20:03:42.698 [INFO ] org.springframework.data.repository.config.RepositoryConfigurationDelegate - Bootstrapping Spring Data repositories in DEFAULT mode.
2020-12-06 20:03:42.719 [INFO ] org.springframework.data.repository.config.RepositoryConfigurationDelegate - Finished Spring Data repository scanning in 9ms. Found 0 repository interfaces.
2020-12-06 20:03:42.935 [INFO ] org.springframework.cloud.context.scope.GenericScope - BeanFactory id=397e74ee-dee5-3c32-9e49-270a1a71a901
2020-12-06 20:03:43.024 [INFO ] org.springframework.context.support.PostProcessorRegistrationDelegate$BeanPostProcessorChecker - Bean 'org.springframework.transaction.annotation.ProxyTransactionManagementConfiguration' of type [org.springframework.transaction.annotation.ProxyTransactionManagementConfiguration] is not eligible for getting processed by all BeanPostProcessors (for example: not eligible for auto-proxying)
2020-12-06 20:03:43.056 [INFO ] org.springframework.context.support.PostProcessorRegistrationDelegate$BeanPostProcessorChecker - Bean 'org.springframework.cloud.autoconfigure.ConfigurationPropertiesRebinderAutoConfiguration' of type [org.springframework.cloud.autoconfigure.ConfigurationPropertiesRebinderAutoConfiguration] is not eligible for getting processed by all BeanPostProcessors (for example: not eligible for auto-proxying)
2020-12-06 20:03:43.269 [INFO ] org.springframework.boot.web.embedded.tomcat.TomcatWebServer - Tomcat initialized with port(s): 8004 (http)
2020-12-06 20:03:43.277 [INFO ] org.apache.coyote.http11.Http11NioProtocol - Initializing ProtocolHandler ["http-nio-8004"]
2020-12-06 20:03:43.278 [INFO ] org.apache.catalina.core.StandardService - Starting service [Tomcat]
2020-12-06 20:03:43.278 [INFO ] org.apache.catalina.core.StandardEngine - Starting Servlet engine: [Apache Tomcat/9.0.27]
2020-12-06 20:03:43.414 [INFO ] org.apache.catalina.core.ContainerBase.[Tomcat].[localhost].[/] - Initializing Spring embedded WebApplicationContext
2020-12-06 20:03:43.676 [INFO ] com.zaxxer.hikari.HikariDataSource - HikariPool-1 - Starting...
2020-12-06 20:03:44.572 [INFO ] com.zaxxer.hikari.HikariDataSource - HikariPool-1 - Start completed.
2020-12-06 20:03:45.265 [INFO ] springfox.documentation.spring.web.PropertySourcedRequestMappingHandlerMapping - Mapped URL path [/v2/api-docs] onto method [springfox.documentation.swagger2.web.Swagger2Controller#getDocumentation(String, HttpServletRequest)]
2020-12-06 20:03:45.282 [INFO ] com.netflix.config.sources.URLConfigurationSource - To enable URLs as dynamic configuration sources, define System property archaius.configurationSource.additionalUrls or make config.properties available on classpath.
2020-12-06 20:03:45.286 [INFO ] com.netflix.config.sources.URLConfigurationSource - To enable URLs as dynamic configuration sources, define System property archaius.configurationSource.additionalUrls or make config.properties available on classpath.
2020-12-06 20:03:45.376 [INFO ] org.springframework.scheduling.concurrent.ThreadPoolTaskExecutor - Initializing ExecutorService 'applicationTaskExecutor'
2020-12-06 20:03:48.238 [INFO ] org.springframework.cloud.commons.util.InetUtils - Cannot determine local hostname
2020-12-06 20:03:48.273 [INFO ] org.springframework.scheduling.concurrent.ThreadPoolTaskScheduler - Initializing ExecutorService
2020-12-06 20:03:50.515 [INFO ] org.springframework.cloud.commons.util.InetUtils - Cannot determine local hostname
2020-12-06 20:03:52.775 [INFO ] org.springframework.cloud.commons.util.InetUtils - Cannot determine local hostname
2020-12-06 20:03:52.886 [INFO ] springfox.documentation.spring.web.plugins.DocumentationPluginsBootstrapper - Context refreshed
2020-12-06 20:03:52.911 [INFO ] springfox.documentation.spring.web.plugins.DocumentationPluginsBootstrapper - Found 1 custom documentation plugin(s)
2020-12-06 20:03:52.956 [INFO ] springfox.documentation.spring.web.scanners.ApiListingReferenceScanner - Scanning for api listing references
2020-12-06 20:03:53.159 [INFO ] springfox.documentation.spring.web.readers.operation.CachingOperationNameGenerator - Generating unique operation named: findAllUsingPOST_1
2020-12-06 20:03:53.186 [INFO ] org.apache.coyote.http11.Http11NioProtocol - Starting ProtocolHandler ["http-nio-8004"]
2020-12-06 20:03:53.209 [INFO ] org.springframework.boot.web.embedded.tomcat.TomcatWebServer - Tomcat started on port(s): 8004 (http) with context path ''
2020-12-06 20:03:53.221 [INFO ] org.springframework.cloud.alibaba.nacos.registry.NacosServiceRegistry - nacos registry, service-dormitory 192.168.56.1:8004 register finished
2020-12-06 20:03:55.504 [INFO ] org.springframework.cloud.commons.util.InetUtils - Cannot determine local hostname
2020-12-06 20:03:55.505 [INFO ] com.lmh.dormitoryService.DormitoryApplication - Started DormitoryApplication in 19.307 seconds (JVM running for 21.212)
2020-12-06 20:07:04.020 [INFO ] org.apache.catalina.core.ContainerBase.[Tomcat].[localhost].[/] - Initializing Spring DispatcherServlet 'dispatcherServlet'
2020-12-06 20:07:12.829 [INFO ] com.netflix.config.ChainedDynamicProperty - Flipping property: service-manage.ribbon.ActiveConnectionsLimit to use NEXT property: niws.loadbalancer.availabilityFilteringRule.activeConnectionsLimit = 2147483647
2020-12-06 20:07:12.849 [INFO ] com.netflix.loadbalancer.BaseLoadBalancer - Client: service-manage instantiated a LoadBalancer: DynamicServerListLoadBalancer:{NFLoadBalancer:name=service-manage,current list of Servers=[],Load balancer stats=Zone stats: {},Server stats: []}ServerList:null
2020-12-06 20:07:12.904 [INFO ] com.netflix.loadbalancer.DynamicServerListLoadBalancer - Using serverListUpdater PollingServerListUpdater
2020-12-06 20:07:12.939 [INFO ] com.netflix.config.ChainedDynamicProperty - Flipping property: service-manage.ribbon.ActiveConnectionsLimit to use NEXT property: niws.loadbalancer.availabilityFilteringRule.activeConnectionsLimit = 2147483647
2020-12-06 20:07:12.941 [INFO ] com.netflix.loadbalancer.DynamicServerListLoadBalancer - DynamicServerListLoadBalancer for client service-manage initialized: DynamicServerListLoadBalancer:{NFLoadBalancer:name=service-manage,current list of Servers=[192.168.56.1:8002],Load balancer stats=Zone stats: {unknown=[Zone:unknown;	Instance count:1;	Active connections count: 0;	Circuit breaker tripped count: 0;	Active connections per server: 0.0;]
},Server stats: [[Server:192.168.56.1:8002;	Zone:UNKNOWN;	Total Requests:0;	Successive connection failure:0;	Total blackout seconds:0;	Last connection made:Thu Jan 01 08:00:00 CST 1970;	First connection made: Thu Jan 01 08:00:00 CST 1970;	Active Connections:0;	total failure count in last (1000) msecs:0;	average resp time:0.0;	90 percentile resp time:0.0;	95 percentile resp time:0.0;	min resp time:0.0;	max resp time:0.0;	stddev resp time:0.0]
]}ServerList:org.springframework.cloud.alibaba.nacos.ribbon.NacosServerList@6c73dc6c
2020-12-06 20:07:13.204 [INFO ] org.apache.catalina.core.ContainerBase.[Tomcat].[localhost].[/] - Initializing Spring DispatcherServlet 'dispatcherServlet'
2020-12-06 20:07:13.909 [INFO ] com.netflix.config.ChainedDynamicProperty - Flipping property: service-manage.ribbon.ActiveConnectionsLimit to use NEXT property: niws.loadbalancer.availabilityFilteringRule.activeConnectionsLimit = 2147483647
2020-12-06 21:57:10.705 [INFO ] org.springframework.context.support.PostProcessorRegistrationDelegate$BeanPostProcessorChecker - Bean 'org.springframework.cloud.autoconfigure.ConfigurationPropertiesRebinderAutoConfiguration' of type [org.springframework.cloud.autoconfigure.ConfigurationPropertiesRebinderAutoConfiguration] is not eligible for getting processed by all BeanPostProcessors (for example: not eligible for auto-proxying)
2020-12-06 21:57:12.088 [INFO ] com.lmh.manageService.ManageApplication - The following profiles are active: dev
2020-12-06 21:57:13.274 [INFO ] org.springframework.data.repository.config.RepositoryConfigurationDelegate - Multiple Spring Data modules found, entering strict repository configuration mode!
2020-12-06 21:57:13.275 [INFO ] org.springframework.data.repository.config.RepositoryConfigurationDelegate - Bootstrapping Spring Data repositories in DEFAULT mode.
2020-12-06 21:57:13.338 [INFO ] org.springframework.data.repository.config.RepositoryConfigurationDelegate - Finished Spring Data repository scanning in 10ms. Found 0 repository interfaces.
2020-12-06 21:57:13.568 [INFO ] org.springframework.cloud.context.scope.GenericScope - BeanFactory id=f937393f-6d17-3722-a46d-bf5b137c8646
2020-12-06 21:57:13.684 [INFO ] org.springframework.context.support.PostProcessorRegistrationDelegate$BeanPostProcessorChecker - Bean 'org.springframework.transaction.annotation.ProxyTransactionManagementConfiguration' of type [org.springframework.transaction.annotation.ProxyTransactionManagementConfiguration] is not eligible for getting processed by all BeanPostProcessors (for example: not eligible for auto-proxying)
2020-12-06 21:57:13.734 [INFO ] org.springframework.context.support.PostProcessorRegistrationDelegate$BeanPostProcessorChecker - Bean 'org.springframework.cloud.autoconfigure.ConfigurationPropertiesRebinderAutoConfiguration' of type [org.springframework.cloud.autoconfigure.ConfigurationPropertiesRebinderAutoConfiguration] is not eligible for getting processed by all BeanPostProcessors (for example: not eligible for auto-proxying)
2020-12-06 21:57:14.111 [INFO ] org.springframework.boot.web.embedded.tomcat.TomcatWebServer - Tomcat initialized with port(s): 8002 (http)
2020-12-06 21:57:14.120 [INFO ] org.apache.coyote.http11.Http11NioProtocol - Initializing ProtocolHandler ["http-nio-8002"]
2020-12-06 21:57:14.121 [INFO ] org.apache.catalina.core.StandardService - Starting service [Tomcat]
2020-12-06 21:57:14.121 [INFO ] org.apache.catalina.core.StandardEngine - Starting Servlet engine: [Apache Tomcat/9.0.27]
2020-12-06 21:57:14.291 [INFO ] org.apache.catalina.core.ContainerBase.[Tomcat].[localhost].[/] - Initializing Spring embedded WebApplicationContext
2020-12-06 21:57:14.565 [INFO ] com.zaxxer.hikari.HikariDataSource - HikariPool-1 - Starting...
2020-12-06 21:57:15.565 [INFO ] com.zaxxer.hikari.HikariDataSource - HikariPool-1 - Start completed.
2020-12-06 21:57:16.253 [INFO ] springfox.documentation.spring.web.PropertySourcedRequestMappingHandlerMapping - Mapped URL path [/v2/api-docs] onto method [springfox.documentation.swagger2.web.Swagger2Controller#getDocumentation(String, HttpServletRequest)]
2020-12-06 21:57:16.284 [INFO ] com.netflix.config.sources.URLConfigurationSource - To enable URLs as dynamic configuration sources, define System property archaius.configurationSource.additionalUrls or make config.properties available on classpath.
2020-12-06 21:57:16.288 [INFO ] com.netflix.config.sources.URLConfigurationSource - To enable URLs as dynamic configuration sources, define System property archaius.configurationSource.additionalUrls or make config.properties available on classpath.
2020-12-06 21:57:16.383 [INFO ] org.springframework.scheduling.concurrent.ThreadPoolTaskExecutor - Initializing ExecutorService 'applicationTaskExecutor'
2020-12-06 21:57:18.275 [INFO ] org.springframework.scheduling.concurrent.ThreadPoolTaskScheduler - Initializing ExecutorService
2020-12-06 21:57:20.025 [INFO ] springfox.documentation.spring.web.plugins.DocumentationPluginsBootstrapper - Context refreshed
2020-12-06 21:57:20.075 [INFO ] springfox.documentation.spring.web.plugins.DocumentationPluginsBootstrapper - Found 1 custom documentation plugin(s)
2020-12-06 21:57:20.143 [INFO ] springfox.documentation.spring.web.scanners.ApiListingReferenceScanner - Scanning for api listing references
2020-12-06 21:57:20.354 [INFO ] springfox.documentation.spring.web.readers.operation.CachingOperationNameGenerator - Generating unique operation named: findAllUsingPOST_1
2020-12-06 21:57:20.378 [INFO ] org.apache.coyote.http11.Http11NioProtocol - Starting ProtocolHandler ["http-nio-8002"]
2020-12-06 21:57:20.398 [INFO ] org.springframework.boot.web.embedded.tomcat.TomcatWebServer - Tomcat started on port(s): 8002 (http) with context path ''
2020-12-06 21:57:20.410 [INFO ] org.springframework.cloud.alibaba.nacos.registry.NacosServiceRegistry - nacos registry, service-manage 192.168.56.1:8002 register finished
2020-12-06 21:57:21.188 [INFO ] com.lmh.manageService.ManageApplication - Started ManageApplication in 12.675 seconds (JVM running for 14.298)
2020-12-06 23:29:15.103 [INFO ] org.springframework.context.support.PostProcessorRegistrationDelegate$BeanPostProcessorChecker - Bean 'org.springframework.cloud.autoconfigure.ConfigurationPropertiesRebinderAutoConfiguration' of type [org.springframework.cloud.autoconfigure.ConfigurationPropertiesRebinderAutoConfiguration] is not eligible for getting processed by all BeanPostProcessors (for example: not eligible for auto-proxying)
2020-12-06 23:29:16.538 [INFO ] com.lmh.manageService.ManageApplication - The following profiles are active: dev
2020-12-06 23:29:18.350 [INFO ] org.springframework.data.repository.config.RepositoryConfigurationDelegate - Multiple Spring Data modules found, entering strict repository configuration mode!
2020-12-06 23:29:18.362 [INFO ] org.springframework.data.repository.config.RepositoryConfigurationDelegate - Bootstrapping Spring Data repositories in DEFAULT mode.
2020-12-06 23:29:18.443 [INFO ] org.springframework.data.repository.config.RepositoryConfigurationDelegate - Finished Spring Data repository scanning in 18ms. Found 0 repository interfaces.
2020-12-06 23:29:18.891 [INFO ] org.springframework.cloud.context.scope.GenericScope - BeanFactory id=f937393f-6d17-3722-a46d-bf5b137c8646
2020-12-06 23:29:19.136 [INFO ] org.springframework.context.support.PostProcessorRegistrationDelegate$BeanPostProcessorChecker - Bean 'org.springframework.transaction.annotation.ProxyTransactionManagementConfiguration' of type [org.springframework.transaction.annotation.ProxyTransactionManagementConfiguration] is not eligible for getting processed by all BeanPostProcessors (for example: not eligible for auto-proxying)
2020-12-06 23:29:19.225 [INFO ] org.springframework.context.support.PostProcessorRegistrationDelegate$BeanPostProcessorChecker - Bean 'org.springframework.cloud.autoconfigure.ConfigurationPropertiesRebinderAutoConfiguration' of type [org.springframework.cloud.autoconfigure.ConfigurationPropertiesRebinderAutoConfiguration] is not eligible for getting processed by all BeanPostProcessors (for example: not eligible for auto-proxying)
2020-12-06 23:29:20.008 [INFO ] org.springframework.boot.web.embedded.tomcat.TomcatWebServer - Tomcat initialized with port(s): 8002 (http)
2020-12-06 23:29:20.029 [INFO ] org.apache.coyote.http11.Http11NioProtocol - Initializing ProtocolHandler ["http-nio-8002"]
2020-12-06 23:29:20.030 [INFO ] org.apache.catalina.core.StandardService - Starting service [Tomcat]
2020-12-06 23:29:20.031 [INFO ] org.apache.catalina.core.StandardEngine - Starting Servlet engine: [Apache Tomcat/9.0.27]
2020-12-06 23:29:20.356 [INFO ] org.apache.catalina.core.ContainerBase.[Tomcat].[localhost].[/] - Initializing Spring embedded WebApplicationContext
2020-12-06 23:29:20.745 [INFO ] com.zaxxer.hikari.HikariDataSource - HikariPool-1 - Starting...
2020-12-06 23:29:21.893 [INFO ] com.zaxxer.hikari.HikariDataSource - HikariPool-1 - Start completed.
2020-12-06 23:29:23.030 [INFO ] springfox.documentation.spring.web.PropertySourcedRequestMappingHandlerMapping - Mapped URL path [/v2/api-docs] onto method [springfox.documentation.swagger2.web.Swagger2Controller#getDocumentation(String, HttpServletRequest)]
2020-12-06 23:29:23.056 [INFO ] com.netflix.config.sources.URLConfigurationSource - To enable URLs as dynamic configuration sources, define System property archaius.configurationSource.additionalUrls or make config.properties available on classpath.
2020-12-06 23:29:23.072 [INFO ] com.netflix.config.sources.URLConfigurationSource - To enable URLs as dynamic configuration sources, define System property archaius.configurationSource.additionalUrls or make config.properties available on classpath.
2020-12-06 23:29:23.201 [INFO ] org.springframework.scheduling.concurrent.ThreadPoolTaskExecutor - Initializing ExecutorService 'applicationTaskExecutor'
2020-12-06 23:29:25.193 [INFO ] org.springframework.scheduling.concurrent.ThreadPoolTaskScheduler - Initializing ExecutorService
2020-12-06 23:29:27.595 [INFO ] springfox.documentation.spring.web.plugins.DocumentationPluginsBootstrapper - Context refreshed
2020-12-06 23:29:27.669 [INFO ] springfox.documentation.spring.web.plugins.DocumentationPluginsBootstrapper - Found 1 custom documentation plugin(s)
2020-12-06 23:29:27.758 [INFO ] springfox.documentation.spring.web.scanners.ApiListingReferenceScanner - Scanning for api listing references
2020-12-06 23:29:27.977 [INFO ] springfox.documentation.spring.web.readers.operation.CachingOperationNameGenerator - Generating unique operation named: findAllUsingPOST_1
2020-12-06 23:29:28.020 [INFO ] org.apache.coyote.http11.Http11NioProtocol - Starting ProtocolHandler ["http-nio-8002"]
2020-12-06 23:29:28.041 [INFO ] org.springframework.boot.web.embedded.tomcat.TomcatWebServer - Tomcat started on port(s): 8002 (http) with context path ''
2020-12-06 23:29:28.054 [INFO ] org.springframework.cloud.alibaba.nacos.registry.NacosServiceRegistry - nacos registry, service-manage 192.168.56.1:8002 register finished
2020-12-06 23:29:28.894 [INFO ] com.lmh.manageService.ManageApplication - Started ManageApplication in 16.101 seconds (JVM running for 18.516)
2020-12-06 23:30:12.975 [INFO ] org.apache.catalina.core.ContainerBase.[Tomcat].[localhost].[/] - Initializing Spring DispatcherServlet 'dispatcherServlet'
